{"/home/runner/workspace/frontend/src/App.minimal.tsx": {"path":"/home/runner/workspace/frontend/src/App.minimal.tsx","statementMap":{"0":{"start":{"line":10,"column":2},"end":{"line":28,"column":4}}},"fnMap":{"0":{"name":"App","decl":{"start":{"line":9,"column":9},"end":{"line":9,"column":12}},"loc":{"start":{"line":9,"column":15},"end":{"line":29,"column":1}},"line":9}},"branchMap":{},"s":{"0":0},"f":{"0":0},"b":{}}
,"/home/runner/workspace/frontend/src/App.tsx": {"path":"/home/runner/workspace/frontend/src/App.tsx","statementMap":{"0":{"start":{"line":18,"column":2},"end":{"line":51,"column":4}}},"fnMap":{"0":{"name":"App","decl":{"start":{"line":17,"column":9},"end":{"line":17,"column":12}},"loc":{"start":{"line":17,"column":15},"end":{"line":52,"column":1}},"line":17}},"branchMap":{},"s":{"0":0},"f":{"0":0},"b":{}}
,"/home/runner/workspace/frontend/src/index.tsx": {"path":"/home/runner/workspace/frontend/src/index.tsx","statementMap":{"0":{"start":{"line":5,"column":13},"end":{"line":7,"column":1}},"1":{"start":{"line":9,"column":0},"end":{"line":13,"column":2}}},"fnMap":{},"branchMap":{},"s":{"0":0,"1":0},"f":{},"b":{}}
,"/home/runner/workspace/frontend/src/components/ConnectionStatus.tsx": {"path":"/home/runner/workspace/frontend/src/components/ConnectionStatus.tsx","statementMap":{"0":{"start":{"line":8,"column":65},"end":{"line":58,"column":1}},"1":{"start":{"line":9,"column":40},"end":{"line":9,"column":55}},"2":{"start":{"line":10,"column":36},"end":{"line":10,"column":50}},"3":{"start":{"line":11,"column":28},"end":{"line":11,"column":57}},"4":{"start":{"line":13,"column":2},"end":{"line":29,"column":9}},"5":{"start":{"line":14,"column":28},"end":{"line":26,"column":5}},"6":{"start":{"line":15,"column":6},"end":{"line":25,"column":7}},"7":{"start":{"line":16,"column":27},"end":{"line":16,"column":65}},"8":{"start":{"line":17,"column":8},"end":{"line":17,"column":47}},"9":{"start":{"line":18,"column":8},"end":{"line":18,"column":23}},"10":{"start":{"line":20,"column":8},"end":{"line":20,"column":64}},"11":{"start":{"line":21,"column":8},"end":{"line":21,"column":80}},"12":{"start":{"line":22,"column":8},"end":{"line":22,"column":30}},"13":{"start":{"line":24,"column":8},"end":{"line":24,"column":28}},"14":{"start":{"line":28,"column":4},"end":{"line":28,"column":22}},"15":{"start":{"line":31,"column":2},"end":{"line":40,"column":3}},"16":{"start":{"line":32,"column":4},"end":{"line":39,"column":6}},"17":{"start":{"line":42,"column":2},"end":{"line":57,"column":4}}},"fnMap":{"0":{"name":"(anonymous_0)","decl":{"start":{"line":8,"column":65},"end":{"line":8,"column":66}},"loc":{"start":{"line":8,"column":83},"end":{"line":58,"column":1}},"line":8},"1":{"name":"(anonymous_1)","decl":{"start":{"line":13,"column":12},"end":{"line":13,"column":13}},"loc":{"start":{"line":13,"column":18},"end":{"line":29,"column":3}},"line":13},"2":{"name":"(anonymous_2)","decl":{"start":{"line":14,"column":28},"end":{"line":14,"column":29}},"loc":{"start":{"line":14,"column":40},"end":{"line":26,"column":5}},"line":14}},"branchMap":{"0":{"loc":{"start":{"line":31,"column":2},"end":{"line":40,"column":3}},"type":"if","locations":[{"start":{"line":31,"column":2},"end":{"line":40,"column":3}},{"start":{},"end":{}}],"line":31},"1":{"loc":{"start":{"line":44,"column":7},"end":{"line":54,"column":7}},"type":"binary-expr","locations":[{"start":{"line":44,"column":7},"end":{"line":44,"column":19}},{"start":{"line":45,"column":8},"end":{"line":53,"column":14}}],"line":44},"2":{"loc":{"start":{"line":49,"column":17},"end":{"line":49,"column":94}},"type":"binary-expr","locations":[{"start":{"line":49,"column":17},"end":{"line":49,"column":22}},{"start":{"line":49,"column":26},"end":{"line":49,"column":94}}],"line":49}},"s":{"0":0,"1":0,"2":0,"3":0,"4":0,"5":0,"6":0,"7":0,"8":0,"9":0,"10":0,"11":0,"12":0,"13":0,"14":0,"15":0,"16":0,"17":0},"f":{"0":0,"1":0,"2":0},"b":{"0":[0,0],"1":[0,0],"2":[0,0]}}
,"/home/runner/workspace/frontend/src/components/DemoMode.tsx": {"path":"/home/runner/workspace/frontend/src/components/DemoMode.tsx","statementMap":{"0":{"start":{"line":8,"column":42},"end":{"line":41,"column":1}},"1":{"start":{"line":9,"column":38},"end":{"line":9,"column":58}},"2":{"start":{"line":11,"column":2},"end":{"line":40,"column":4}},"3":{"start":{"line":29,"column":29},"end":{"line":29,"column":49}}},"fnMap":{"0":{"name":"(anonymous_0)","decl":{"start":{"line":8,"column":42},"end":{"line":8,"column":43}},"loc":{"start":{"line":8,"column":60},"end":{"line":41,"column":1}},"line":8},"1":{"name":"(anonymous_1)","decl":{"start":{"line":29,"column":23},"end":{"line":29,"column":24}},"loc":{"start":{"line":29,"column":29},"end":{"line":29,"column":49}},"line":29}},"branchMap":{"0":{"loc":{"start":{"line":14,"column":7},"end":{"line":36,"column":7}},"type":"binary-expr","locations":[{"start":{"line":14,"column":7},"end":{"line":14,"column":17}},{"start":{"line":15,"column":8},"end":{"line":35,"column":14}}],"line":14}},"s":{"0":0,"1":0,"2":0,"3":0},"f":{"0":0,"1":0},"b":{"0":[0,0]}}
,"/home/runner/workspace/frontend/src/components/ErrorBoundary.tsx": {"path":"/home/runner/workspace/frontend/src/components/ErrorBoundary.tsx","statementMap":{"0":{"start":{"line":13,"column":24},"end":{"line":15,"column":3}},"1":{"start":{"line":18,"column":4},"end":{"line":18,"column":37}},"2":{"start":{"line":22,"column":4},"end":{"line":22,"column":58}},"3":{"start":{"line":26,"column":4},"end":{"line":47,"column":5}},"4":{"start":{"line":27,"column":6},"end":{"line":46,"column":8}},"5":{"start":{"line":38,"column":31},"end":{"line":38,"column":55}},"6":{"start":{"line":49,"column":4},"end":{"line":49,"column":31}}},"fnMap":{"0":{"name":"(anonymous_0)","decl":{"start":{"line":17,"column":2},"end":{"line":17,"column":3}},"loc":{"start":{"line":17,"column":62},"end":{"line":19,"column":3}},"line":17},"1":{"name":"(anonymous_1)","decl":{"start":{"line":21,"column":2},"end":{"line":21,"column":3}},"loc":{"start":{"line":21,"column":63},"end":{"line":23,"column":3}},"line":21},"2":{"name":"(anonymous_2)","decl":{"start":{"line":25,"column":2},"end":{"line":25,"column":3}},"loc":{"start":{"line":25,"column":18},"end":{"line":50,"column":3}},"line":25},"3":{"name":"(anonymous_3)","decl":{"start":{"line":38,"column":25},"end":{"line":38,"column":26}},"loc":{"start":{"line":38,"column":31},"end":{"line":38,"column":55}},"line":38}},"branchMap":{"0":{"loc":{"start":{"line":26,"column":4},"end":{"line":47,"column":5}},"type":"if","locations":[{"start":{"line":26,"column":4},"end":{"line":47,"column":5}},{"start":{},"end":{}}],"line":26}},"s":{"0":0,"1":0,"2":0,"3":0,"4":0,"5":0,"6":0},"f":{"0":0,"1":0,"2":0,"3":0},"b":{"0":[0,0]}}
,"/home/runner/workspace/frontend/src/components/Layout.tsx": {"path":"/home/runner/workspace/frontend/src/components/Layout.tsx","statementMap":{"0":{"start":{"line":20,"column":38},"end":{"line":176,"column":1}},"1":{"start":{"line":21,"column":40},"end":{"line":21,"column":55}},"2":{"start":{"line":22,"column":40},"end":{"line":22,"column":55}},"3":{"start":{"line":23,"column":19},"end":{"line":23,"column":32}},"4":{"start":{"line":24,"column":77},"end":{"line":24,"column":88}},"5":{"start":{"line":26,"column":21},"end":{"line":30,"column":3}},"6":{"start":{"line":32,"column":24},"end":{"line":34,"column":3}},"7":{"start":{"line":33,"column":4},"end":{"line":33,"column":53}},"8":{"start":{"line":36,"column":2},"end":{"line":175,"column":4}},"9":{"start":{"line":40,"column":80},"end":{"line":40,"column":101}},"10":{"start":{"line":45,"column":29},"end":{"line":45,"column":50}},"11":{"start":{"line":53,"column":31},"end":{"line":53,"column":62}},"12":{"start":{"line":54,"column":14},"end":{"line":68,"column":16}},"13":{"start":{"line":63,"column":33},"end":{"line":63,"column":54}},"14":{"start":{"line":85,"column":37},"end":{"line":85,"column":68}},"15":{"start":{"line":86,"column":20},"end":{"line":100,"column":22}},"16":{"start":{"line":116,"column":27},"end":{"line":116,"column":47}},"17":{"start":{"line":129,"column":35},"end":{"line":129,"column":63}},"18":{"start":{"line":143,"column":26},"end":{"line":143,"column":45}},"19":{"start":{"line":144,"column":26},"end":{"line":144,"column":48}}},"fnMap":{"0":{"name":"(anonymous_0)","decl":{"start":{"line":20,"column":38},"end":{"line":20,"column":39}},"loc":{"start":{"line":20,"column":56},"end":{"line":176,"column":1}},"line":20},"1":{"name":"(anonymous_1)","decl":{"start":{"line":32,"column":24},"end":{"line":32,"column":25}},"loc":{"start":{"line":32,"column":42},"end":{"line":34,"column":3}},"line":32},"2":{"name":"(anonymous_2)","decl":{"start":{"line":40,"column":74},"end":{"line":40,"column":75}},"loc":{"start":{"line":40,"column":80},"end":{"line":40,"column":101}},"line":40},"3":{"name":"(anonymous_3)","decl":{"start":{"line":45,"column":23},"end":{"line":45,"column":24}},"loc":{"start":{"line":45,"column":29},"end":{"line":45,"column":50}},"line":45},"4":{"name":"(anonymous_4)","decl":{"start":{"line":52,"column":28},"end":{"line":52,"column":29}},"loc":{"start":{"line":52,"column":38},"end":{"line":69,"column":13}},"line":52},"5":{"name":"(anonymous_5)","decl":{"start":{"line":63,"column":27},"end":{"line":63,"column":28}},"loc":{"start":{"line":63,"column":33},"end":{"line":63,"column":54}},"line":63},"6":{"name":"(anonymous_6)","decl":{"start":{"line":84,"column":34},"end":{"line":84,"column":35}},"loc":{"start":{"line":84,"column":44},"end":{"line":101,"column":19}},"line":84},"7":{"name":"(anonymous_7)","decl":{"start":{"line":116,"column":21},"end":{"line":116,"column":22}},"loc":{"start":{"line":116,"column":27},"end":{"line":116,"column":47}},"line":116},"8":{"name":"(anonymous_8)","decl":{"start":{"line":129,"column":29},"end":{"line":129,"column":30}},"loc":{"start":{"line":129,"column":35},"end":{"line":129,"column":63}},"line":129},"9":{"name":"(anonymous_9)","decl":{"start":{"line":142,"column":33},"end":{"line":142,"column":34}},"loc":{"start":{"line":142,"column":39},"end":{"line":145,"column":25}},"line":142}},"branchMap":{"0":{"loc":{"start":{"line":39,"column":54},"end":{"line":39,"column":86}},"type":"cond-expr","locations":[{"start":{"line":39,"column":68},"end":{"line":39,"column":75}},{"start":{"line":39,"column":78},"end":{"line":39,"column":86}}],"line":39},"1":{"loc":{"start":{"line":59,"column":20},"end":{"line":61,"column":89}},"type":"cond-expr","locations":[{"start":{"line":60,"column":24},"end":{"line":60,"column":47}},{"start":{"line":61,"column":24},"end":{"line":61,"column":89}}],"line":59},"2":{"loc":{"start":{"line":91,"column":28},"end":{"line":93,"column":97}},"type":"cond-expr","locations":[{"start":{"line":92,"column":32},"end":{"line":92,"column":55}},{"start":{"line":93,"column":32},"end":{"line":93,"column":97}}],"line":91},"3":{"loc":{"start":{"line":126,"column":15},"end":{"line":162,"column":15}},"type":"cond-expr","locations":[{"start":{"line":127,"column":16},"end":{"line":153,"column":22}},{"start":{"line":155,"column":16},"end":{"line":161,"column":25}}],"line":126},"4":{"loc":{"start":{"line":139,"column":19},"end":{"line":152,"column":19}},"type":"binary-expr","locations":[{"start":{"line":139,"column":19},"end":{"line":139,"column":30}},{"start":{"line":140,"column":20},"end":{"line":151,"column":26}}],"line":139}},"s":{"0":0,"1":0,"2":0,"3":0,"4":0,"5":0,"6":0,"7":0,"8":0,"9":0,"10":0,"11":0,"12":0,"13":0,"14":0,"15":0,"16":0,"17":0,"18":0,"19":0},"f":{"0":0,"1":0,"2":0,"3":0,"4":0,"5":0,"6":0,"7":0,"8":0,"9":0},"b":{"0":[0,0],"1":[0,0],"2":[0,0],"3":[0,0],"4":[0,0]}}
,"/home/runner/workspace/frontend/src/components/WalletConnection.tsx": {"path":"/home/runner/workspace/frontend/src/components/WalletConnection.tsx","statementMap":{"0":{"start":{"line":6,"column":35},"end":{"line":134,"column":1}},"1":{"start":{"line":7,"column":59},"end":{"line":7,"column":70}},"2":{"start":{"line":8,"column":42},"end":{"line":8,"column":57}},"3":{"start":{"line":10,"column":24},"end":{"line":29,"column":3}},"4":{"start":{"line":11,"column":4},"end":{"line":11,"column":26}},"5":{"start":{"line":12,"column":4},"end":{"line":28,"column":5}},"6":{"start":{"line":13,"column":6},"end":{"line":13,"column":28}},"7":{"start":{"line":14,"column":6},"end":{"line":14,"column":53}},"8":{"start":{"line":16,"column":6},"end":{"line":16,"column":49}},"9":{"start":{"line":18,"column":6},"end":{"line":25,"column":7}},"10":{"start":{"line":19,"column":8},"end":{"line":19,"column":70}},"11":{"start":{"line":20,"column":13},"end":{"line":25,"column":7}},"12":{"start":{"line":21,"column":8},"end":{"line":21,"column":70}},"13":{"start":{"line":22,"column":8},"end":{"line":22,"column":34}},"14":{"start":{"line":24,"column":8},"end":{"line":24,"column":67}},"15":{"start":{"line":27,"column":6},"end":{"line":27,"column":29}},"16":{"start":{"line":31,"column":34},"end":{"line":45,"column":3}},"17":{"start":{"line":32,"column":25},"end":{"line":43,"column":5}},"18":{"start":{"line":44,"column":4},"end":{"line":44,"column":30}},"19":{"start":{"line":47,"column":25},"end":{"line":47,"column":42}},"20":{"start":{"line":49,"column":2},"end":{"line":93,"column":3}},"21":{"start":{"line":50,"column":4},"end":{"line":92,"column":6}},"22":{"start":{"line":95,"column":2},"end":{"line":133,"column":4}}},"fnMap":{"0":{"name":"(anonymous_0)","decl":{"start":{"line":6,"column":35},"end":{"line":6,"column":36}},"loc":{"start":{"line":6,"column":41},"end":{"line":134,"column":1}},"line":6},"1":{"name":"(anonymous_1)","decl":{"start":{"line":10,"column":24},"end":{"line":10,"column":25}},"loc":{"start":{"line":10,"column":36},"end":{"line":29,"column":3}},"line":10},"2":{"name":"(anonymous_2)","decl":{"start":{"line":31,"column":34},"end":{"line":31,"column":35}},"loc":{"start":{"line":31,"column":40},"end":{"line":45,"column":3}},"line":31}},"branchMap":{"0":{"loc":{"start":{"line":18,"column":6},"end":{"line":25,"column":7}},"type":"if","locations":[{"start":{"line":18,"column":6},"end":{"line":25,"column":7}},{"start":{"line":20,"column":13},"end":{"line":25,"column":7}}],"line":18},"1":{"loc":{"start":{"line":20,"column":13},"end":{"line":25,"column":7}},"type":"if","locations":[{"start":{"line":20,"column":13},"end":{"line":25,"column":7}},{"start":{"line":23,"column":13},"end":{"line":25,"column":7}}],"line":20},"2":{"loc":{"start":{"line":20,"column":17},"end":{"line":20,"column":88}},"type":"binary-expr","locations":[{"start":{"line":20,"column":17},"end":{"line":20,"column":54}},{"start":{"line":20,"column":58},"end":{"line":20,"column":88}}],"line":20},"3":{"loc":{"start":{"line":49,"column":2},"end":{"line":93,"column":3}},"type":"if","locations":[{"start":{"line":49,"column":2},"end":{"line":93,"column":3}},{"start":{},"end":{}}],"line":49},"4":{"loc":{"start":{"line":77,"column":15},"end":{"line":87,"column":15}},"type":"cond-expr","locations":[{"start":{"line":78,"column":16},"end":{"line":81,"column":19}},{"start":{"line":83,"column":16},"end":{"line":86,"column":19}}],"line":77},"5":{"loc":{"start":{"line":97,"column":6},"end":{"line":99,"column":87}},"type":"cond-expr","locations":[{"start":{"line":98,"column":10},"end":{"line":98,"column":83}},{"start":{"line":99,"column":10},"end":{"line":99,"column":87}}],"line":97},"6":{"loc":{"start":{"line":102,"column":9},"end":{"line":106,"column":9}},"type":"cond-expr","locations":[{"start":{"line":103,"column":10},"end":{"line":103,"column":60}},{"start":{"line":105,"column":10},"end":{"line":105,"column":61}}],"line":102},"7":{"loc":{"start":{"line":109,"column":12},"end":{"line":109,"column":106}},"type":"cond-expr","locations":[{"start":{"line":109,"column":29},"end":{"line":109,"column":65}},{"start":{"line":109,"column":68},"end":{"line":109,"column":106}}],"line":109},"8":{"loc":{"start":{"line":111,"column":13},"end":{"line":111,"column":76}},"type":"cond-expr","locations":[{"start":{"line":111,"column":30},"end":{"line":111,"column":58}},{"start":{"line":111,"column":61},"end":{"line":111,"column":76}}],"line":111},"9":{"loc":{"start":{"line":114,"column":12},"end":{"line":114,"column":106}},"type":"cond-expr","locations":[{"start":{"line":114,"column":29},"end":{"line":114,"column":65}},{"start":{"line":114,"column":68},"end":{"line":114,"column":106}}],"line":114},"10":{"loc":{"start":{"line":116,"column":13},"end":{"line":118,"column":78}},"type":"cond-expr","locations":[{"start":{"line":117,"column":16},"end":{"line":117,"column":73}},{"start":{"line":118,"column":16},"end":{"line":118,"column":78}}],"line":116},"11":{"loc":{"start":{"line":122,"column":9},"end":{"line":130,"column":9}},"type":"binary-expr","locations":[{"start":{"line":122,"column":9},"end":{"line":122,"column":24}},{"start":{"line":123,"column":10},"end":{"line":129,"column":19}}],"line":122}},"s":{"0":0,"1":0,"2":0,"3":0,"4":0,"5":0,"6":0,"7":0,"8":0,"9":0,"10":0,"11":0,"12":0,"13":0,"14":0,"15":0,"16":0,"17":0,"18":0,"19":0,"20":0,"21":0,"22":0},"f":{"0":0,"1":0,"2":0},"b":{"0":[0,0],"1":[0,0],"2":[0,0],"3":[0,0],"4":[0,0],"5":[0,0],"6":[0,0],"7":[0,0],"8":[0,0],"9":[0,0],"10":[0,0],"11":[0,0]}}
,"/home/runner/workspace/frontend/src/components/layout/AppBar.tsx": {"path":"/home/runner/workspace/frontend/src/components/layout/AppBar.tsx","statementMap":{"0":{"start":{"line":9,"column":45},"end":{"line":141,"column":1}},"1":{"start":{"line":10,"column":77},"end":{"line":10,"column":88}},"2":{"start":{"line":11,"column":33},"end":{"line":11,"column":43}},"3":{"start":{"line":13,"column":25},"end":{"line":21,"column":3}},"4":{"start":{"line":14,"column":45},"end":{"line":19,"column":5}},"5":{"start":{"line":20,"column":4},"end":{"line":20,"column":70}},"6":{"start":{"line":23,"column":24},"end":{"line":25,"column":3}},"7":{"start":{"line":24,"column":4},"end":{"line":24,"column":59}},"8":{"start":{"line":27,"column":26},"end":{"line":38,"column":3}},"9":{"start":{"line":28,"column":4},"end":{"line":37,"column":5}},"10":{"start":{"line":30,"column":8},"end":{"line":30,"column":87}},"11":{"start":{"line":32,"column":8},"end":{"line":32,"column":79}},"12":{"start":{"line":34,"column":8},"end":{"line":34,"column":79}},"13":{"start":{"line":36,"column":8},"end":{"line":36,"column":87}},"14":{"start":{"line":40,"column":2},"end":{"line":140,"column":4}}},"fnMap":{"0":{"name":"(anonymous_0)","decl":{"start":{"line":9,"column":45},"end":{"line":9,"column":46}},"loc":{"start":{"line":9,"column":70},"end":{"line":141,"column":1}},"line":9},"1":{"name":"(anonymous_1)","decl":{"start":{"line":13,"column":25},"end":{"line":13,"column":26}},"loc":{"start":{"line":13,"column":53},"end":{"line":21,"column":3}},"line":13},"2":{"name":"(anonymous_2)","decl":{"start":{"line":23,"column":24},"end":{"line":23,"column":25}},"loc":{"start":{"line":23,"column":45},"end":{"line":25,"column":3}},"line":23},"3":{"name":"(anonymous_3)","decl":{"start":{"line":27,"column":26},"end":{"line":27,"column":27}},"loc":{"start":{"line":27,"column":47},"end":{"line":38,"column":3}},"line":27}},"branchMap":{"0":{"loc":{"start":{"line":20,"column":11},"end":{"line":20,"column":69}},"type":"cond-expr","locations":[{"start":{"line":20,"column":21},"end":{"line":20,"column":51}},{"start":{"line":20,"column":54},"end":{"line":20,"column":69}}],"line":20},"1":{"loc":{"start":{"line":20,"column":21},"end":{"line":20,"column":51}},"type":"binary-expr","locations":[{"start":{"line":20,"column":21},"end":{"line":20,"column":38}},{"start":{"line":20,"column":42},"end":{"line":20,"column":51}}],"line":20},"2":{"loc":{"start":{"line":28,"column":4},"end":{"line":37,"column":5}},"type":"switch","locations":[{"start":{"line":29,"column":6},"end":{"line":30,"column":87}},{"start":{"line":31,"column":6},"end":{"line":32,"column":79}},{"start":{"line":33,"column":6},"end":{"line":34,"column":79}},{"start":{"line":35,"column":6},"end":{"line":36,"column":87}}],"line":28},"3":{"loc":{"start":{"line":63,"column":11},"end":{"line":67,"column":11}},"type":"binary-expr","locations":[{"start":{"line":63,"column":11},"end":{"line":63,"column":22}},{"start":{"line":64,"column":12},"end":{"line":66,"column":18}}],"line":63},"4":{"loc":{"start":{"line":87,"column":37},"end":{"line":87,"column":73}},"type":"cond-expr","locations":[{"start":{"line":87,"column":57},"end":{"line":87,"column":63}},{"start":{"line":87,"column":66},"end":{"line":87,"column":73}}],"line":87},"5":{"loc":{"start":{"line":89,"column":13},"end":{"line":97,"column":13}},"type":"cond-expr","locations":[{"start":{"line":90,"column":14},"end":{"line":92,"column":20}},{"start":{"line":94,"column":14},"end":{"line":96,"column":20}}],"line":89},"6":{"loc":{"start":{"line":101,"column":11},"end":{"line":123,"column":11}},"type":"cond-expr","locations":[{"start":{"line":102,"column":12},"end":{"line":115,"column":18}},{"start":{"line":117,"column":12},"end":{"line":122,"column":21}}],"line":101},"7":{"loc":{"start":{"line":106,"column":19},"end":{"line":106,"column":52}},"type":"binary-expr","locations":[{"start":{"line":106,"column":19},"end":{"line":106,"column":26}},{"start":{"line":106,"column":30},"end":{"line":106,"column":52}}],"line":106},"8":{"loc":{"start":{"line":126,"column":11},"end":{"line":136,"column":11}},"type":"binary-expr","locations":[{"start":{"line":126,"column":11},"end":{"line":126,"column":22}},{"start":{"line":127,"column":12},"end":{"line":135,"column":18}}],"line":126},"9":{"loc":{"start":{"line":131,"column":21},"end":{"line":131,"column":71}},"type":"cond-expr","locations":[{"start":{"line":131,"column":31},"end":{"line":131,"column":64}},{"start":{"line":131,"column":67},"end":{"line":131,"column":71}}],"line":131}},"s":{"0":0,"1":0,"2":0,"3":0,"4":0,"5":0,"6":0,"7":0,"8":0,"9":0,"10":0,"11":0,"12":0,"13":0,"14":0},"f":{"0":0,"1":0,"2":0,"3":0},"b":{"0":[0,0],"1":[0,0],"2":[0,0,0,0],"3":[0,0],"4":[0,0],"5":[0,0],"6":[0,0],"7":[0,0],"8":[0,0],"9":[0,0]}}
,"/home/runner/workspace/frontend/src/components/layout/MainLayout.tsx": {"path":"/home/runner/workspace/frontend/src/components/layout/MainLayout.tsx","statementMap":{"0":{"start":{"line":9,"column":46},"end":{"line":216,"column":1}},"1":{"start":{"line":10,"column":40},"end":{"line":10,"column":55}},"2":{"start":{"line":11,"column":34},"end":{"line":11,"column":49}},"3":{"start":{"line":12,"column":19},"end":{"line":12,"column":32}},"4":{"start":{"line":15,"column":2},"end":{"line":21,"column":9}},"5":{"start":{"line":16,"column":26},"end":{"line":16,"column":69}},"6":{"start":{"line":17,"column":4},"end":{"line":17,"column":31}},"7":{"start":{"line":18,"column":4},"end":{"line":20,"column":5}},"8":{"start":{"line":19,"column":6},"end":{"line":19,"column":53}},"9":{"start":{"line":24,"column":25},"end":{"line":34,"column":3}},"10":{"start":{"line":25,"column":24},"end":{"line":25,"column":33}},"11":{"start":{"line":26,"column":4},"end":{"line":26,"column":29}},"12":{"start":{"line":27,"column":4},"end":{"line":27,"column":61}},"13":{"start":{"line":29,"column":4},"end":{"line":33,"column":5}},"14":{"start":{"line":30,"column":6},"end":{"line":30,"column":53}},"15":{"start":{"line":32,"column":6},"end":{"line":32,"column":56}},"16":{"start":{"line":36,"column":21},"end":{"line":40,"column":3}},"17":{"start":{"line":42,"column":2},"end":{"line":215,"column":4}},"18":{"start":{"line":59,"column":27},"end":{"line":59,"column":36}},"19":{"start":{"line":60,"column":14},"end":{"line":77,"column":16}},"20":{"start":{"line":104,"column":79},"end":{"line":104,"column":100}},"21":{"start":{"line":112,"column":29},"end":{"line":112,"column":50}},"22":{"start":{"line":132,"column":29},"end":{"line":132,"column":38}},"23":{"start":{"line":133,"column":16},"end":{"line":151,"column":18}},"24":{"start":{"line":137,"column":35},"end":{"line":137,"column":56}},"25":{"start":{"line":183,"column":29},"end":{"line":183,"column":49}}},"fnMap":{"0":{"name":"(anonymous_0)","decl":{"start":{"line":9,"column":46},"end":{"line":9,"column":47}},"loc":{"start":{"line":9,"column":64},"end":{"line":216,"column":1}},"line":9},"1":{"name":"(anonymous_1)","decl":{"start":{"line":15,"column":12},"end":{"line":15,"column":13}},"loc":{"start":{"line":15,"column":18},"end":{"line":21,"column":3}},"line":15},"2":{"name":"(anonymous_2)","decl":{"start":{"line":24,"column":25},"end":{"line":24,"column":26}},"loc":{"start":{"line":24,"column":31},"end":{"line":34,"column":3}},"line":24},"3":{"name":"(anonymous_3)","decl":{"start":{"line":58,"column":28},"end":{"line":58,"column":29}},"loc":{"start":{"line":58,"column":38},"end":{"line":78,"column":13}},"line":58},"4":{"name":"(anonymous_4)","decl":{"start":{"line":104,"column":73},"end":{"line":104,"column":74}},"loc":{"start":{"line":104,"column":79},"end":{"line":104,"column":100}},"line":104},"5":{"name":"(anonymous_5)","decl":{"start":{"line":112,"column":23},"end":{"line":112,"column":24}},"loc":{"start":{"line":112,"column":29},"end":{"line":112,"column":50}},"line":112},"6":{"name":"(anonymous_6)","decl":{"start":{"line":131,"column":30},"end":{"line":131,"column":31}},"loc":{"start":{"line":131,"column":40},"end":{"line":152,"column":15}},"line":131},"7":{"name":"(anonymous_7)","decl":{"start":{"line":137,"column":29},"end":{"line":137,"column":30}},"loc":{"start":{"line":137,"column":35},"end":{"line":137,"column":56}},"line":137},"8":{"name":"(anonymous_8)","decl":{"start":{"line":183,"column":23},"end":{"line":183,"column":24}},"loc":{"start":{"line":183,"column":29},"end":{"line":183,"column":49}},"line":183}},"branchMap":{"0":{"loc":{"start":{"line":18,"column":4},"end":{"line":20,"column":5}},"type":"if","locations":[{"start":{"line":18,"column":4},"end":{"line":20,"column":5}},{"start":{},"end":{}}],"line":18},"1":{"loc":{"start":{"line":29,"column":4},"end":{"line":33,"column":5}},"type":"if","locations":[{"start":{"line":29,"column":4},"end":{"line":33,"column":5}},{"start":{"line":31,"column":11},"end":{"line":33,"column":5}}],"line":29},"2":{"loc":{"start":{"line":65,"column":20},"end":{"line":67,"column":153}},"type":"cond-expr","locations":[{"start":{"line":66,"column":24},"end":{"line":66,"column":47}},{"start":{"line":67,"column":24},"end":{"line":67,"column":153}}],"line":65},"3":{"loc":{"start":{"line":72,"column":22},"end":{"line":72,"column":103}},"type":"cond-expr","locations":[{"start":{"line":72,"column":37},"end":{"line":72,"column":49}},{"start":{"line":72,"column":52},"end":{"line":72,"column":103}}],"line":72},"4":{"loc":{"start":{"line":85,"column":15},"end":{"line":95,"column":15}},"type":"cond-expr","locations":[{"start":{"line":86,"column":16},"end":{"line":89,"column":19}},{"start":{"line":91,"column":16},"end":{"line":94,"column":19}}],"line":85},"5":{"loc":{"start":{"line":102,"column":35},"end":{"line":102,"column":79}},"type":"cond-expr","locations":[{"start":{"line":102,"column":49},"end":{"line":102,"column":74}},{"start":{"line":102,"column":77},"end":{"line":102,"column":79}}],"line":102},"6":{"loc":{"start":{"line":103,"column":9},"end":{"line":105,"column":9}},"type":"binary-expr","locations":[{"start":{"line":103,"column":9},"end":{"line":103,"column":20}},{"start":{"line":104,"column":10},"end":{"line":104,"column":104}}],"line":103},"7":{"loc":{"start":{"line":108,"column":10},"end":{"line":108,"column":61}},"type":"cond-expr","locations":[{"start":{"line":108,"column":24},"end":{"line":108,"column":39}},{"start":{"line":108,"column":42},"end":{"line":108,"column":61}}],"line":108},"8":{"loc":{"start":{"line":139,"column":22},"end":{"line":141,"column":155}},"type":"cond-expr","locations":[{"start":{"line":140,"column":26},"end":{"line":140,"column":49}},{"start":{"line":141,"column":26},"end":{"line":141,"column":155}}],"line":139},"9":{"loc":{"start":{"line":146,"column":24},"end":{"line":146,"column":105}},"type":"cond-expr","locations":[{"start":{"line":146,"column":39},"end":{"line":146,"column":51}},{"start":{"line":146,"column":54},"end":{"line":146,"column":105}}],"line":146},"10":{"loc":{"start":{"line":161,"column":15},"end":{"line":171,"column":15}},"type":"cond-expr","locations":[{"start":{"line":162,"column":16},"end":{"line":165,"column":19}},{"start":{"line":167,"column":16},"end":{"line":170,"column":19}}],"line":161},"11":{"loc":{"start":{"line":200,"column":15},"end":{"line":200,"column":84}},"type":"cond-expr","locations":[{"start":{"line":200,"column":26},"end":{"line":200,"column":53}},{"start":{"line":200,"column":56},"end":{"line":200,"column":84}}],"line":200}},"s":{"0":0,"1":0,"2":0,"3":0,"4":0,"5":0,"6":0,"7":0,"8":0,"9":0,"10":0,"11":0,"12":0,"13":0,"14":0,"15":0,"16":0,"17":0,"18":0,"19":0,"20":0,"21":0,"22":0,"23":0,"24":0,"25":0},"f":{"0":0,"1":0,"2":0,"3":0,"4":0,"5":0,"6":0,"7":0,"8":0},"b":{"0":[0,0],"1":[0,0],"2":[0,0],"3":[0,0],"4":[0,0],"5":[0,0],"6":[0,0],"7":[0,0],"8":[0,0],"9":[0,0],"10":[0,0],"11":[0,0]}}
,"/home/runner/workspace/frontend/src/components/layout/Navigation.tsx": {"path":"/home/runner/workspace/frontend/src/components/layout/Navigation.tsx","statementMap":{"0":{"start":{"line":9,"column":53},"end":{"line":128,"column":1}},"1":{"start":{"line":10,"column":19},"end":{"line":10,"column":32}},"2":{"start":{"line":12,"column":26},"end":{"line":51,"column":3}},"3":{"start":{"line":53,"column":2},"end":{"line":127,"column":4}},"4":{"start":{"line":78,"column":29},"end":{"line":78,"column":60}},"5":{"start":{"line":79,"column":12},"end":{"line":97,"column":14}},"6":{"start":{"line":106,"column":29},"end":{"line":106,"column":60}},"7":{"start":{"line":107,"column":12},"end":{"line":122,"column":14}}},"fnMap":{"0":{"name":"(anonymous_0)","decl":{"start":{"line":9,"column":53},"end":{"line":9,"column":54}},"loc":{"start":{"line":9,"column":92},"end":{"line":128,"column":1}},"line":9},"1":{"name":"(anonymous_1)","decl":{"start":{"line":77,"column":31},"end":{"line":77,"column":32}},"loc":{"start":{"line":77,"column":41},"end":{"line":98,"column":11}},"line":77},"2":{"name":"(anonymous_2)","decl":{"start":{"line":105,"column":31},"end":{"line":105,"column":32}},"loc":{"start":{"line":105,"column":41},"end":{"line":123,"column":11}},"line":105}},"branchMap":{"0":{"loc":{"start":{"line":57,"column":8},"end":{"line":57,"column":37}},"type":"cond-expr","locations":[{"start":{"line":57,"column":22},"end":{"line":57,"column":28}},{"start":{"line":57,"column":31},"end":{"line":57,"column":37}}],"line":57},"1":{"loc":{"start":{"line":60,"column":11},"end":{"line":64,"column":11}},"type":"binary-expr","locations":[{"start":{"line":60,"column":11},"end":{"line":60,"column":23}},{"start":{"line":61,"column":12},"end":{"line":63,"column":17}}],"line":60},"2":{"loc":{"start":{"line":68,"column":24},"end":{"line":68,"column":81}},"type":"cond-expr","locations":[{"start":{"line":68,"column":38},"end":{"line":68,"column":57}},{"start":{"line":68,"column":60},"end":{"line":68,"column":81}}],"line":68},"3":{"loc":{"start":{"line":71,"column":84},"end":{"line":71,"column":160}},"type":"cond-expr","locations":[{"start":{"line":71,"column":98},"end":{"line":71,"column":125}},{"start":{"line":71,"column":128},"end":{"line":71,"column":160}}],"line":71},"4":{"loc":{"start":{"line":84,"column":18},"end":{"line":86,"column":97}},"type":"cond-expr","locations":[{"start":{"line":85,"column":22},"end":{"line":85,"column":87}},{"start":{"line":86,"column":22},"end":{"line":86,"column":97}}],"line":84},"5":{"loc":{"start":{"line":88,"column":23},"end":{"line":88,"column":59}},"type":"cond-expr","locations":[{"start":{"line":88,"column":37},"end":{"line":88,"column":47}},{"start":{"line":88,"column":50},"end":{"line":88,"column":59}}],"line":88},"6":{"loc":{"start":{"line":90,"column":36},"end":{"line":90,"column":118}},"type":"cond-expr","locations":[{"start":{"line":90,"column":47},"end":{"line":90,"column":81}},{"start":{"line":90,"column":84},"end":{"line":90,"column":118}}],"line":90},"7":{"loc":{"start":{"line":93,"column":17},"end":{"line":95,"column":17}},"type":"binary-expr","locations":[{"start":{"line":93,"column":17},"end":{"line":93,"column":29}},{"start":{"line":94,"column":18},"end":{"line":94,"column":72}}],"line":93},"8":{"loc":{"start":{"line":112,"column":18},"end":{"line":114,"column":56}},"type":"cond-expr","locations":[{"start":{"line":113,"column":22},"end":{"line":113,"column":56}},{"start":{"line":114,"column":22},"end":{"line":114,"column":56}}],"line":112}},"s":{"0":0,"1":0,"2":0,"3":0,"4":0,"5":0,"6":0,"7":0},"f":{"0":0,"1":0,"2":0},"b":{"0":[0,0],"1":[0,0],"2":[0,0],"3":[0,0],"4":[0,0],"5":[0,0],"6":[0,0],"7":[0,0],"8":[0,0]}}
,"/home/runner/workspace/frontend/src/components/modals/DisputeModal.tsx": {"path":"/home/runner/workspace/frontend/src/components/modals/DisputeModal.tsx","statementMap":{"0":{"start":{"line":12,"column":50},"end":{"line":218,"column":1}},"1":{"start":{"line":18,"column":30},"end":{"line":18,"column":42}},"2":{"start":{"line":19,"column":40},"end":{"line":19,"column":52}},"3":{"start":{"line":20,"column":34},"end":{"line":20,"column":54}},"4":{"start":{"line":21,"column":32},"end":{"line":21,"column":47}},"5":{"start":{"line":23,"column":25},"end":{"line":32,"column":3}},"6":{"start":{"line":34,"column":27},"end":{"line":37,"column":3}},"7":{"start":{"line":35,"column":18},"end":{"line":35,"column":54}},"8":{"start":{"line":36,"column":4},"end":{"line":36,"column":45}},"9":{"start":{"line":36,"column":24},"end":{"line":36,"column":43}},"10":{"start":{"line":39,"column":21},"end":{"line":41,"column":3}},"11":{"start":{"line":40,"column":4},"end":{"line":40,"column":60}},"12":{"start":{"line":40,"column":24},"end":{"line":40,"column":58}},"13":{"start":{"line":40,"column":46},"end":{"line":40,"column":57}},"14":{"start":{"line":43,"column":23},"end":{"line":63,"column":3}},"15":{"start":{"line":44,"column":4},"end":{"line":44,"column":23}},"16":{"start":{"line":46,"column":4},"end":{"line":49,"column":5}},"17":{"start":{"line":47,"column":6},"end":{"line":47,"column":64}},"18":{"start":{"line":48,"column":6},"end":{"line":48,"column":13}},"19":{"start":{"line":51,"column":4},"end":{"line":51,"column":21}},"20":{"start":{"line":52,"column":4},"end":{"line":62,"column":5}},"21":{"start":{"line":53,"column":6},"end":{"line":53,"column":52}},"22":{"start":{"line":54,"column":6},"end":{"line":54,"column":20}},"23":{"start":{"line":55,"column":6},"end":{"line":55,"column":25}},"24":{"start":{"line":56,"column":6},"end":{"line":56,"column":22}},"25":{"start":{"line":57,"column":6},"end":{"line":57,"column":16}},"26":{"start":{"line":59,"column":6},"end":{"line":59,"column":56}},"27":{"start":{"line":61,"column":6},"end":{"line":61,"column":24}},"28":{"start":{"line":65,"column":2},"end":{"line":65,"column":27}},"29":{"start":{"line":65,"column":15},"end":{"line":65,"column":27}},"30":{"start":{"line":67,"column":2},"end":{"line":217,"column":4}},"31":{"start":{"line":93,"column":33},"end":{"line":93,"column":58}},"32":{"start":{"line":99,"column":18},"end":{"line":101,"column":27}},"33":{"start":{"line":112,"column":33},"end":{"line":112,"column":63}},"34":{"start":{"line":143,"column":35},"end":{"line":143,"column":86}},"35":{"start":{"line":157,"column":20},"end":{"line":175,"column":26}},"36":{"start":{"line":170,"column":39},"end":{"line":170,"column":56}}},"fnMap":{"0":{"name":"(anonymous_0)","decl":{"start":{"line":12,"column":50},"end":{"line":12,"column":51}},"loc":{"start":{"line":17,"column":6},"end":{"line":218,"column":1}},"line":17},"1":{"name":"(anonymous_1)","decl":{"start":{"line":34,"column":27},"end":{"line":34,"column":28}},"loc":{"start":{"line":34,"column":75},"end":{"line":37,"column":3}},"line":34},"2":{"name":"(anonymous_2)","decl":{"start":{"line":36,"column":16},"end":{"line":36,"column":17}},"loc":{"start":{"line":36,"column":24},"end":{"line":36,"column":43}},"line":36},"3":{"name":"(anonymous_3)","decl":{"start":{"line":39,"column":21},"end":{"line":39,"column":22}},"loc":{"start":{"line":39,"column":40},"end":{"line":41,"column":3}},"line":39},"4":{"name":"(anonymous_4)","decl":{"start":{"line":40,"column":16},"end":{"line":40,"column":17}},"loc":{"start":{"line":40,"column":24},"end":{"line":40,"column":58}},"line":40},"5":{"name":"(anonymous_5)","decl":{"start":{"line":40,"column":36},"end":{"line":40,"column":37}},"loc":{"start":{"line":40,"column":46},"end":{"line":40,"column":57}},"line":40},"6":{"name":"(anonymous_6)","decl":{"start":{"line":43,"column":23},"end":{"line":43,"column":24}},"loc":{"start":{"line":43,"column":53},"end":{"line":63,"column":3}},"line":43},"7":{"name":"(anonymous_7)","decl":{"start":{"line":93,"column":26},"end":{"line":93,"column":27}},"loc":{"start":{"line":93,"column":33},"end":{"line":93,"column":58}},"line":93},"8":{"name":"(anonymous_8)","decl":{"start":{"line":98,"column":36},"end":{"line":98,"column":37}},"loc":{"start":{"line":99,"column":18},"end":{"line":101,"column":27}},"line":99},"9":{"name":"(anonymous_9)","decl":{"start":{"line":112,"column":26},"end":{"line":112,"column":27}},"loc":{"start":{"line":112,"column":33},"end":{"line":112,"column":63}},"line":112},"10":{"name":"(anonymous_10)","decl":{"start":{"line":143,"column":29},"end":{"line":143,"column":30}},"loc":{"start":{"line":143,"column":35},"end":{"line":143,"column":86}},"line":143},"11":{"name":"(anonymous_11)","decl":{"start":{"line":156,"column":32},"end":{"line":156,"column":33}},"loc":{"start":{"line":157,"column":20},"end":{"line":175,"column":26}},"line":157},"12":{"name":"(anonymous_12)","decl":{"start":{"line":170,"column":33},"end":{"line":170,"column":34}},"loc":{"start":{"line":170,"column":39},"end":{"line":170,"column":56}},"line":170}},"branchMap":{"0":{"loc":{"start":{"line":35,"column":29},"end":{"line":35,"column":53}},"type":"binary-expr","locations":[{"start":{"line":35,"column":29},"end":{"line":35,"column":47}},{"start":{"line":35,"column":51},"end":{"line":35,"column":53}}],"line":35},"1":{"loc":{"start":{"line":46,"column":4},"end":{"line":49,"column":5}},"type":"if","locations":[{"start":{"line":46,"column":4},"end":{"line":49,"column":5}},{"start":{},"end":{}}],"line":46},"2":{"loc":{"start":{"line":46,"column":8},"end":{"line":46,"column":38}},"type":"binary-expr","locations":[{"start":{"line":46,"column":8},"end":{"line":46,"column":15}},{"start":{"line":46,"column":19},"end":{"line":46,"column":38}}],"line":46},"3":{"loc":{"start":{"line":65,"column":2},"end":{"line":65,"column":27}},"type":"if","locations":[{"start":{"line":65,"column":2},"end":{"line":65,"column":27}},{"start":{},"end":{}}],"line":65},"4":{"loc":{"start":{"line":151,"column":15},"end":{"line":178,"column":15}},"type":"binary-expr","locations":[{"start":{"line":151,"column":15},"end":{"line":151,"column":34}},{"start":{"line":152,"column":16},"end":{"line":177,"column":22}}],"line":151},"5":{"loc":{"start":{"line":208,"column":26},"end":{"line":208,"column":71}},"type":"binary-expr","locations":[{"start":{"line":208,"column":26},"end":{"line":208,"column":33}},{"start":{"line":208,"column":37},"end":{"line":208,"column":44}},{"start":{"line":208,"column":48},"end":{"line":208,"column":71}}],"line":208},"6":{"loc":{"start":{"line":210,"column":17},"end":{"line":210,"column":61}},"type":"cond-expr","locations":[{"start":{"line":210,"column":27},"end":{"line":210,"column":42}},{"start":{"line":210,"column":45},"end":{"line":210,"column":61}}],"line":210}},"s":{"0":0,"1":0,"2":0,"3":0,"4":0,"5":0,"6":0,"7":0,"8":0,"9":0,"10":0,"11":0,"12":0,"13":0,"14":0,"15":0,"16":0,"17":0,"18":0,"19":0,"20":0,"21":0,"22":0,"23":0,"24":0,"25":0,"26":0,"27":0,"28":0,"29":0,"30":0,"31":0,"32":0,"33":0,"34":0,"35":0,"36":0},"f":{"0":0,"1":0,"2":0,"3":0,"4":0,"5":0,"6":0,"7":0,"8":0,"9":0,"10":0,"11":0,"12":0},"b":{"0":[0,0],"1":[0,0],"2":[0,0],"3":[0,0],"4":[0,0],"5":[0,0,0],"6":[0,0]}}
,"/home/runner/workspace/frontend/src/components/ui/AccessibleButton.tsx": {"path":"/home/runner/workspace/frontend/src/components/ui/AccessibleButton.tsx","statementMap":{"0":{"start":{"line":17,"column":58},"end":{"line":124,"column":1}},"1":{"start":{"line":29,"column":21},"end":{"line":34,"column":3}},"2":{"start":{"line":36,"column":24},"end":{"line":62,"column":3}},"3":{"start":{"line":64,"column":21},"end":{"line":68,"column":3}},"4":{"start":{"line":70,"column":28},"end":{"line":75,"column":31}},"5":{"start":{"line":77,"column":2},"end":{"line":123,"column":4}}},"fnMap":{"0":{"name":"(anonymous_0)","decl":{"start":{"line":17,"column":58},"end":{"line":17,"column":59}},"loc":{"start":{"line":28,"column":6},"end":{"line":124,"column":1}},"line":28}},"branchMap":{"0":{"loc":{"start":{"line":18,"column":2},"end":{"line":18,"column":21}},"type":"default-arg","locations":[{"start":{"line":18,"column":12},"end":{"line":18,"column":21}}],"line":18},"1":{"loc":{"start":{"line":19,"column":2},"end":{"line":19,"column":13}},"type":"default-arg","locations":[{"start":{"line":19,"column":9},"end":{"line":19,"column":13}}],"line":19},"2":{"loc":{"start":{"line":20,"column":2},"end":{"line":20,"column":17}},"type":"default-arg","locations":[{"start":{"line":20,"column":12},"end":{"line":20,"column":17}}],"line":20},"3":{"loc":{"start":{"line":26,"column":2},"end":{"line":26,"column":16}},"type":"default-arg","locations":[{"start":{"line":26,"column":14},"end":{"line":26,"column":16}}],"line":26},"4":{"loc":{"start":{"line":80,"column":16},"end":{"line":80,"column":35}},"type":"binary-expr","locations":[{"start":{"line":80,"column":16},"end":{"line":80,"column":24}},{"start":{"line":80,"column":28},"end":{"line":80,"column":35}}],"line":80},"5":{"loc":{"start":{"line":84,"column":7},"end":{"line":105,"column":7}},"type":"binary-expr","locations":[{"start":{"line":84,"column":7},"end":{"line":84,"column":14}},{"start":{"line":85,"column":8},"end":{"line":104,"column":14}}],"line":84},"6":{"loc":{"start":{"line":107,"column":7},"end":{"line":111,"column":7}},"type":"binary-expr","locations":[{"start":{"line":107,"column":7},"end":{"line":107,"column":15}},{"start":{"line":107,"column":19},"end":{"line":107,"column":27}},{"start":{"line":108,"column":8},"end":{"line":110,"column":15}}],"line":107},"7":{"loc":{"start":{"line":114,"column":9},"end":{"line":114,"column":56}},"type":"cond-expr","locations":[{"start":{"line":114,"column":34},"end":{"line":114,"column":45}},{"start":{"line":114,"column":48},"end":{"line":114,"column":56}}],"line":114},"8":{"loc":{"start":{"line":114,"column":9},"end":{"line":114,"column":31}},"type":"binary-expr","locations":[{"start":{"line":114,"column":9},"end":{"line":114,"column":16}},{"start":{"line":114,"column":20},"end":{"line":114,"column":31}}],"line":114},"9":{"loc":{"start":{"line":117,"column":7},"end":{"line":121,"column":7}},"type":"binary-expr","locations":[{"start":{"line":117,"column":7},"end":{"line":117,"column":15}},{"start":{"line":117,"column":19},"end":{"line":117,"column":28}},{"start":{"line":118,"column":8},"end":{"line":120,"column":15}}],"line":117}},"s":{"0":0,"1":0,"2":0,"3":0,"4":0,"5":0},"f":{"0":0},"b":{"0":[0],"1":[0],"2":[0],"3":[0],"4":[0,0],"5":[0,0],"6":[0,0,0],"7":[0,0],"8":[0,0],"9":[0,0,0]}}
,"/home/runner/workspace/frontend/src/components/ui/AccessibleModal.tsx": {"path":"/home/runner/workspace/frontend/src/components/ui/AccessibleModal.tsx","statementMap":{"0":{"start":{"line":16,"column":56},"end":{"line":155,"column":1}},"1":{"start":{"line":26,"column":19},"end":{"line":26,"column":47}},"2":{"start":{"line":27,"column":18},"end":{"line":27,"column":61}},"3":{"start":{"line":28,"column":24},"end":{"line":28,"column":73}},"4":{"start":{"line":29,"column":24},"end":{"line":29,"column":56}},"5":{"start":{"line":32,"column":22},"end":{"line":37,"column":3}},"6":{"start":{"line":39,"column":2},"end":{"line":73,"column":31}},"7":{"start":{"line":40,"column":4},"end":{"line":72,"column":5}},"8":{"start":{"line":42,"column":6},"end":{"line":42,"column":68}},"9":{"start":{"line":45,"column":6},"end":{"line":45,"column":46}},"10":{"start":{"line":48,"column":6},"end":{"line":50,"column":14}},"11":{"start":{"line":49,"column":8},"end":{"line":49,"column":34}},"12":{"start":{"line":53,"column":31},"end":{"line":55,"column":18}},"13":{"start":{"line":57,"column":28},"end":{"line":57,"column":68}},"14":{"start":{"line":60,"column":6},"end":{"line":60,"column":64}},"15":{"start":{"line":62,"column":6},"end":{"line":71,"column":8}},"16":{"start":{"line":63,"column":8},"end":{"line":63,"column":27}},"17":{"start":{"line":64,"column":8},"end":{"line":64,"column":24}},"18":{"start":{"line":65,"column":8},"end":{"line":65,"column":47}},"19":{"start":{"line":68,"column":8},"end":{"line":70,"column":9}},"20":{"start":{"line":69,"column":10},"end":{"line":69,"column":40}},"21":{"start":{"line":75,"column":2},"end":{"line":75,"column":27}},"22":{"start":{"line":75,"column":15},"end":{"line":75,"column":27}},"23":{"start":{"line":77,"column":29},"end":{"line":81,"column":3}},"24":{"start":{"line":78,"column":4},"end":{"line":80,"column":5}},"25":{"start":{"line":79,"column":6},"end":{"line":79,"column":16}},"26":{"start":{"line":83,"column":2},"end":{"line":154,"column":4}}},"fnMap":{"0":{"name":"(anonymous_0)","decl":{"start":{"line":16,"column":56},"end":{"line":16,"column":57}},"loc":{"start":{"line":25,"column":6},"end":{"line":155,"column":1}},"line":25},"1":{"name":"(anonymous_1)","decl":{"start":{"line":39,"column":12},"end":{"line":39,"column":13}},"loc":{"start":{"line":39,"column":18},"end":{"line":73,"column":3}},"line":39},"2":{"name":"(anonymous_2)","decl":{"start":{"line":48,"column":17},"end":{"line":48,"column":18}},"loc":{"start":{"line":48,"column":23},"end":{"line":50,"column":7}},"line":48},"3":{"name":"(anonymous_3)","decl":{"start":{"line":55,"column":10},"end":{"line":55,"column":11}},"loc":{"start":{"line":55,"column":16},"end":{"line":55,"column":18}},"line":55},"4":{"name":"(anonymous_4)","decl":{"start":{"line":62,"column":13},"end":{"line":62,"column":14}},"loc":{"start":{"line":62,"column":19},"end":{"line":71,"column":7}},"line":62},"5":{"name":"(anonymous_5)","decl":{"start":{"line":77,"column":29},"end":{"line":77,"column":30}},"loc":{"start":{"line":77,"column":54},"end":{"line":81,"column":3}},"line":77}},"branchMap":{"0":{"loc":{"start":{"line":22,"column":2},"end":{"line":22,"column":13}},"type":"default-arg","locations":[{"start":{"line":22,"column":9},"end":{"line":22,"column":13}}],"line":22},"1":{"loc":{"start":{"line":23,"column":2},"end":{"line":23,"column":28}},"type":"default-arg","locations":[{"start":{"line":23,"column":24},"end":{"line":23,"column":28}}],"line":23},"2":{"loc":{"start":{"line":24,"column":2},"end":{"line":24,"column":24}},"type":"default-arg","locations":[{"start":{"line":24,"column":20},"end":{"line":24,"column":24}}],"line":24},"3":{"loc":{"start":{"line":40,"column":4},"end":{"line":72,"column":5}},"type":"if","locations":[{"start":{"line":40,"column":4},"end":{"line":72,"column":5}},{"start":{},"end":{}}],"line":40},"4":{"loc":{"start":{"line":53,"column":31},"end":{"line":55,"column":18}},"type":"cond-expr","locations":[{"start":{"line":54,"column":10},"end":{"line":54,"column":56}},{"start":{"line":55,"column":10},"end":{"line":55,"column":18}}],"line":53},"5":{"loc":{"start":{"line":68,"column":8},"end":{"line":70,"column":9}},"type":"if","locations":[{"start":{"line":68,"column":8},"end":{"line":70,"column":9}},{"start":{},"end":{}}],"line":68},"6":{"loc":{"start":{"line":75,"column":2},"end":{"line":75,"column":27}},"type":"if","locations":[{"start":{"line":75,"column":2},"end":{"line":75,"column":27}},{"start":{},"end":{}}],"line":75},"7":{"loc":{"start":{"line":78,"column":4},"end":{"line":80,"column":5}},"type":"if","locations":[{"start":{"line":78,"column":4},"end":{"line":80,"column":5}},{"start":{},"end":{}}],"line":78},"8":{"loc":{"start":{"line":78,"column":8},"end":{"line":78,"column":59}},"type":"binary-expr","locations":[{"start":{"line":78,"column":8},"end":{"line":78,"column":36}},{"start":{"line":78,"column":40},"end":{"line":78,"column":59}}],"line":78},"9":{"loc":{"start":{"line":87,"column":24},"end":{"line":87,"column":71}},"type":"cond-expr","locations":[{"start":{"line":87,"column":38},"end":{"line":87,"column":59}},{"start":{"line":87,"column":62},"end":{"line":87,"column":71}}],"line":87},"10":{"loc":{"start":{"line":121,"column":15},"end":{"line":134,"column":15}},"type":"binary-expr","locations":[{"start":{"line":121,"column":15},"end":{"line":121,"column":30}},{"start":{"line":122,"column":16},"end":{"line":133,"column":25}}],"line":121},"11":{"loc":{"start":{"line":137,"column":13},"end":{"line":144,"column":13}},"type":"binary-expr","locations":[{"start":{"line":137,"column":13},"end":{"line":137,"column":24}},{"start":{"line":138,"column":14},"end":{"line":143,"column":18}}],"line":137}},"s":{"0":0,"1":0,"2":0,"3":0,"4":0,"5":0,"6":0,"7":0,"8":0,"9":0,"10":0,"11":0,"12":0,"13":0,"14":0,"15":0,"16":0,"17":0,"18":0,"19":0,"20":0,"21":0,"22":0,"23":0,"24":0,"25":0,"26":0},"f":{"0":0,"1":0,"2":0,"3":0,"4":0,"5":0},"b":{"0":[0],"1":[0],"2":[0],"3":[0,0],"4":[0,0],"5":[0,0],"6":[0,0],"7":[0,0],"8":[0,0],"9":[0,0],"10":[0,0],"11":[0,0]}}
,"/home/runner/workspace/frontend/src/components/ui/AuditLog.tsx": {"path":"/home/runner/workspace/frontend/src/components/ui/AuditLog.tsx","statementMap":{"0":{"start":{"line":25,"column":42},"end":{"line":229,"column":1}},"1":{"start":{"line":31,"column":24},"end":{"line":51,"column":3}},"2":{"start":{"line":32,"column":4},"end":{"line":50,"column":5}},"3":{"start":{"line":35,"column":8},"end":{"line":35,"column":61}},"4":{"start":{"line":38,"column":8},"end":{"line":38,"column":64}},"5":{"start":{"line":41,"column":8},"end":{"line":41,"column":64}},"6":{"start":{"line":44,"column":8},"end":{"line":44,"column":66}},"7":{"start":{"line":47,"column":8},"end":{"line":47,"column":59}},"8":{"start":{"line":49,"column":8},"end":{"line":49,"column":65}},"9":{"start":{"line":53,"column":23},"end":{"line":68,"column":3}},"10":{"start":{"line":54,"column":4},"end":{"line":67,"column":5}},"11":{"start":{"line":56,"column":8},"end":{"line":56,"column":42}},"12":{"start":{"line":58,"column":8},"end":{"line":58,"column":44}},"13":{"start":{"line":60,"column":8},"end":{"line":60,"column":46}},"14":{"start":{"line":62,"column":8},"end":{"line":62,"column":46}},"15":{"start":{"line":64,"column":8},"end":{"line":64,"column":42}},"16":{"start":{"line":66,"column":8},"end":{"line":66,"column":51}},"17":{"start":{"line":70,"column":26},"end":{"line":80,"column":3}},"18":{"start":{"line":71,"column":4},"end":{"line":79,"column":25}},"19":{"start":{"line":82,"column":24},"end":{"line":84,"column":3}},"20":{"start":{"line":83,"column":4},"end":{"line":83,"column":59}},"21":{"start":{"line":86,"column":2},"end":{"line":228,"column":4}},"22":{"start":{"line":107,"column":14},"end":{"line":222,"column":20}},"23":{"start":{"line":209,"column":26},"end":{"line":216,"column":32}}},"fnMap":{"0":{"name":"(anonymous_0)","decl":{"start":{"line":25,"column":42},"end":{"line":25,"column":43}},"loc":{"start":{"line":30,"column":6},"end":{"line":229,"column":1}},"line":30},"1":{"name":"(anonymous_1)","decl":{"start":{"line":31,"column":24},"end":{"line":31,"column":25}},"loc":{"start":{"line":31,"column":44},"end":{"line":51,"column":3}},"line":31},"2":{"name":"(anonymous_2)","decl":{"start":{"line":53,"column":23},"end":{"line":53,"column":24}},"loc":{"start":{"line":53,"column":41},"end":{"line":68,"column":3}},"line":53},"3":{"name":"(anonymous_3)","decl":{"start":{"line":70,"column":26},"end":{"line":70,"column":27}},"loc":{"start":{"line":70,"column":47},"end":{"line":80,"column":3}},"line":70},"4":{"name":"(anonymous_4)","decl":{"start":{"line":82,"column":24},"end":{"line":82,"column":25}},"loc":{"start":{"line":82,"column":45},"end":{"line":84,"column":3}},"line":82},"5":{"name":"(anonymous_5)","decl":{"start":{"line":106,"column":25},"end":{"line":106,"column":26}},"loc":{"start":{"line":107,"column":14},"end":{"line":222,"column":20}},"line":107},"6":{"name":"(anonymous_6)","decl":{"start":{"line":208,"column":59},"end":{"line":208,"column":60}},"loc":{"start":{"line":209,"column":26},"end":{"line":216,"column":32}},"line":209}},"branchMap":{"0":{"loc":{"start":{"line":27,"column":2},"end":{"line":27,"column":16}},"type":"default-arg","locations":[{"start":{"line":27,"column":14},"end":{"line":27,"column":16}}],"line":27},"1":{"loc":{"start":{"line":28,"column":2},"end":{"line":28,"column":31}},"type":"default-arg","locations":[{"start":{"line":28,"column":27},"end":{"line":28,"column":31}}],"line":28},"2":{"loc":{"start":{"line":29,"column":2},"end":{"line":29,"column":46}},"type":"default-arg","locations":[{"start":{"line":29,"column":21},"end":{"line":29,"column":46}}],"line":29},"3":{"loc":{"start":{"line":32,"column":4},"end":{"line":50,"column":5}},"type":"switch","locations":[{"start":{"line":33,"column":6},"end":{"line":33,"column":21}},{"start":{"line":34,"column":6},"end":{"line":35,"column":61}},{"start":{"line":36,"column":6},"end":{"line":36,"column":23}},{"start":{"line":37,"column":6},"end":{"line":38,"column":64}},{"start":{"line":39,"column":6},"end":{"line":39,"column":22}},{"start":{"line":40,"column":6},"end":{"line":41,"column":64}},{"start":{"line":42,"column":6},"end":{"line":42,"column":22}},{"start":{"line":43,"column":6},"end":{"line":44,"column":66}},{"start":{"line":45,"column":6},"end":{"line":45,"column":23}},{"start":{"line":46,"column":6},"end":{"line":47,"column":59}},{"start":{"line":48,"column":6},"end":{"line":49,"column":65}}],"line":32},"4":{"loc":{"start":{"line":54,"column":4},"end":{"line":67,"column":5}},"type":"switch","locations":[{"start":{"line":55,"column":6},"end":{"line":56,"column":42}},{"start":{"line":57,"column":6},"end":{"line":58,"column":44}},{"start":{"line":59,"column":6},"end":{"line":60,"column":46}},{"start":{"line":61,"column":6},"end":{"line":62,"column":46}},{"start":{"line":63,"column":6},"end":{"line":64,"column":42}},{"start":{"line":65,"column":6},"end":{"line":66,"column":51}}],"line":54},"5":{"loc":{"start":{"line":99,"column":9},"end":{"line":225,"column":9}},"type":"cond-expr","locations":[{"start":{"line":100,"column":10},"end":{"line":103,"column":16}},{"start":{"line":105,"column":10},"end":{"line":224,"column":16}}],"line":99},"6":{"loc":{"start":{"line":112,"column":17},"end":{"line":114,"column":17}},"type":"binary-expr","locations":[{"start":{"line":112,"column":17},"end":{"line":112,"column":43}},{"start":{"line":113,"column":18},"end":{"line":113,"column":81}}],"line":112},"7":{"loc":{"start":{"line":142,"column":25},"end":{"line":151,"column":25}},"type":"binary-expr","locations":[{"start":{"line":142,"column":25},"end":{"line":142,"column":36}},{"start":{"line":143,"column":26},"end":{"line":150,"column":28}}],"line":142},"8":{"loc":{"start":{"line":157,"column":19},"end":{"line":199,"column":19}},"type":"binary-expr","locations":[{"start":{"line":157,"column":19},"end":{"line":157,"column":41}},{"start":{"line":157,"column":45},"end":{"line":157,"column":66}},{"start":{"line":158,"column":20},"end":{"line":198,"column":26}}],"line":157},"9":{"loc":{"start":{"line":185,"column":25},"end":{"line":190,"column":25}},"type":"binary-expr","locations":[{"start":{"line":185,"column":25},"end":{"line":185,"column":42}},{"start":{"line":186,"column":26},"end":{"line":189,"column":32}}],"line":185},"10":{"loc":{"start":{"line":191,"column":25},"end":{"line":196,"column":25}},"type":"binary-expr","locations":[{"start":{"line":191,"column":25},"end":{"line":191,"column":38}},{"start":{"line":192,"column":26},"end":{"line":195,"column":32}}],"line":191},"11":{"loc":{"start":{"line":202,"column":19},"end":{"line":220,"column":19}},"type":"binary-expr","locations":[{"start":{"line":202,"column":19},"end":{"line":202,"column":32}},{"start":{"line":202,"column":36},"end":{"line":202,"column":73}},{"start":{"line":203,"column":20},"end":{"line":219,"column":26}}],"line":202},"12":{"loc":{"start":{"line":214,"column":31},"end":{"line":214,"column":96}},"type":"cond-expr","locations":[{"start":{"line":214,"column":59},"end":{"line":214,"column":80}},{"start":{"line":214,"column":83},"end":{"line":214,"column":96}}],"line":214}},"s":{"0":0,"1":0,"2":0,"3":0,"4":0,"5":0,"6":0,"7":0,"8":0,"9":0,"10":0,"11":0,"12":0,"13":0,"14":0,"15":0,"16":0,"17":0,"18":0,"19":0,"20":0,"21":0,"22":0,"23":0},"f":{"0":0,"1":0,"2":0,"3":0,"4":0,"5":0,"6":0},"b":{"0":[0],"1":[0],"2":[0],"3":[0,0,0,0,0,0,0,0,0,0,0],"4":[0,0,0,0,0,0],"5":[0,0],"6":[0,0],"7":[0,0],"8":[0,0,0],"9":[0,0],"10":[0,0],"11":[0,0,0],"12":[0,0]}}
,"/home/runner/workspace/frontend/src/components/ui/Button.tsx": {"path":"/home/runner/workspace/frontend/src/components/ui/Button.tsx","statementMap":{"0":{"start":{"line":11,"column":38},"end":{"line":57,"column":1}},"1":{"start":{"line":21,"column":22},"end":{"line":21,"column":214}},"2":{"start":{"line":23,"column":25},"end":{"line":29,"column":3}},"3":{"start":{"line":31,"column":22},"end":{"line":35,"column":3}},"4":{"start":{"line":37,"column":23},"end":{"line":37,"column":48}},"5":{"start":{"line":40,"column":28},"end":{"line":40,"column":75}},"6":{"start":{"line":42,"column":2},"end":{"line":56,"column":4}}},"fnMap":{"0":{"name":"(anonymous_0)","decl":{"start":{"line":11,"column":38},"end":{"line":11,"column":39}},"loc":{"start":{"line":20,"column":6},"end":{"line":57,"column":1}},"line":20}},"branchMap":{"0":{"loc":{"start":{"line":12,"column":2},"end":{"line":12,"column":21}},"type":"default-arg","locations":[{"start":{"line":12,"column":12},"end":{"line":12,"column":21}}],"line":12},"1":{"loc":{"start":{"line":13,"column":2},"end":{"line":13,"column":13}},"type":"default-arg","locations":[{"start":{"line":13,"column":9},"end":{"line":13,"column":13}}],"line":13},"2":{"loc":{"start":{"line":14,"column":2},"end":{"line":14,"column":17}},"type":"default-arg","locations":[{"start":{"line":14,"column":12},"end":{"line":14,"column":17}}],"line":14},"3":{"loc":{"start":{"line":15,"column":2},"end":{"line":15,"column":19}},"type":"default-arg","locations":[{"start":{"line":15,"column":14},"end":{"line":15,"column":19}}],"line":15},"4":{"loc":{"start":{"line":17,"column":2},"end":{"line":17,"column":16}},"type":"default-arg","locations":[{"start":{"line":17,"column":14},"end":{"line":17,"column":16}}],"line":17},"5":{"loc":{"start":{"line":37,"column":23},"end":{"line":37,"column":48}},"type":"cond-expr","locations":[{"start":{"line":37,"column":35},"end":{"line":37,"column":43}},{"start":{"line":37,"column":46},"end":{"line":37,"column":48}}],"line":37},"6":{"loc":{"start":{"line":40,"column":28},"end":{"line":40,"column":75}},"type":"cond-expr","locations":[{"start":{"line":40,"column":52},"end":{"line":40,"column":70}},{"start":{"line":40,"column":73},"end":{"line":40,"column":75}}],"line":40},"7":{"loc":{"start":{"line":45,"column":16},"end":{"line":45,"column":35}},"type":"binary-expr","locations":[{"start":{"line":45,"column":16},"end":{"line":45,"column":24}},{"start":{"line":45,"column":28},"end":{"line":45,"column":35}}],"line":45},"8":{"loc":{"start":{"line":48,"column":7},"end":{"line":53,"column":7}},"type":"binary-expr","locations":[{"start":{"line":48,"column":7},"end":{"line":48,"column":14}},{"start":{"line":49,"column":8},"end":{"line":52,"column":14}}],"line":48}},"s":{"0":0,"1":0,"2":0,"3":0,"4":0,"5":0,"6":0},"f":{"0":0},"b":{"0":[0],"1":[0],"2":[0],"3":[0],"4":[0],"5":[0,0],"6":[0,0],"7":[0,0],"8":[0,0]}}
,"/home/runner/workspace/frontend/src/components/ui/Card.tsx": {"path":"/home/runner/workspace/frontend/src/components/ui/Card.tsx","statementMap":{"0":{"start":{"line":12,"column":34},"end":{"line":54,"column":1}},"1":{"start":{"line":20,"column":22},"end":{"line":20,"column":52}},"2":{"start":{"line":22,"column":25},"end":{"line":26,"column":3}},"3":{"start":{"line":28,"column":25},"end":{"line":33,"column":3}},"4":{"start":{"line":35,"column":2},"end":{"line":53,"column":4}}},"fnMap":{"0":{"name":"(anonymous_0)","decl":{"start":{"line":12,"column":34},"end":{"line":12,"column":35}},"loc":{"start":{"line":19,"column":6},"end":{"line":54,"column":1}},"line":19}},"branchMap":{"0":{"loc":{"start":{"line":14,"column":2},"end":{"line":14,"column":16}},"type":"default-arg","locations":[{"start":{"line":14,"column":14},"end":{"line":14,"column":16}}],"line":14},"1":{"loc":{"start":{"line":17,"column":2},"end":{"line":17,"column":16}},"type":"default-arg","locations":[{"start":{"line":17,"column":12},"end":{"line":17,"column":16}}],"line":17},"2":{"loc":{"start":{"line":18,"column":2},"end":{"line":18,"column":21}},"type":"default-arg","locations":[{"start":{"line":18,"column":12},"end":{"line":18,"column":21}}],"line":18},"3":{"loc":{"start":{"line":37,"column":7},"end":{"line":50,"column":7}},"type":"binary-expr","locations":[{"start":{"line":37,"column":8},"end":{"line":37,"column":13}},{"start":{"line":37,"column":17},"end":{"line":37,"column":25}},{"start":{"line":38,"column":8},"end":{"line":49,"column":14}}],"line":37},"4":{"loc":{"start":{"line":38,"column":27},"end":{"line":38,"column":63}},"type":"cond-expr","locations":[{"start":{"line":38,"column":48},"end":{"line":38,"column":54}},{"start":{"line":38,"column":57},"end":{"line":38,"column":63}}],"line":38},"5":{"loc":{"start":{"line":39,"column":11},"end":{"line":43,"column":11}},"type":"binary-expr","locations":[{"start":{"line":39,"column":11},"end":{"line":39,"column":16}},{"start":{"line":40,"column":12},"end":{"line":42,"column":17}}],"line":39},"6":{"loc":{"start":{"line":44,"column":11},"end":{"line":48,"column":11}},"type":"binary-expr","locations":[{"start":{"line":44,"column":11},"end":{"line":44,"column":19}},{"start":{"line":45,"column":12},"end":{"line":47,"column":16}}],"line":44}},"s":{"0":0,"1":0,"2":0,"3":0,"4":0},"f":{"0":0},"b":{"0":[0],"1":[0],"2":[0],"3":[0,0,0],"4":[0,0],"5":[0,0],"6":[0,0]}}
,"/home/runner/workspace/frontend/src/components/ui/CopyButton.tsx": {"path":"/home/runner/workspace/frontend/src/components/ui/CopyButton.tsx","statementMap":{"0":{"start":{"line":16,"column":46},"end":{"line":102,"column":1}},"1":{"start":{"line":26,"column":30},"end":{"line":26,"column":45}},"2":{"start":{"line":28,"column":21},"end":{"line":40,"column":3}},"3":{"start":{"line":29,"column":4},"end":{"line":39,"column":5}},"4":{"start":{"line":30,"column":6},"end":{"line":30,"column":48}},"5":{"start":{"line":31,"column":6},"end":{"line":31,"column":22}},"6":{"start":{"line":32,"column":6},"end":{"line":32,"column":84}},"7":{"start":{"line":34,"column":6},"end":{"line":36,"column":15}},"8":{"start":{"line":35,"column":8},"end":{"line":35,"column":25}},"9":{"start":{"line":38,"column":6},"end":{"line":38,"column":49}},"10":{"start":{"line":42,"column":21},"end":{"line":48,"column":3}},"11":{"start":{"line":43,"column":4},"end":{"line":43,"column":31}},"12":{"start":{"line":43,"column":19},"end":{"line":43,"column":31}},"13":{"start":{"line":45,"column":4},"end":{"line":45,"column":55}},"14":{"start":{"line":45,"column":43},"end":{"line":45,"column":55}},"15":{"start":{"line":47,"column":4},"end":{"line":47,"column":79}},"16":{"start":{"line":50,"column":22},"end":{"line":54,"column":3}},"17":{"start":{"line":56,"column":2},"end":{"line":77,"column":3}},"18":{"start":{"line":57,"column":4},"end":{"line":76,"column":6}},"19":{"start":{"line":79,"column":2},"end":{"line":101,"column":4}}},"fnMap":{"0":{"name":"(anonymous_0)","decl":{"start":{"line":16,"column":46},"end":{"line":16,"column":47}},"loc":{"start":{"line":25,"column":6},"end":{"line":102,"column":1}},"line":25},"1":{"name":"(anonymous_1)","decl":{"start":{"line":28,"column":21},"end":{"line":28,"column":22}},"loc":{"start":{"line":28,"column":33},"end":{"line":40,"column":3}},"line":28},"2":{"name":"(anonymous_2)","decl":{"start":{"line":34,"column":17},"end":{"line":34,"column":18}},"loc":{"start":{"line":34,"column":23},"end":{"line":36,"column":7}},"line":34},"3":{"name":"(anonymous_3)","decl":{"start":{"line":42,"column":21},"end":{"line":42,"column":22}},"loc":{"start":{"line":42,"column":39},"end":{"line":48,"column":3}},"line":42}},"branchMap":{"0":{"loc":{"start":{"line":19,"column":2},"end":{"line":19,"column":17}},"type":"default-arg","locations":[{"start":{"line":19,"column":13},"end":{"line":19,"column":17}}],"line":19},"1":{"loc":{"start":{"line":20,"column":2},"end":{"line":20,"column":18}},"type":"default-arg","locations":[{"start":{"line":20,"column":13},"end":{"line":20,"column":18}}],"line":20},"2":{"loc":{"start":{"line":21,"column":2},"end":{"line":21,"column":20}},"type":"default-arg","locations":[{"start":{"line":21,"column":19},"end":{"line":21,"column":20}}],"line":21},"3":{"loc":{"start":{"line":22,"column":2},"end":{"line":22,"column":20}},"type":"default-arg","locations":[{"start":{"line":22,"column":12},"end":{"line":22,"column":20}}],"line":22},"4":{"loc":{"start":{"line":23,"column":2},"end":{"line":23,"column":13}},"type":"default-arg","locations":[{"start":{"line":23,"column":9},"end":{"line":23,"column":13}}],"line":23},"5":{"loc":{"start":{"line":24,"column":2},"end":{"line":24,"column":16}},"type":"default-arg","locations":[{"start":{"line":24,"column":14},"end":{"line":24,"column":16}}],"line":24},"6":{"loc":{"start":{"line":32,"column":20},"end":{"line":32,"column":82}},"type":"cond-expr","locations":[{"start":{"line":32,"column":28},"end":{"line":32,"column":58}},{"start":{"line":32,"column":61},"end":{"line":32,"column":82}}],"line":32},"7":{"loc":{"start":{"line":43,"column":4},"end":{"line":43,"column":31}},"type":"if","locations":[{"start":{"line":43,"column":4},"end":{"line":43,"column":31}},{"start":{},"end":{}}],"line":43},"8":{"loc":{"start":{"line":45,"column":4},"end":{"line":45,"column":55}},"type":"if","locations":[{"start":{"line":45,"column":4},"end":{"line":45,"column":55}},{"start":{},"end":{}}],"line":45},"9":{"loc":{"start":{"line":56,"column":2},"end":{"line":77,"column":3}},"type":"if","locations":[{"start":{"line":56,"column":2},"end":{"line":77,"column":3}},{"start":{},"end":{}}],"line":56},"10":{"loc":{"start":{"line":59,"column":9},"end":{"line":63,"column":9}},"type":"binary-expr","locations":[{"start":{"line":59,"column":9},"end":{"line":59,"column":17}},{"start":{"line":60,"column":10},"end":{"line":62,"column":17}}],"line":59},"11":{"loc":{"start":{"line":67,"column":25},"end":{"line":67,"column":40}},"type":"binary-expr","locations":[{"start":{"line":67,"column":25},"end":{"line":67,"column":30}},{"start":{"line":67,"column":34},"end":{"line":67,"column":40}}],"line":67},"12":{"loc":{"start":{"line":69,"column":11},"end":{"line":73,"column":11}},"type":"cond-expr","locations":[{"start":{"line":70,"column":12},"end":{"line":70,"column":69}},{"start":{"line":72,"column":12},"end":{"line":72,"column":50}}],"line":69},"13":{"loc":{"start":{"line":88,"column":21},"end":{"line":88,"column":36}},"type":"binary-expr","locations":[{"start":{"line":88,"column":21},"end":{"line":88,"column":26}},{"start":{"line":88,"column":30},"end":{"line":88,"column":36}}],"line":88},"14":{"loc":{"start":{"line":90,"column":7},"end":{"line":94,"column":7}},"type":"binary-expr","locations":[{"start":{"line":90,"column":7},"end":{"line":90,"column":15}},{"start":{"line":91,"column":8},"end":{"line":93,"column":15}}],"line":90},"15":{"loc":{"start":{"line":95,"column":7},"end":{"line":99,"column":7}},"type":"cond-expr","locations":[{"start":{"line":96,"column":8},"end":{"line":96,"column":65}},{"start":{"line":98,"column":8},"end":{"line":98,"column":46}}],"line":95}},"s":{"0":0,"1":0,"2":0,"3":0,"4":0,"5":0,"6":0,"7":0,"8":0,"9":0,"10":0,"11":0,"12":0,"13":0,"14":0,"15":0,"16":0,"17":0,"18":0,"19":0},"f":{"0":0,"1":0,"2":0,"3":0},"b":{"0":[0],"1":[0],"2":[0],"3":[0],"4":[0],"5":[0],"6":[0,0],"7":[0,0],"8":[0,0],"9":[0,0],"10":[0,0],"11":[0,0],"12":[0,0],"13":[0,0],"14":[0,0],"15":[0,0]}}
,"/home/runner/workspace/frontend/src/components/ui/ErrorBoundary.tsx": {"path":"/home/runner/workspace/frontend/src/components/ui/ErrorBoundary.tsx","statementMap":{"0":{"start":{"line":16,"column":4},"end":{"line":16,"column":17}},"1":{"start":{"line":17,"column":4},"end":{"line":17,"column":37}},"2":{"start":{"line":21,"column":4},"end":{"line":21,"column":37}},"3":{"start":{"line":25,"column":4},"end":{"line":28,"column":7}},"4":{"start":{"line":31,"column":4},"end":{"line":31,"column":70}},"5":{"start":{"line":34,"column":16},"end":{"line":36,"column":3}},"6":{"start":{"line":35,"column":4},"end":{"line":35,"column":79}},"7":{"start":{"line":39,"column":4},"end":{"line":81,"column":5}},"8":{"start":{"line":40,"column":6},"end":{"line":80,"column":8}},"9":{"start":{"line":83,"column":4},"end":{"line":83,"column":31}}},"fnMap":{"0":{"name":"(anonymous_0)","decl":{"start":{"line":15,"column":2},"end":{"line":15,"column":3}},"loc":{"start":{"line":15,"column":28},"end":{"line":18,"column":3}},"line":15},"1":{"name":"(anonymous_1)","decl":{"start":{"line":20,"column":2},"end":{"line":20,"column":3}},"loc":{"start":{"line":20,"column":55},"end":{"line":22,"column":3}},"line":20},"2":{"name":"(anonymous_2)","decl":{"start":{"line":24,"column":2},"end":{"line":24,"column":3}},"loc":{"start":{"line":24,"column":56},"end":{"line":32,"column":3}},"line":24},"3":{"name":"(anonymous_3)","decl":{"start":{"line":34,"column":16},"end":{"line":34,"column":17}},"loc":{"start":{"line":34,"column":22},"end":{"line":36,"column":3}},"line":34},"4":{"name":"(anonymous_4)","decl":{"start":{"line":38,"column":2},"end":{"line":38,"column":3}},"loc":{"start":{"line":38,"column":11},"end":{"line":84,"column":3}},"line":38}},"branchMap":{"0":{"loc":{"start":{"line":39,"column":4},"end":{"line":81,"column":5}},"type":"if","locations":[{"start":{"line":39,"column":4},"end":{"line":81,"column":5}},{"start":{},"end":{}}],"line":39},"1":{"loc":{"start":{"line":59,"column":13},"end":{"line":68,"column":13}},"type":"binary-expr","locations":[{"start":{"line":59,"column":13},"end":{"line":59,"column":29}},{"start":{"line":60,"column":14},"end":{"line":67,"column":24}}],"line":59}},"s":{"0":15,"1":12,"2":12,"3":6,"4":6,"5":12,"6":1,"7":33,"8":19,"9":14},"f":{"0":15,"1":12,"2":6,"3":1,"4":33},"b":{"0":[19,14],"1":[19,19]},"_coverageSchema":"1a1c01bbd47fc00a2c39e90264f33305004495a9","hash":"944b08af7b794cc1881a33a21360473d46b685c9"}
,"/home/runner/workspace/frontend/src/components/ui/FileUpload.tsx": {"path":"/home/runner/workspace/frontend/src/components/ui/FileUpload.tsx","statementMap":{"0":{"start":{"line":18,"column":46},"end":{"line":272,"column":1}},"1":{"start":{"line":30,"column":23},"end":{"line":30,"column":53}},"2":{"start":{"line":31,"column":38},"end":{"line":31,"column":53}},"3":{"start":{"line":32,"column":44},"end":{"line":32,"column":64}},"4":{"start":{"line":34,"column":22},"end":{"line":52,"column":3}},"5":{"start":{"line":35,"column":4},"end":{"line":35,"column":23}},"6":{"start":{"line":35,"column":16},"end":{"line":35,"column":23}},"7":{"start":{"line":37,"column":22},"end":{"line":37,"column":39}},"8":{"start":{"line":38,"column":23},"end":{"line":43,"column":6}},"9":{"start":{"line":39,"column":6},"end":{"line":41,"column":7}},"10":{"start":{"line":40,"column":8},"end":{"line":40,"column":21}},"11":{"start":{"line":42,"column":6},"end":{"line":42,"column":18}},"12":{"start":{"line":45,"column":4},"end":{"line":51,"column":5}},"13":{"start":{"line":46,"column":6},"end":{"line":46,"column":57}},"14":{"start":{"line":46,"column":31},"end":{"line":46,"column":55}},"15":{"start":{"line":47,"column":6},"end":{"line":47,"column":54}},"16":{"start":{"line":49,"column":6},"end":{"line":49,"column":47}},"17":{"start":{"line":50,"column":6},"end":{"line":50,"column":43}},"18":{"start":{"line":54,"column":21},"end":{"line":62,"column":3}},"19":{"start":{"line":55,"column":4},"end":{"line":55,"column":23}},"20":{"start":{"line":56,"column":4},"end":{"line":56,"column":24}},"21":{"start":{"line":57,"column":4},"end":{"line":61,"column":5}},"22":{"start":{"line":58,"column":6},"end":{"line":58,"column":26}},"23":{"start":{"line":59,"column":11},"end":{"line":61,"column":5}},"24":{"start":{"line":60,"column":6},"end":{"line":60,"column":27}},"25":{"start":{"line":64,"column":21},"end":{"line":70,"column":3}},"26":{"start":{"line":65,"column":4},"end":{"line":65,"column":23}},"27":{"start":{"line":66,"column":4},"end":{"line":66,"column":24}},"28":{"start":{"line":67,"column":4},"end":{"line":67,"column":25}},"29":{"start":{"line":68,"column":4},"end":{"line":68,"column":25}},"30":{"start":{"line":68,"column":18},"end":{"line":68,"column":25}},"31":{"start":{"line":69,"column":4},"end":{"line":69,"column":38}},"32":{"start":{"line":72,"column":28},"end":{"line":74,"column":3}},"33":{"start":{"line":73,"column":4},"end":{"line":73,"column":32}},"34":{"start":{"line":76,"column":21},"end":{"line":80,"column":3}},"35":{"start":{"line":77,"column":21},"end":{"line":77,"column":64}},"36":{"start":{"line":77,"column":52},"end":{"line":77,"column":63}},"37":{"start":{"line":78,"column":4},"end":{"line":78,"column":31}},"38":{"start":{"line":79,"column":4},"end":{"line":79,"column":27}},"39":{"start":{"line":82,"column":25},"end":{"line":86,"column":3}},"40":{"start":{"line":83,"column":4},"end":{"line":85,"column":5}},"41":{"start":{"line":84,"column":6},"end":{"line":84,"column":35}},"42":{"start":{"line":88,"column":22},"end":{"line":93,"column":3}},"43":{"start":{"line":89,"column":4},"end":{"line":91,"column":5}},"44":{"start":{"line":90,"column":6},"end":{"line":90,"column":43}},"45":{"start":{"line":92,"column":4},"end":{"line":92,"column":40}},"46":{"start":{"line":95,"column":25},"end":{"line":101,"column":3}},"47":{"start":{"line":96,"column":4},"end":{"line":96,"column":38}},"48":{"start":{"line":96,"column":21},"end":{"line":96,"column":38}},"49":{"start":{"line":97,"column":14},"end":{"line":97,"column":18}},"50":{"start":{"line":98,"column":18},"end":{"line":98,"column":45}},"51":{"start":{"line":99,"column":14},"end":{"line":99,"column":55}},"52":{"start":{"line":100,"column":4},"end":{"line":100,"column":76}},"53":{"start":{"line":103,"column":2},"end":{"line":199,"column":3}},"54":{"start":{"line":104,"column":4},"end":{"line":198,"column":6}},"55":{"start":{"line":169,"column":14},"end":{"line":193,"column":20}},"56":{"start":{"line":186,"column":20},"end":{"line":186,"column":40}},"57":{"start":{"line":187,"column":20},"end":{"line":187,"column":38}},"58":{"start":{"line":201,"column":2},"end":{"line":271,"column":4}},"59":{"start":{"line":247,"column":12},"end":{"line":266,"column":18}},"60":{"start":{"line":261,"column":31},"end":{"line":261,"column":48}}},"fnMap":{"0":{"name":"(anonymous_0)","decl":{"start":{"line":18,"column":46},"end":{"line":18,"column":47}},"loc":{"start":{"line":29,"column":6},"end":{"line":272,"column":1}},"line":29},"1":{"name":"(anonymous_1)","decl":{"start":{"line":34,"column":22},"end":{"line":34,"column":23}},"loc":{"start":{"line":34,"column":50},"end":{"line":52,"column":3}},"line":34},"2":{"name":"(anonymous_2)","decl":{"start":{"line":38,"column":40},"end":{"line":38,"column":41}},"loc":{"start":{"line":38,"column":48},"end":{"line":43,"column":5}},"line":38},"3":{"name":"(anonymous_3)","decl":{"start":{"line":46,"column":23},"end":{"line":46,"column":24}},"loc":{"start":{"line":46,"column":31},"end":{"line":46,"column":55}},"line":46},"4":{"name":"(anonymous_4)","decl":{"start":{"line":54,"column":21},"end":{"line":54,"column":22}},"loc":{"start":{"line":54,"column":45},"end":{"line":62,"column":3}},"line":54},"5":{"name":"(anonymous_5)","decl":{"start":{"line":64,"column":21},"end":{"line":64,"column":22}},"loc":{"start":{"line":64,"column":45},"end":{"line":70,"column":3}},"line":64},"6":{"name":"(anonymous_6)","decl":{"start":{"line":72,"column":28},"end":{"line":72,"column":29}},"loc":{"start":{"line":72,"column":72},"end":{"line":74,"column":3}},"line":72},"7":{"name":"(anonymous_7)","decl":{"start":{"line":76,"column":21},"end":{"line":76,"column":22}},"loc":{"start":{"line":76,"column":40},"end":{"line":80,"column":3}},"line":76},"8":{"name":"(anonymous_8)","decl":{"start":{"line":77,"column":42},"end":{"line":77,"column":43}},"loc":{"start":{"line":77,"column":52},"end":{"line":77,"column":63}},"line":77},"9":{"name":"(anonymous_9)","decl":{"start":{"line":82,"column":25},"end":{"line":82,"column":26}},"loc":{"start":{"line":82,"column":31},"end":{"line":86,"column":3}},"line":82},"10":{"name":"(anonymous_10)","decl":{"start":{"line":88,"column":22},"end":{"line":88,"column":23}},"loc":{"start":{"line":88,"column":38},"end":{"line":93,"column":3}},"line":88},"11":{"name":"(anonymous_11)","decl":{"start":{"line":95,"column":25},"end":{"line":95,"column":26}},"loc":{"start":{"line":95,"column":44},"end":{"line":101,"column":3}},"line":95},"12":{"name":"(anonymous_12)","decl":{"start":{"line":168,"column":31},"end":{"line":168,"column":32}},"loc":{"start":{"line":169,"column":14},"end":{"line":193,"column":20}},"line":169},"13":{"name":"(anonymous_13)","decl":{"start":{"line":185,"column":27},"end":{"line":185,"column":28}},"loc":{"start":{"line":185,"column":34},"end":{"line":188,"column":19}},"line":185},"14":{"name":"(anonymous_14)","decl":{"start":{"line":246,"column":29},"end":{"line":246,"column":30}},"loc":{"start":{"line":247,"column":12},"end":{"line":266,"column":18}},"line":247},"15":{"name":"(anonymous_15)","decl":{"start":{"line":261,"column":25},"end":{"line":261,"column":26}},"loc":{"start":{"line":261,"column":31},"end":{"line":261,"column":48}},"line":261}},"branchMap":{"0":{"loc":{"start":{"line":21,"column":2},"end":{"line":21,"column":18}},"type":"default-arg","locations":[{"start":{"line":21,"column":13},"end":{"line":21,"column":18}}],"line":21},"1":{"loc":{"start":{"line":22,"column":2},"end":{"line":22,"column":14}},"type":"default-arg","locations":[{"start":{"line":22,"column":12},"end":{"line":22,"column":14}}],"line":22},"2":{"loc":{"start":{"line":26,"column":2},"end":{"line":26,"column":18}},"type":"default-arg","locations":[{"start":{"line":26,"column":13},"end":{"line":26,"column":18}}],"line":26},"3":{"loc":{"start":{"line":27,"column":2},"end":{"line":27,"column":21}},"type":"default-arg","locations":[{"start":{"line":27,"column":12},"end":{"line":27,"column":21}}],"line":27},"4":{"loc":{"start":{"line":28,"column":2},"end":{"line":28,"column":16}},"type":"default-arg","locations":[{"start":{"line":28,"column":12},"end":{"line":28,"column":16}}],"line":28},"5":{"loc":{"start":{"line":35,"column":4},"end":{"line":35,"column":23}},"type":"if","locations":[{"start":{"line":35,"column":4},"end":{"line":35,"column":23}},{"start":{},"end":{}}],"line":35},"6":{"loc":{"start":{"line":39,"column":6},"end":{"line":41,"column":7}},"type":"if","locations":[{"start":{"line":39,"column":6},"end":{"line":41,"column":7}},{"start":{},"end":{}}],"line":39},"7":{"loc":{"start":{"line":39,"column":10},"end":{"line":39,"column":54}},"type":"binary-expr","locations":[{"start":{"line":39,"column":10},"end":{"line":39,"column":17}},{"start":{"line":39,"column":21},"end":{"line":39,"column":54}}],"line":39},"8":{"loc":{"start":{"line":45,"column":4},"end":{"line":51,"column":5}},"type":"if","locations":[{"start":{"line":45,"column":4},"end":{"line":51,"column":5}},{"start":{"line":48,"column":11},"end":{"line":51,"column":5}}],"line":45},"9":{"loc":{"start":{"line":57,"column":4},"end":{"line":61,"column":5}},"type":"if","locations":[{"start":{"line":57,"column":4},"end":{"line":61,"column":5}},{"start":{"line":59,"column":11},"end":{"line":61,"column":5}}],"line":57},"10":{"loc":{"start":{"line":57,"column":8},"end":{"line":57,"column":55}},"type":"binary-expr","locations":[{"start":{"line":57,"column":8},"end":{"line":57,"column":30}},{"start":{"line":57,"column":34},"end":{"line":57,"column":55}}],"line":57},"11":{"loc":{"start":{"line":59,"column":11},"end":{"line":61,"column":5}},"type":"if","locations":[{"start":{"line":59,"column":11},"end":{"line":61,"column":5}},{"start":{},
[...]
n":45},"end":{"line":35,"column":5}},"11":{"start":{"line":37,"column":4},"end":{"line":37,"column":34}},"12":{"start":{"line":38,"column":4},"end":{"line":38,"column":22}},"13":{"start":{"line":40,"column":4},"end":{"line":40,"column":62}},"14":{"start":{"line":43,"column":53},"end":{"line":47,"column":5}},"15":{"start":{"line":49,"column":4},"end":{"line":49,"column":42}},"16":{"start":{"line":50,"column":4},"end":{"line":50,"column":30}},"17":{"start":{"line":54,"column":39},"end":{"line":56,"column":1}},"18":{"start":{"line":55,"column":2},"end":{"line":55,"column":26}},"19":{"start":{"line":58,"column":31},"end":{"line":60,"column":1}},"20":{"start":{"line":59,"column":2},"end":{"line":59,"column":26}}},"fnMap":{"0":{"name":"(anonymous_0)","decl":{"start":{"line":12,"column":46},"end":{"line":12,"column":47}},"loc":{"start":{"line":12,"column":89},"end":{"line":52,"column":1}},"line":12},"1":{"name":"(anonymous_1)","decl":{"start":{"line":23,"column":25},"end":{"line":23,"column":26}},"loc":{"start":{"line":24,"column":8},"end":{"line":24,"column":71}},"line":24},"2":{"name":"(anonymous_2)","decl":{"start":{"line":24,"column":19},"end":{"line":24,"column":20}},"loc":{"start":{"line":24,"column":25},"end":{"line":24,"column":64}},"line":24},"3":{"name":"(anonymous_3)","decl":{"start":{"line":54,"column":39},"end":{"line":54,"column":40}},"loc":{"start":{"line":54,"column":74},"end":{"line":56,"column":1}},"line":54},"4":{"name":"(anonymous_4)","decl":{"start":{"line":58,"column":31},"end":{"line":58,"column":32}},"loc":{"start":{"line":58,"column":43},"end":{"line":60,"column":1}},"line":58}},"branchMap":{"0":{"loc":{"start":{"line":13,"column":2},"end":{"line":15,"column":3}},"type":"if","locations":[{"start":{"line":13,"column":2},"end":{"line":15,"column":3}},{"start":{},"end":{}}],"line":13}},"s":{"0":0,"1":0,"2":0,"3":0,"4":0,"5":0,"6":0,"7":0,"8":0,"9":0,"10":0,"11":0,"12":0,"13":0,"14":0,"15":0,"16":0,"17":0,"18":0,"19":0,"20":0},"f":{"0":0,"1":0,"2":0,"3":0,"4":0},"b":{"0":[0,0]}}
,"/home/runner/workspace/frontend/src/utils/contracts.ts": {"path":"/home/runner/workspace/frontend/src/utils/contracts.ts","statementMap":{"0":{"start":{"line":4,"column":34},"end":{"line":8,"column":1}},"1":{"start":{"line":11,"column":34},"end":{"line":20,"column":1}},"2":{"start":{"line":22,"column":35},"end":{"line":39,"column":1}},"3":{"start":{"line":41,"column":25},"end":{"line":53,"column":1}},"4":{"start":{"line":55,"column":27},"end":{"line":61,"column":1}},"5":{"start":{"line":60,"column":2},"end":{"line":60,"column":61}},"6":{"start":{"line":63,"column":27},"end":{"line":63,"column":45}},"7":{"start":{"line":64,"column":26},"end":{"line":64,"column":43}},"8":{"start":{"line":65,"column":27},"end":{"line":65,"column":45}},"9":{"start":{"line":66,"column":26},"end":{"line":66,"column":43}}},"fnMap":{"0":{"name":"(anonymous_0)","decl":{"start":{"line":55,"column":27},"end":{"line":55,"column":28}},"loc":{"start":{"line":59,"column":5},"end":{"line":61,"column":1}},"line":59}},"branchMap":{"0":{"loc":{"start":{"line":5,"column":18},"end":{"line":5,"column":110}},"type":"binary-expr","locations":[{"start":{"line":5,"column":18},"end":{"line":5,"column":62}},{"start":{"line":5,"column":66},"end":{"line":5,"column":110}}],"line":5},"1":{"loc":{"start":{"line":6,"column":19},"end":{"line":6,"column":70}},"type":"binary-expr","locations":[{"start":{"line":6,"column":19},"end":{"line":6,"column":64}},{"start":{"line":6,"column":68},"end":{"line":6,"column":70}}],"line":6},"2":{"loc":{"start":{"line":7,"column":14},"end":{"line":7,"column":102}},"type":"binary-expr","locations":[{"start":{"line":7,"column":14},"end":{"line":7,"column":54}},{"start":{"line":7,"column":58},"end":{"line":7,"column":102}}],"line":7}},"s":{"0":0,"1":0,"2":0,"3":0,"4":0,"5":0,"6":0,"7":0,"8":0,"9":0},"f":{"0":0},"b":{"0":[0,0],"1":[0,0],"2":[0,0]}}
,"/home/runner/workspace/frontend/src/utils/errorHandling.ts": {"path":"/home/runner/workspace/frontend/src/utils/errorHandling.ts","statementMap":{"0":{"start":{"line":1,"column":37},"end":{"line":23,"column":1}},"1":{"start":{"line":2,"column":2},"end":{"line":4,"column":3}},"2":{"start":{"line":3,"column":4},"end":{"line":3,"column":42}},"3":{"start":{"line":6,"column":2},"end":{"line":8,"column":3}},"4":{"start":{"line":7,"column":4},"end":{"line":7,"column":49}},"5":{"start":{"line":10,"column":2},"end":{"line":12,"column":3}},"6":{"start":{"line":11,"column":4},"end":{"line":11,"column":75}},"7":{"start":{"line":14,"column":2},"end":{"line":16,"column":3}},"8":{"start":{"line":15,"column":4},"end":{"line":15,"column":86}},"9":{"start":{"line":18,"column":2},"end":{"line":20,"column":3}},"10":{"start":{"line":19,"column":4},"end":{"line":19,"column":56}},"11":{"start":{"line":22,"column":2},"end":{"line":22,"column":57}}},"fnMap":{"0":{"name":"(anonymous_0)","decl":{"start":{"line":1,"column":37},"end":{"line":1,"column":38}},"loc":{"start":{"line":1,"column":61},"end":{"line":23,"column":1}},"line":1}},"branchMap":{"0":{"loc":{"start":{"line":2,"column":2},"end":{"line":4,"column":3}},"type":"if","locations":[{"start":{"line":2,"column":2},"end":{"line":4,"column":3}},{"start":{},"end":{}}],"line":2},"1":{"loc":{"start":{"line":6,"column":2},"end":{"line":8,"column":3}},"type":"if","locations":[{"start":{"line":6,"column":2},"end":{"line":8,"column":3}},{"start":{},"end":{}}],"line":6},"2":{"loc":{"start":{"line":10,"column":2},"end":{"line":12,"column":3}},"type":"if","locations":[{"start":{"line":10,"column":2},"end":{"line":12,"column":3}},{"start":{},"end":{}}],"line":10},"3":{"loc":{"start":{"line":14,"column":2},"end":{"line":16,"column":3}},"type":"if","locations":[{"start":{"line":14,"column":2},"end":{"line":16,"column":3}},{"start":{},"end":{}}],"line":14},"4":{"loc":{"start":{"line":18,"column":2},"end":{"line":20,"column":3}},"type":"if","locations":[{"start":{"line":18,"column":2},"end":{"line":20,"column":3}},{"start":{},"end":{}}],"line":18},"5":{"loc":{"start":{"line":22,"column":9},"end":{"line":22,"column":56}},"type":"binary-expr","locations":[{"start":{"line":22,"column":9},"end":{"line":22,"column":22}},{"start":{"line":22,"column":26},"end":{"line":22,"column":56}}],"line":22}},"s":{"0":0,"1":0,"2":0,"3":0,"4":0,"5":0,"6":0,"7":0,"8":0,"9":0,"10":0,"11":0},"f":{"0":0},"b":{"0":[0,0],"1":[0,0],"2":[0,0],"3":[0,0],"4":[0,0],"5":[0,0]}}
,"/home/runner/workspace/frontend/src/utils/microcopy.ts": {"path":"/home/runner/workspace/frontend/src/utils/microcopy.ts","statementMap":{"0":{"start":{"line":6,"column":25},"end":{"line":57,"column":1}},"1":{"start":{"line":60,"column":33},"end":{"line":80,"column":1}},"2":{"start":{"line":61,"column":43},"end":{"line":77,"column":3}},"3":{"start":{"line":79,"column":2},"end":{"line":79,"column":70}},"4":{"start":{"line":83,"column":30},"end":{"line":96,"column":1}},"5":{"start":{"line":84,"column":47},"end":{"line":93,"column":3}},"6":{"start":{"line":95,"column":2},"end":{"line":95,"column":82}},"7":{"start":{"line":99,"column":31},"end":{"line":110,"column":1}},"8":{"start":{"line":100,"column":43},"end":{"line":107,"column":3}},"9":{"start":{"line":109,"column":2},"end":{"line":109,"column":85}},"10":{"start":{"line":113,"column":30},"end":{"line":126,"column":1}},"11":{"start":{"line":114,"column":46},"end":{"line":123,"column":3}},"12":{"start":{"line":125,"column":2},"end":{"line":125,"column":80}},"13":{"start":{"line":129,"column":34},"end":{"line":137,"column":1}},"14":{"start":{"line":130,"column":19},"end":{"line":130,"column":51}},"15":{"start":{"line":132,"column":2},"end":{"line":132,"column":73}},"16":{"start":{"line":132,"column":21},"end":{"line":132,"column":73}},"17":{"start":{"line":133,"column":2},"end":{"line":133,"column":77}},"18":{"start":{"line":133,"column":21},"end":{"line":133,"column":77}},"19":{"start":{"line":134,"column":2},"end":{"line":134,"column":68}},"20":{"start":{"line":134,"column":21},"end":{"line":134,"column":68}},"21":{"start":{"line":135,"column":2},"end":{"line":135,"column":70}},"22":{"start":{"line":135,"column":22},"end":{"line":135,"column":70}},"23":{"start":{"line":136,"column":2},"end":{"line":136,"column":24}},"24":{"start":{"line":140,"column":35},"end":{"line":154,"column":1}},"25":{"start":{"line":141,"column":48},"end":{"line":151,"column":3}},"26":{"start":{"line":153,"column":2},"end":{"line":153,"column":61}}},"fnMap":{"0":{"name":"(anonymous_0)","decl":{"start":{"line":60,"column":33},"end":{"line":60,"column":34}},"loc":{"start":{"line":60,"column":58},"end":{"line":80,"column":1}},"line":60},"1":{"name":"(anonymous_1)","decl":{"start":{"line":83,"column":30},"end":{"line":83,"column":31}},"loc":{"start":{"line":83,"column":59},"end":{"line":96,"column":1}},"line":83},"2":{"name":"(anonymous_2)","decl":{"start":{"line":99,"column":31},"end":{"line":99,"column":32}},"loc":{"start":{"line":99,"column":57},"end":{"line":110,"column":1}},"line":99},"3":{"name":"(anonymous_3)","decl":{"start":{"line":113,"column":30},"end":{"line":113,"column":31}},"loc":{"start":{"line":113,"column":59},"end":{"line":126,"column":1}},"line":113},"4":{"name":"(anonymous_4)","decl":{"start":{"line":129,"column":34},"end":{"line":129,"column":35}},"loc":{"start":{"line":129,"column":75},"end":{"line":137,"column":1}},"line":129},"5":{"name":"(anonymous_5)","decl":{"start":{"line":140,"column":35},"end":{"line":140,"column":36}},"loc":{"start":{"line":140,"column":63},"end":{"line":154,"column":1}},"line":140}},"branchMap":{"0":{"loc":{"start":{"line":79,"column":9},"end":{"line":79,"column":69}},"type":"binary-expr","locations":[{"start":{"line":79,"column":9},"end":{"line":79,"column":22}},{"start":{"line":79,"column":26},"end":{"line":79,"column":69}}],"line":79},"1":{"loc":{"start":{"line":95,"column":9},"end":{"line":95,"column":81}},"type":"binary-expr","locations":[{"start":{"line":95,"column":9},"end":{"line":95,"column":30}},{"start":{"line":95,"column":34},"end":{"line":95,"column":81}}],"line":95},"2":{"loc":{"start":{"line":109,"column":9},"end":{"line":109,"column":84}},"type":"binary-expr","locations":[{"start":{"line":109,"column":9},"end":{"line":109,"column":23}},{"start":{"line":109,"column":27},"end":{"line":109,"column":84}}],"line":109},"3":{"loc":{"start":{"line":125,"column":9},"end":{"line":125,"column":79}},"type":"binary-expr","locations":[{"start":{"line":125,"column":9},"end":{"line":125,"column":29}},{"start":{"line":125,"column":33},"end":{"line":125,"column":79}}],"line":125},"4":{"loc":{"start":{"line":132,"column":2},"end":{"line":132,"column":73}},"type":"if","locations":[{"start":{"line":132,"column":2},"end":{"line":132,"column":73}},{"start":{},"end":{}}],"line":132},"5":{"loc":{"start":{"line":133,"column":2},"end":{"line":133,"column":77}},"type":"if","locations":[{"start":{"line":133,"column":2},"end":{"line":133,"column":77}},{"start":{},"end":{}}],"line":133},"6":{"loc":{"start":{"line":134,"column":2},"end":{"line":134,"column":68}},"type":"if","locations":[{"start":{"line":134,"column":2},"end":{"line":134,"column":68}},{"start":{},"end":{}}],"line":134},"7":{"loc":{"start":{"line":135,"column":2},"end":{"line":135,"column":70}},"type":"if","locations":[{"start":{"line":135,"column":2},"end":{"line":135,"column":70}},{"start":{},"end":{}}],"line":135},"8":{"loc":{"start":{"line":153,"column":9},"end":{"line":153,"column":60}},"type":"binary-expr","locations":[{"start":{"line":153,"column":9},"end":{"line":153,"column":30}},{"start":{"line":153,"column":34},"end":{"line":153,"column":60}}],"line":153}},"s":{"0":0,"1":0,"2":0,"3":0,"4":0,"5":0,"6":0,"7":0,"8":0,"9":0,"10":0,"11":0,"12":0,"13":0,"14":0,"15":0,"16":0,"17":0,"18":0,"19":0,"20":0,"21":0,"22":0,"23":0,"24":0,"25":0,"26":0},"f":{"0":0,"1":0,"2":0,"3":0,"4":0,"5":0},"b":{"0":[0,0],"1":[0,0],"2":[0,0],"3":[0,0],"4":[0,0],"5":[0,0],"6":[0,0],"7":[0,0],"8":[0,0]}}
,"/home/runner/workspace/frontend/src/utils/networkConfig.ts": {"path":"/home/runner/workspace/frontend/src/utils/networkConfig.ts","statementMap":{"0":{"start":{"line":1,"column":30},"end":{"line":24,"column":1}},"1":{"start":{"line":26,"column":31},"end":{"line":26,"column":42}}},"fnMap":{},"branchMap":{},"s":{"0":0,"1":0},"f":{},"b":{}}
,"/home/runner/workspace/frontend/src/utils/networkConnection.ts": {"path":"/home/runner/workspace/frontend/src/utils/networkConnection.ts","statementMap":{"0":{"start":{"line":4,"column":40},"end":{"line":21,"column":1}},"1":{"start":{"line":5,"column":2},"end":{"line":20,"column":3}},"2":{"start":{"line":6,"column":21},"end":{"line":6,"column":34}},"3":{"start":{"line":7,"column":24},"end":{"line":7,"column":55}},"4":{"start":{"line":8,"column":20},"end":{"line":8,"column":47}},"5":{"start":{"line":10,"column":4},"end":{"line":14,"column":7}},"6":{"start":{"line":16,"column":4},"end":{"line":16,"column":16}},"7":{"start":{"line":18,"column":4},"end":{"line":18,"column":58}},"8":{"start":{"line":19,"column":4},"end":{"line":19,"column":17}},"9":{"start":{"line":23,"column":30},"end":{"line":41,"column":1}},"10":{"start":{"line":24,"column":2},"end":{"line":40,"column":3}},"11":{"start":{"line":25,"column":21},"end":{"line":25,"column":34}},"12":{"start":{"line":26,"column":20},"end":{"line":26,"column":47}},"13":{"start":{"line":27,"column":24},"end":{"line":27,"column":55}},"14":{"start":{"line":29,"column":4},"end":{"line":34,"column":6}},"15":{"start":{"line":36,"column":4},"end":{"line":39,"column":6}},"16":{"start":{"line":43,"column":37},"end":{"line":57,"column":1}},"17":{"start":{"line":44,"column":2},"end":{"line":46,"column":3}},"18":{"start":{"line":45,"column":4},"end":{"line":45,"column":93}},"19":{"start":{"line":48,"column":2},"end":{"line":50,"column":3}},"20":{"start":{"line":49,"column":4},"end":{"line":49,"column":75}},"21":{"start":{"line":52,"column":2},"end":{"line":54,"column":3}},"22":{"start":{"line":53,"column":4},"end":{"line":53,"column":67}},"23":{"start":{"line":56,"column":2},"end":{"line":56,"column":54}}},"fnMap":{"0":{"name":"(anonymous_0)","decl":{"start":{"line":4,"column":40},"end":{"line":4,"column":41}},"loc":{"start":{"line":4,"column":70},"end":{"line":21,"column":1}},"line":4},"1":{"name":"(anonymous_1)","decl":{"start":{"line":23,"column":30},"end":{"line":23,"column":31}},"loc":{"start":{"line":23,"column":42},"end":{"line":41,"column":1}},"line":23},"2":{"name":"(anonymous_2)","decl":{"start":{"line":43,"column":37},"end":{"line":43,"column":38}},"loc":{"start":{"line":43,"column":61},"end":{"line":57,"column":1}},"line":43}},"branchMap":{"0":{"loc":{"start":{"line":32,"column":12},"end":{"line":32,"column":39}},"type":"binary-expr","locations":[{"start":{"line":32,"column":12},"end":{"line":32,"column":24}},{"start":{"line":32,"column":28},"end":{"line":32,"column":39}}],"line":32},"1":{"loc":{"start":{"line":38,"column":13},"end":{"line":38,"column":69}},"type":"cond-expr","locations":[{"start":{"line":38,"column":38},"end":{"line":38,"column":51}},{"start":{"line":38,"column":54},"end":{"line":38,"column":69}}],"line":38},"2":{"loc":{"start":{"line":44,"column":2},"end":{"line":46,"column":3}},"type":"if","locations":[{"start":{"line":44,"column":2},"end":{"line":46,"column":3}},{"start":{},"end":{}}],"line":44},"3":{"loc":{"start":{"line":48,"column":2},"end":{"line":50,"column":3}},"type":"if","locations":[{"start":{"line":48,"column":2},"end":{"line":50,"column":3}},{"start":{},"end":{}}],"line":48},"4":{"loc":{"start":{"line":52,"column":2},"end":{"line":54,"column":3}},"type":"if","locations":[{"start":{"line":52,"column":2},"end":{"line":54,"column":3}},{"start":{},"end":{}}],"line":52},"5":{"loc":{"start":{"line":56,"column":9},"end":{"line":56,"column":53}},"type":"binary-expr","locations":[{"start":{"line":56,"column":9},"end":{"line":56,"column":23}},{"start":{"line":56,"column":27},"end":{"line":56,"column":53}}],"line":56}},"s":{"0":0,"1":0,"2":0,"3":0,"4":0,"5":0,"6":0,"7":0,"8":0,"9":0,"10":0,"11":0,"12":0,"13":0,"14":0,"15":0,"16":0,"17":0,"18":0,"19":0,"20":0,"21":0,"22":0,"23":0},"f":{"0":0,"1":0,"2":0},"b":{"0":[0,0],"1":[0,0],"2":[0,0],"3":[0,0],"4":[0,0],"5":[0,0]}}
,"/home/runner/workspace/frontend/src/utils/provider.ts": {"path":"/home/runner/workspace/frontend/src/utils/provider.ts","statementMap":{"0":{"start":{"line":3,"column":45},"end":{"line":3,"column":49}},"1":{"start":{"line":5,"column":27},"end":{"line":30,"column":1}},"2":{"start":{"line":6,"column":2},"end":{"line":8,"column":3}},"3":{"start":{"line":7,"column":4},"end":{"line":7,"column":26}},"4":{"start":{"line":11,"column":2},"end":{"line":18,"column":3}},"5":{"start":{"line":12,"column":4},"end":{"line":17,"column":5}},"6":{"start":{"line":13,"column":6},"end":{"line":13,"column":67}},"7":{"start":{"line":14,"column":6},"end":{"line":14,"column":28}},"8":{"start":{"line":16,"column":6},"end":{"line":16,"column":60}},"9":{"start":{"line":21,"column":2},"end":{"line":29,"column":3}},"10":{"start":{"line":22,"column":4},"end":{"line":22,"column":73}},"11":{"start":{"line":23,"column":4},"end":{"line":23,"column":26}},"12":{"start":{"line":25,"column":4},"end":{"line":25,"column":63}},"13":{"start":{"line":27,"column":4},"end":{"line":27,"column":50}},"14":{"start":{"line":28,"column":4},"end":{"line":28,"column":26}},"15":{"start":{"line":32,"column":37},"end":{"line":42,"column":1}},"16":{"start":{"line":33,"column":2},"end":{"line":41,"column":3}},"17":{"start":{"line":34,"column":21},"end":{"line":34,"column":72}},"18":{"start":{"line":35,"column":4},"end":{"line":35,"column":36}},"19":{"start":{"line":36,"column":4},"end":{"line":36,"column":30}},"20":{"start":{"line":37,"column":4},"end":{"line":37,"column":20}},"21":{"start":{"line":39,"column":4},"end":{"line":39,"column":54}},"22":{"start":{"line":40,"column":4},"end":{"line":40,"column":16}},"23":{"start":{"line":44,"column":33},"end":{"line":49,"column":1}},"24":{"start":{"line":45,"column":2},"end":{"line":47,"column":3}},"25":{"start":{"line":46,"column":4},"end":{"line":46,"column":55}},"26":{"start":{"line":48,"column":2},"end":{"line":48,"column":14}}},"fnMap":{"0":{"name":"(anonymous_0)","decl":{"start":{"line":5,"column":27},"end":{"line":5,"column":28}},"loc":{"start":{"line":5,"column":33},"end":{"line":30,"column":1}},"line":5},"1":{"name":"(anonymous_1)","decl":{"start":{"line":32,"column":37},"end":{"line":32,"column":38}},"loc":{"start":{"line":32,"column":49},"end":{"line":42,"column":1}},"line":32},"2":{"name":"(anonymous_2)","decl":{"start":{"line":44,"column":33},"end":{"line":44,"column":34}},"loc":{"start":{"line":44,"column":39},"end":{"line":49,"column":1}},"line":44}},"branchMap":{"0":{"loc":{"start":{"line":6,"column":2},"end":{"line":8,"column":3}},"type":"if","locations":[{"start":{"line":6,"column":2},"end":{"line":8,"column":3}},{"start":{},"end":{}}],"line":6},"1":{"loc":{"start":{"line":11,"column":2},"end":{"line":18,"column":3}},"type":"if","locations":[{"start":{"line":11,"column":2},"end":{"line":18,"column":3}},{"start":{},"end":{}}],"line":11},"2":{"loc":{"start":{"line":11,"column":6},"end":{"line":11,"column":54}},"type":"binary-expr","locations":[{"start":{"line":11,"column":6},"end":{"line":11,"column":35}},{"start":{"line":11,"column":39},"end":{"line":11,"column":54}}],"line":11},"3":{"loc":{"start":{"line":45,"column":2},"end":{"line":47,"column":3}},"type":"if","locations":[{"start":{"line":45,"column":2},"end":{"line":47,"column":3}},{"start":{},"end":{}}],"line":45},"4":{"loc":{"start":{"line":45,"column":6},"end":{"line":45,"column":54}},"type":"binary-expr","locations":[{"start":{"line":45,"column":6},"end":{"line":45,"column":35}},{"start":{"line":45,"column":39},"end":{"line":45,"column":54}}],"line":45}},"s":{"0":0,"1":0,"2":0,"3":0,"4":0,"5":0,"6":0,"7":0,"8":0,"9":0,"10":0,"11":0,"12":0,"13":0,"14":0,"15":0,"16":0,"17":0,"18":0,"19":0,"20":0,"21":0,"22":0,"23":0,"24":0,"25":0,"26":0},"f":{"0":0,"1":0,"2":0},"b":{"0":[0,0],"1":[0,0],"2":[0,0],"3":[0,0],"4":[0,0]}}
}
