{
"contracts/compliance/ComplianceManager.sol":{"l":{"100":8,"101":8,"104":8,"105":8,"106":8,"107":8,"108":8,"123":4,"124":4,"125":4,"127":4,"129":4,"130":4,"132":4,"133":4,"134":4,"135":4,"136":4,"137":4,"138":4,"139":4,"140":4,"141":4,"143":4,"145":4,"146":4,"154":4,"155":0,"158":4,"161":4,"162":0,"166":4,"167":1,"171":3,"172":0,"176":3,"177":0,"181":3,"182":0,"185":3,"197":1,"198":0,"202":1,"203":0,"210":1,"211":0,"215":1,"216":0,"219":1,"230":0,"231":0,"233":0,"234":0,"236":0,"238":0,"239":0,"253":4,"254":1,"258":3,"259":0,"263":3,"264":3,"267":0,"278":4,"279":0,"283":4,"284":0,"288":4},"path":"/home/runner/workspace/contracts/compliance/ComplianceManager.sol","s":{"1":8,"2":8,"3":4,"4":4,"5":4,"6":4,"7":4,"8":4,"9":4,"10":4,"11":4,"12":4,"13":0,"14":4,"15":4,"16":0,"17":4,"18":1,"19":3,"20":0,"21":3,"22":0,"23":3,"24":0,"25":3,"26":1,"27":0,"28":1,"29":0,"30":1,"31":0,"32":1,"33":0,"34":1,"35":0,"36":0,"37":0,"38":0,"39":0,"40":0,"41":4,"42":1,"43":3,"44":0,"45":3,"46":3,"47":0,"48":4,"49":0,"50":4,"51":0,"52":4},"b":{"1":[4,0],"2":[4,0],"3":[4,0],"4":[4,0],"5":[4,0],"6":[0,4],"7":[0,4],"8":[1,3],"9":[0,3],"10":[0,3],"11":[0,3],"12":[0,1],"13":[0,1],"14":[0,1],"15":[0,1],"16":[0,0],"17":[0,0],"18":[0,0],"19":[0,0],"20":[1,3],"21":[1,0],"22":[0,3],"23":[0,0],"24":[3,0],"25":[0,4],"26":[0,4],"27":[0,0]},"f":{"1":8,"2":4,"3":4,"4":1,"5":0,"6":4,"7":4},"fnMap":{"1":{"name":"constructor","line":99,"loc":{"start":{"line":99,"column":4},"end":{"line":109,"column":4}}},"2":{"name":"createComplianceRecord","line":122,"loc":{"start":{"line":114,"column":4},"end":{"line":148,"column":4}}},"3":{"name":"isCompliant","line":153,"loc":{"start":{"line":153,"column":4},"end":{"line":186,"column":4}}},"4":{"name":"validateTransaction","line":191,"loc":{"start":{"line":191,"column":4},"end":{"line":220,"column":4}}},"5":{"name":"updateComplianceStatus","line":229,"loc":{"start":{"line":225,"column":4},"end":{"line":241,"column":4}}},"6":{"name":"_determineComplianceStatus","line":246,"loc":{"start":{"line":246,"column":4},"end":{"line":268,"column":4}}},"7":{"name":"_getExpiryPeriod","line":273,"loc":{"start":{"line":273,"column":4},"end":{"line":289,"column":4}}}},"statementMap":{"1":{"start":{"line":100,"column":8},"end":{"line":100,"column":44}},"2":{"start":{"line":101,"column":8},"end":{"line":101,"column":49}},"3":{"start":{"line":123,"column":8},"end":{"line":123,"column":58}},"4":{"start":{"line":124,"column":8},"end":{"line":124,"column":80}},"5":{"start":{"line":125,"column":8},"end":{"line":125,"column":81}},"6":{"start":{"line":127,"column":8},"end":{"line":127,"column":65}},"7":{"start":{"line":129,"column":8},"end":{"line":129,"column":50}},"8":{"start":{"line":130,"column":8},"end":{"line":130,"column":45}},"9":{"start":{"line":143,"column":8},"end":{"line":143,"column":75}},"10":{"start":{"line":145,"column":8},"end":{"line":145,"column":4677}},"11":{"start":{"line":146,"column":12},"end":{"line":146,"column":72}},"12":{"start":{"line":154,"column":8},"end":{"line":154,"column":4951}},"13":{"start":{"line":155,"column":12},"end":{"line":155,"column":23}},"14":{"start":{"line":158,"column":8},"end":{"line":158,"column":64}},"15":{"start":{"line":161,"column":8},"end":{"line":161,"column":5131}},"16":{"start":{"line":162,"column":12},"end":{"line":162,"column":24}},"17":{"start":{"line":166,"column":8},"end":{"line":166,"column":5233}},"18":{"start":{"line":167,"column":12},"end":{"line":167,"column":24}},"19":{"start":{"line":171,"column":8},"end":{"line":171,"column":5352}},"20":{"start":{"line":172,"column":12},"end":{"line":172,"column":24}},"21":{"start":{"line":176,"column":8},"end":{"line":176,"column":5475}},"22":{"start":{"line":177,"column":12},"end":{"line":177,"column":24}},"23":{"start":{"line":181,"column":8},"end":{"line":181,"column":5602}},"24":{"start":{"line":182,"column":12},"end":{"line":182,"column":24}},"25":{"start":{"line":185,"column":8},"end":{"line":185,"column":19}},"26":{"start":{"line":197,"column":8},"end":{"line":197,"column":6008}},"27":{"start":{"line":198,"column":12},"end":{"line":198,"column":52}},"28":{"start":{"line":202,"column":8},"end":{"line":202,"column":6154}},"29":{"start":{"line":203,"column":12},"end":{"line":203,"column":56}},"30":{"start":{"line":210,"column":8},"end":{"line":210,"column":6446}},"31":{"start":{"line":211,"column":12},"end":{"line":211,"column":49}},"32":{"start":{"line":215,"column":8},"end":{"line":215,"column":6586}},"33":{"start":{"line":216,"column":12},"end":{"line":216,"column":50}},"34":{"start":{"line":219,"column":8},"end":{"line":219,"column":46}},"35":{"start":{"line":230,"column":8},"end":{"line":230,"column":65}},"36":{"start":{"line":231,"column":8},"end":{"line":231,"column":72}},"37":{"start":{"line":233,"column":8},"end":{"line":233,"column":50}},"38":{"start":{"line":236,"column":8},"end":{"line":236,"column":64}},"39":{"start":{"line":238,"column":8},"end":{"line":238,"column":7298}},"40":{"start":{"line":239,"column":12},"end":{"line":239,"column":67}},"41":{"start":{"line":253,"column":8},"end":{"line":253,"column":7791}},"42":{"start":{"line":254,"column":12},"end":{"line":254,"column":44}},"43":{"start":{"line":258,"column":8},"end":{"line":258,"column":7961}},"44":{"start":{"line":259,"column":12},"end":{"line":259,"column":43}},"45":{"start":{"line":263,"column":8},"end":{"line":263,"column":8132}},"46":{"start":{"line":264,"column":12},"end":{"line":264,"column":44}},"47":{"start":{"line":267,"column":8},"end":{"line":267,"column":39}},"48":{"start":{"line":278,"column":8},"end":{"line":278,"column":8545}},"49":{"start":{"line":279,"column":12},"end":{"line":279,"column":38}},"50":{"start":{"line":283,"column":8},"end":{"line":283,"column":8705}},"51":{"start":{"line":284,"column":12},"end":{"line":284,"column":34}},"52":{"start":{"line":288,"column":8},"end":{"line":288,"column":54}}},"branchMap":{"1":{"line":122,"type":"if","locations":[{"start":{"line":122,"column":15},"end":{"line":122,"column":15}},{"start":{"line":122,"column":15},"end":{"line":122,"column":15}}]},"2":{"line":123,"type":"if","locations":[{"start":{"line":123,"column":8},"end":{"line":123,"column":8}},{"start":{"line":123,"column":8},"end":{"line":123,"column":8}}]},"3":{"line":124,"type":"if","locations":[{"start":{"line":124,"column":8},"end":{"line":124,"column":8}},{"start":{"line":124,"column":8},"end":{"line":124,"column":8}}]},"4":{"line":125,"type":"if","locations":[{"start":{"line":125,"column":8},"end":{"line":125,"column":8}},{"start":{"line":125,"column":8},"end":{"line":125,"column":8}}]},"5":{"line":145,"type":"if","locations":[{"start":{"line":145,"column":8},"end":{"line":145,"column":8}},{"start":{"line":145,"column":8},"end":{"line":145,"column":8}}]},"6":{"line":154,"type":"if","locations":[{"start":{"line":154,"column":8},"end":{"line":154,"column":8}},{"start":{"line":154,"column":8},"end":{"line":154,"column":8}}]},"7":{"line":161,"type":"if","locations":[{"start":{"line":161,"column":8},"end":{"line":161,"column":8}},{"start":{"line":161,"column":8},"end":{"line":161,"column":8}}]},"8":{"line":166,"type":"if","locations":[{"start":{"line":166,"column":8},"end":{"line":166,"column":8}},{"start":{"line":166,"column":8},"end":{"line":166,"column":8}}]},"9":{"line":171,"type":"if","locations":[{"start":{"line":171,"column":8},"end":{"line":171,"column":8}},{"start":{"line":171,"column":8},"end":{"line":171,"column":8}}]},"10":{"line":176,"type":"if","locations":[{"start":{"line":176,"column":8},"end":{"line":176,"column":8}},{"start":{"line":176,"column":8},"end":{"line":176,"column":8}}]},"11":{"line":181,"type":"if","locations":[{"start":{"line":181,"column":8},"end":{"line":181,"column":8}},{"start":{"line":181,"column":8},"end":{"line":181,"column":8}}]},"12":{"line":197,"type":"if","locations":[{"start":{"line":197,"column":8},"end":{"line":197,"column":8}},{"start":{"line":197,"column":8},"end":{"line":197,"column":8}}]},"13":{"line":202,"type":"if","locations":[{"start":{"line":202,"column":8},"end":{"line":202,"column":8}},{"start":{"line":202,"column":8},"end":{"line":202,"column":8}}]},"14":{"line":210,"type":"if","locations":[{"start":{"line":210,"column":8},"end":{"line":210,"column":8}},{"start":{"line":210,"column":8},"end":{"line":210,"column":8}}]},"15":{"line":215,"type":"if","locations":[{"start":{"line":215,"column":8},"end":{"line":215,"column":8}},{"start":{"line":215,"column":8},"end":{"line":215,"column":8}}]},"16":{"line":229,"type":"if","locations":[{"start":{"line":229,"column":15},"end":{"line":229,"column":15}},{"start":{"line":229,"column":15},"end":{"line":229,"column":15}}]},"17":{"line":231,"type":"if","locations":[{"start":{"line":231,"column":8},"end":{"line":231,"column":8}},{"start":{"line":231,"column":8},"end":{"line":231,"column":8}}]},"18":{"line":238,"type":"if","locations":[{"start":{"line":238,"column":8},"end":{"line":238,"column":8}},{"start":{"line":238,"column":8},"end":{"line":238,"column":8}}]},"19":{"line":238,"type":"cond-expr","locations":[{"start":{"line":238,"column":12},"end":{"line":238,"column":49}},{"start":{"line":238,"column":54},"end":{"line":238,"column":92}}]},"20":{"line":253,"type":"if","locations":[{"start":{"line":253,"column":8},"end":{"line":253,"column":8}},{"start":{"line":253,"column":8},"end":{"line":253,"column":8}}]},"21":{"line":253,"type":"cond-expr","locations":[{"start":{"line":253,"column":12},"end":{"line":253,"column":40}},{"start":{"line":253,"column":45},"end":{"line":253,"column":59}}]},"22":{"line":258,"type":"if","locations":[{"start":{"line":258,"column":8},"end":{"line":258,"column":8}},{"start":{"line":258,"column":8},"end":{"line":258,"column":8}}]},"23":{"line":258,"type":"cond-expr","locations":[{"start":{"line":258,"column":12},"end":{"line":258,"column":34}},{"start":{"line":258,"column":39},"end":{"line":258,"column":46}}]},"24":{"line":263,"type":"if","locations":[{"start":{"line":263,"column":8},"end":{"line":263,"column":8}},{"start":{"line":263,"column":8},"end":{"line":263,"column":8}}]},"25":{"line":278,"type":"if","locations":[{"start":{"line":278,"column":8},"end":{"line":278,"column":8}},{"start":{"line":278,"column":8},"end":{"line":278,"column":8}}]},"26":{"line":283,"type":"if","locations":[{"start":{"line":283,"column":8},"end":{"line":283,"column":8}},{"start":{"line":283,"column":8},"end":{"line":283,"column":8}}]},"27":{"line":283,"type":"cond-expr","locations":[{"start":{"line":283,"column":12},"end":{"line":283,"column":40}},{"start":{"line":283,"column":45},"end":{"line":283,"column":74}}]}}},
"contracts/compliance/IComplianceManager.sol":{"l":{},"path":"/home/runner/workspace/contracts/compliance/IComplianceManager.sol","s":{},"b":{},"f":{},"fnMap":{},"statementMap":{},"branchMap":{}},
"contracts/core/EscrowFactory.sol":{"l":{"38":8,"39":8,"41":8,"42":8,"43":8,"44":8,"57":5,"60":5,"61":5,"62":0,"64":5,"65":0,"67":5,"68":0,"72":5,"73":5,"76":5,"79":5,"80":5,"82":5,"83":5,"87":5,"90":5,"91":5,"95":5,"97":5,"105":0,"106":0,"114":0,"115":0,"123":0,"124":0,"125":0,"134":8,"135":8,"136":8,"145":5,"146":5,"155":1,"163":1,"171":1,"179":1,"187":0},"path":"/home/runner/workspace/contracts/core/EscrowFactory.sol","s":{"1":8,"2":8,"3":5,"4":5,"5":5,"6":5,"7":5,"8":5,"9":5,"10":5,"11":5,"12":5,"13":5,"14":5,"15":5,"16":0,"17":0,"18":0,"19":0,"20":8,"21":8,"22":5,"23":5,"24":1,"25":1,"26":1,"27":1,"28":0},"b":{"1":[8,0],"2":[8,0],"3":[5,0],"4":[5,0],"5":[0,5],"6":[0,5],"7":[0,5],"8":[5,0],"9":[5,0],"10":[0,0],"11":[0,0],"12":[0,0],"13":[0,0],"14":[8,1],"15":[8,0],"16":[5,0]},"f":{"1":8,"2":5,"3":0,"4":0,"5":0,"6":8,"7":5,"8":1,"9":1,"10":1,"11":1,"12":0},"fnMap":{"1":{"name":"constructor","line":37,"loc":{"start":{"line":32,"column":4},"end":{"line":45,"column":4}}},"2":{"name":"createEscrow","line":55,"loc":{"start":{"line":53,"column":4},"end":{"line":98,"column":4}}},"3":{"name":"setDefaultAgent","line":104,"loc":{"start":{"line":104,"column":4},"end":{"line":107,"column":4}}},"4":{"name":"setDefaultArbiter","line":113,"loc":{"start":{"line":113,"column":4},"end":{"line":116,"column":4}}},"5":{"name":"setPlatformFee","line":122,"loc":{"start":{"line":122,"column":4},"end":{"line":126,"column":4}}},"6":{"name":"whitelistToken","line":133,"loc":{"start":{"line":133,"column":4},"end":{"line":137,"column":4}}},"7":{"name":"getEscrowContract","line":144,"loc":{"start":{"line":144,"column":4},"end":{"line":147,"column":4}}},"8":{"name":"isTokenWhitelisted","line":154,"loc":{"start":{"line":154,"column":4},"end":{"line":156,"column":4}}},"9":{"name":"getDefaultAgent","line":162,"loc":{"start":{"line":162,"column":4},"end":{"line":164,"column":4}}},"10":{"name":"getDefaultArbiter","line":170,"loc":{"start":{"line":170,"column":4},"end":{"line":172,"column":4}}},"11":{"name":"getPlatformFee","line":178,"loc":{"start":{"line":178,"column":4},"end":{"line":180,"column":4}}},"12":{"name":"getTotalEscrowContracts","line":186,"loc":{"start":{"line":186,"column":4},"end":{"line":188,"column":4}}}},"statementMap":{"1":{"start":{"line":38,"column":8},"end":{"line":38,"column":72}},"2":{"start":{"line":39,"column":8},"end":{"line":39,"column":73}},"3":{"start":{"line":57,"column":8},"end":{"line":57,"column":79}},"4":{"start":{"line":60,"column":8},"end":{"line":60,"column":68}},"5":{"start":{"line":61,"column":8},"end":{"line":61,"column":2110}},"6":{"start":{"line":64,"column":8},"end":{"line":64,"column":2213}},"7":{"start":{"line":67,"column":8},"end":{"line":67,"column":2322}},"8":{"start":{"line":72,"column":8},"end":{"line":72,"column":94}},"9":{"start":{"line":76,"column":8},"end":{"line":76,"column":63}},"10":{"start":{"line":79,"column":8},"end":{"line":79,"column":2767}},"11":{"start":{"line":80,"column":12},"end":{"line":80,"column":73}},"12":{"start":{"line":82,"column":8},"end":{"line":82,"column":2900}},"13":{"start":{"line":83,"column":12},"end":{"line":83,"column":77}},"14":{"start":{"line":95,"column":8},"end":{"line":95,"column":73}},"15":{"start":{"line":97,"column":8},"end":{"line":97,"column":41}},"16":{"start":{"line":106,"column":8},"end":{"line":106,"column":35}},"17":{"start":{"line":115,"column":8},"end":{"line":115,"column":39}},"18":{"start":{"line":123,"column":8},"end":{"line":123,"column":55}},"19":{"start":{"line":125,"column":8},"end":{"line":125,"column":36}},"20":{"start":{"line":134,"column":8},"end":{"line":134,"column":60}},"21":{"start":{"line":136,"column":8},"end":{"line":136,"column":49}},"22":{"start":{"line":145,"column":8},"end":{"line":145,"column":61}},"23":{"start":{"line":146,"column":8},"end":{"line":146,"column":40}},"24":{"start":{"line":155,"column":8},"end":{"line":155,"column":39}},"25":{"start":{"line":163,"column":8},"end":{"line":163,"column":27}},"26":{"start":{"line":171,"column":8},"end":{"line":171,"column":29}},"27":{"start":{"line":179,"column":8},"end":{"line":179,"column":26}},"28":{"start":{"line":187,"column":8},"end":{"line":187,"column":28}}},"branchMap":{"1":{"line":38,"type":"if","locations":[{"start":{"line":38,"column":8},"end":{"line":38,"column":8}},{"start":{"line":38,"column":8},"end":{"line":38,"column":8}}]},"2":{"line":39,"type":"if","locations":[{"start":{"line":39,"column":8},"end":{"line":39,"column":8}},{"start":{"line":39,"column":8},"end":{"line":39,"column":8}}]},"3":{"line":55,"type":"if","locations":[{"start":{"line":55,"column":24},"end":{"line":55,"column":24}},{"start":{"line":55,"column":24},"end":{"line":55,"column":24}}]},"4":{"line":57,"type":"if","locations":[{"start":{"line":57,"column":8},"end":{"line":57,"column":8}},{"start":{"line":57,"column":8},"end":{"line":57,"column":8}}]},"5":{"line":61,"type":"if","locations":[{"start":{"line":61,"column":8},"end":{"line":61,"column":8}},{"start":{"line":61,"column":8},"end":{"line":61,"column":8}}]},"6":{"line":64,"type":"if","locations":[{"start":{"line":64,"column":8},"end":{"line":64,"column":8}},{"start":{"line":64,"column":8},"end":{"line":64,"column":8}}]},"7":{"line":67,"type":"if","locations":[{"start":{"line":67,"column":8},"end":{"line":67,"column":8}},{"start":{"line":67,"column":8},"end":{"line":67,"column":8}}]},"8":{"line":79,"type":"if","locations":[{"start":{"line":79,"column":8},"end":{"line":79,"column":8}},{"start":{"line":79,"column":8},"end":{"line":79,"column":8}}]},"9":{"line":82,"type":"if","locations":[{"start":{"line":82,"column":8},"end":{"line":82,"column":8}},{"start":{"line":82,"column":8},"end":{"line":82,"column":8}}]},"10":{"line":104,"type":"if","locations":[{"start":{"line":104,"column":62},"end":{"line":104,"column":62}},{"start":{"line":104,"column":62},"end":{"line":104,"column":62}}]},"11":{"line":113,"type":"if","locations":[{"start":{"line":113,"column":66},"end":{"line":113,"column":66}},{"start":{"line":113,"column":66},"end":{"line":113,"column":66}}]},"12":{"line":122,"type":"if","locations":[{"start":{"line":122,"column":59},"end":{"line":122,"column":59}},{"start":{"line":122,"column":59},"end":{"line":122,"column":59}}]},"13":{"line":123,"type":"if","locations":[{"start":{"line":123,"column":8},"end":{"line":123,"column":8}},{"start":{"line":123,"column":8},"end":{"line":123,"column":8}}]},"14":{"line":133,"type":"if","locations":[{"start":{"line":133,"column":79},"end":{"line":133,"column":79}},{"start":{"line":133,"column":79},"end":{"line":133,"column":79}}]},"15":{"line":134,"type":"if","locations":[{"start":{"line":134,"column":8},"end":{"line":134,"column":8}},{"start":{"line":134,"column":8},"end":{"line":134,"column":8}}]},"16":{"line":145,"type":"if","locations":[{"start":{"line":145,"column":8},"end":{"line":145,"column":8}},{"start":{"line":145,"column":8},"end":{"line":145,"column":8}}]}}},
"contracts/core/PropertyEscrow.sol":{"l":{"41":1,"42":1,"50":1,"54":7,"55":7,"59":5,"60":5,"64":6,"65":6,"67":6,"68":6,"70":6,"71":6,"83":5,"84":5,"85":5,"86":5,"87":5,"88":5,"89":5,"90":5,"91":5,"93":5,"96":5,"97":5,"98":5,"99":5,"100":5,"101":5,"102":5,"103":5,"104":5,"105":5,"106":5,"107":5,"108":5,"109":5,"110":5,"112":5,"114":5,"129":2,"131":2,"132":2,"135":2,"141":2,"143":2,"158":1,"160":1,"164":1,"166":1,"167":1,"169":1,"184":0,"185":0,"187":0,"188":0,"189":0,"190":0,"192":0,"193":0,"194":0,"196":0,"197":0,"198":0,"200":0,"203":0,"211":4,"212":4,"214":4,"215":1,"216":1,"217":1,"219":2,"220":2,"221":2,"223":1,"224":1,"225":1,"227":0,"230":4,"245":1,"247":1,"250":1,"251":1,"252":1,"254":1,"257":1,"259":1,"260":1,"263":1,"264":1,"267":1,"269":1,"285":1,"287":1,"292":1,"294":1,"295":1,"298":1,"307":1,"328":1,"330":1,"336":1,"337":1,"338":1,"339":1,"341":1,"342":1,"345":0,"346":0,"347":0,"348":0,"351":1,"365":0,"366":0,"374":1,"376":1,"383":1,"386":1,"388":1,"404":0,"405":0,"420":1,"422":1,"441":0,"456":0,"464":0,"473":5,"481":0,"482":0,"489":0,"496":0,"508":0},"path":"/home/runner/workspace/contracts/core/PropertyEscrow.sol","s":{"1":1,"2":1,"3":7,"4":5,"5":6,"6":6,"7":6,"8":6,"9":5,"10":5,"11":5,"12":5,"13":5,"14":5,"15":5,"16":5,"17":5,"18":5,"19":5,"20":5,"21":5,"22":2,"23":2,"24":2,"25":2,"26":2,"27":1,"28":1,"29":1,"30":1,"31":0,"32":0,"33":0,"34":0,"35":0,"36":0,"37":0,"38":0,"39":0,"40":0,"41":4,"42":4,"43":4,"44":1,"45":3,"46":2,"47":1,"48":1,"49":0,"50":4,"51":1,"52":1,"53":1,"54":1,"55":1,"56":1,"57":1,"58":1,"59":1,"60":1,"61":1,"62":1,"63":1,"64":1,"65":1,"66":1,"67":1,"68":1,"69":1,"70":1,"71":1,"72":1,"73":0,"74":0,"75":1,"76":1,"77":1,"78":1,"79":0,"80":1,"81":1,"82":0,"83":0,"84":0,"85":0,"86":0,"87":0,"88":0},"b":{"1":[1,0],"2":[1,0],"3":[0,0],"4":[0,0],"5":[0,0],"6":[7,0],"7":[5,0],"8":[6,0],"9":[6,0],"10":[5,0],"11":[5,0],"12":[5,0],"13":[5,0],"14":[5,0],"15":[5,0],"16":[5,0],"17":[5,0],"18":[5,0],"19":[5,0],"20":[5,0],"21":[2,0],"22":[2,0],"23":[2,0],"24":[2,0],"25":[2,0],"26":[2,0],"27":[1,0],"28":[1,0],"29":[1,0],"30":[1,0],"31":[1,0],"32":[1,0],"33":[1,0],"34":[0,0],"35":[0,0],"36":[0,0],"37":[0,0],"38":[0,0],"39":[0,0],"40":[0,0],"41":[0,0],"42":[0,0],"43":[0,0],"44":[1,3],"45":[1,0],"46":[2,1],"47":[2,0],"48":[1,0],"49":[1,0],"50":[1,0],"51":[1,0],"52":[1,0],"53":[1,0],"54":[1,0],"55":[1,0],"56":[1,0],"57":[1,0],"58":[1,0],"59":[1,0],"60":[1,0],"61":[1,0],"62":[1,0],"63":[1,0],"64":[1,0],"65":[1,0],"66":[1,0],"67":[1,0],"68":[1,0],"69":[1,0],"70":[1,0],"71":[0,0],"72":[0,0],"73":[0,0],"74":[0,0],"75":[1,0],"76":[0,1],"77":[1,0],"78":[0,0],"79":[0,0],"80":[0,0],"81":[0,0],"82":[0,0],"83":[1,0],"84":[0,1],"85":[0,0],"86":[0,0],"87":[5,0],"88":[0,0],"89":[0,0],"90":[0,0],"91":[0,0],"92":[0,0]},"f":{"1":1,"2":7,"3":5,"4":6,"5":5,"6":2,"7":1,"8":0,"9":4,"10":1,"11":1,"12":1,"13":0,"14":1,"15":0,"16":1,"17":0,"18":0,"19":0,"20":5,"21":0,"22":0,"23":0,"24":0},"fnMap":{"1":{"name":"onlyEscrowParticipant","line":40,"loc":{"start":{"line":40,"column":4},"end":{"line":51,"column":4}}},"2":{"name":"onlyValidEscrow","line":53,"loc":{"start":{"line":53,"column":4},"end":{"line":56,"column":4}}},"3":{"name":"onlyInState","line":58,"loc":{"start":{"line":58,"column":4},"end":{"line":61,"column":4}}},"4":{"name":"constructor","line":63,"loc":{"start":{"line":63,"column":4},"end":{"line":72,"column":4}}},"5":{"name":"createEscrow","line":81,"loc":{"start":{"line":79,"column":4},"end":{"line":115,"column":4}}},"6":{"name":"depositFunds","line":127,"loc":{"start":{"line":121,"column":4},"end":{"line":144,"column":4}}},"7":{"name":"completeVerification","line":156,"loc":{"start":{"line":150,"column":4},"end":{"line":170,"column":4}}},"8":{"name":"giveApproval","line":182,"loc":{"start":{"line":176,"column":4},"end":{"line":204,"column":4}}},"9":{"name":"approveRelease","line":209,"loc":{"start":{"line":209,"column":4},"end":{"line":231,"column":4}}},"10":{"name":"releaseFunds","line":243,"loc":{"start":{"line":237,"column":4},"end":{"line":270,"column":4}}},"11":{"name":"raiseDispute","line":283,"loc":{"start":{"line":277,"column":4},"end":{"line":308,"column":4}}},"12":{"name":"resolveDispute","line":326,"loc":{"start":{"line":316,"column":4},"end":{"line":352,"column":4}}},"13":{"name":"refundBuyer","line":363,"loc":{"start":{"line":358,"column":4},"end":{"line":367,"column":4}}},"14":{"name":"_refundBuyer","line":373,"loc":{"start":{"line":373,"column":4},"end":{"line":389,"column":4}}},"15":{"name":"cancelEscrow","line":402,"loc":{"start":{"line":395,"column":4},"end":{"line":406,"column":4}}},"16":{"name":"canReleaseFunds","line":417,"loc":{"start":{"line":413,"column":4},"end":{"line":427,"column":4}}},"17":{"name":"getEscrow","line":438,"loc":{"start":{"line":434,"column":4},"end":{"line":442,"column":4}}},"18":{"name":"getEscrowState","line":453,"loc":{"start":{"line":449,"column":4},"end":{"line":457,"column":4}}},"19":{"name":"getTotalEscrows","line":463,"loc":{"start":{"line":463,"column":4},"end":{"line":465,"column":4}}},"20":{"name":"whitelistToken","line":472,"loc":{"start":{"line":472,"column":4},"end":{"line":474,"column":4}}},"21":{"name":"setPlatformFee","line":480,"loc":{"start":{"line":480,"column":4},"end":{"line":483,"column":4}}},"22":{"name":"pause","line":488,"loc":{"start":{"line":488,"column":4},"end":{"line":490,"column":4}}},"23":{"name":"unpause","line":495,"loc":{"start":{"line":495,"column":4},"end":{"line":497,"column":4}}},"24":{"name":"emergencyTokenRecovery","line":506,"loc":{"start":{"line":504,"column":4},"end":{"line":509,"column":4}}}},"statementMap":{"1":{"start":{"line":41,"column":8},"end":{"line":41,"column":62}},"2":{"start":{"line":42,"column":8},"end":{"line":42,"column":1690}},"3":{"start":{"line":54,"column":8},"end":{"line":54,"column":61}},"4":{"start":{"line":59,"column":8},"end":{"line":59,"column":80}},"5":{"start":{"line":64,"column":8},"end":{"line":64,"column":72}},"6":{"start":{"line":65,"column":8},"end":{"line":65,"column":83}},"7":{"start":{"line":70,"column":8},"end":{"line":70,"column":49}},"8":{"start":{"line":71,"column":8},"end":{"line":71,"column":41}},"9":{"start":{"line":83,"column":8},"end":{"line":83,"column":67}},"10":{"start":{"line":84,"column":8},"end":{"line":84,"column":69}},"11":{"start":{"line":85,"column":8},"end":{"line":85,"column":83}},"12":{"start":{"line":86,"column":8},"end":{"line":86,"column":74}},"13":{"start":{"line":87,"column":8},"end":{"line":87,"column":79}},"14":{"start":{"line":88,"column":8},"end":{"line":88,"column":75}},"15":{"start":{"line":89,"column":8},"end":{"line":89,"column":84}},"16":{"start":{"line":90,"column":8},"end":{"line":90,"column":101}},"17":{"start":{"line":91,"column":8},"end":{"line":91,"column":84}},"18":{"start":{"line":93,"column":8},"end":{"line":93,"column":42}},"19":{"start":{"line":96,"column":8},"end":{"line":96,"column":66}},"20":{"start":{"line":112,"column":8},"end":{"line":112,"column":87}},"21":{"start":{"line":114,"column":8},"end":{"line":114,"column":23}},"22":{"start":{"line":129,"column":8},"end":{"line":129,"column":63}},"23":{"start":{"line":131,"column":8},"end":{"line":131,"column":68}},"24":{"start":{"line":132,"column":8},"end":{"line":132,"column":84}},"25":{"start":{"line":135,"column":8},"end":{"line":135,"column":5423}},"26":{"start":{"line":143,"column":8},"end":{"line":143,"column":71}},"27":{"start":{"line":158,"column":8},"end":{"line":158,"column":63}},"28":{"start":{"line":160,"column":8},"end":{"line":160,"column":6154}},"29":{"start":{"line":164,"column":8},"end":{"line":164,"column":94}},"30":{"start":{"line":169,"column":8},"end":{"line":169,"column":56}},"31":{"start":{"line":184,"column":8},"end":{"line":184,"column":63}},"32":{"start":{"line":185,"column":8},"end":{"line":185,"column":31}},"33":{"start":{"line":187,"column":8},"end":{"line":187,"column":7024}},"34":{"start":{"line":188,"column":12},"end":{"line":188,"column":67}},"35":{"start":{"line":191,"column":15},"end":{"line":191,"column":7229}},"36":{"start":{"line":192,"column":12},"end":{"line":192,"column":69}},"37":{"start":{"line":195,"column":15},"end":{"line":195,"column":7439}},"38":{"start":{"line":196,"column":12},"end":{"line":196,"column":67}},"39":{"start":{"line":200,"column":12},"end":{"line":200,"column":46}},"40":{"start":{"line":203,"column":8},"end":{"line":203,"column":54}},"41":{"start":{"line":211,"column":8},"end":{"line":211,"column":56}},"42":{"start":{"line":212,"column":8},"end":{"line":212,"column":31}},"43":{"start":{"line":214,"column":8},"end":{"line":214,"column":8053}},"44":{"start":{"line":215,"column":12},"end":{"line":215,"column":67}},"45":{"start":{"line":218,"column":15},"end":{"line":218,"column":8258}},"46":{"start":{"line":219,"column":12},"end":{"line":219,"column":69}},"47":{"start":{"line":222,"column":15},"end":{"line":222,"column":8468}},"48":{"start":{"line":223,"column":12},"end":{"line":223,"column":67}},"49":{"start":{"line":227,"column":12},"end":{"line":227,"column":46}},"50":{"start":{"line":230,"column":8},"end":{"line":230,"column":47}},"51":{"start":{"line":245,"column":8},"end":{"line":245,"column":71}},"52":{"start":{"line":247,"column":8},"end":{"line":247,"column":63}},"53":{"start":{"line":250,"column":8},"end":{"line":250,"column":94}},"54":{"start":{"line":251,"column":8},"end":{"line":251,"column":48}},"55":{"start":{"line":252,"column":8},"end":{"line":252,"column":88}},"56":{"start":{"line":257,"column":8},"end":{"line":257,"column":50}},"57":{"start":{"line":259,"column":8},"end":{"line":259,"column":9721}},"58":{"start":{"line":260,"column":12},"end":{"line":260,"column":64}},"59":{"start":{"line":263,"column":8},"end":{"line":263,"column":9844}},"60":{"start":{"line":264,"column":12},"end":{"line":264,"column":59}},"61":{"start":{"line":267,"column":8},"end":{"line":267,"column":54}},"62":{"start":{"line":269,"column":8},"end":{"line":269,"column":65}},"63":{"start":{"line":285,"column":8},"end":{"line":285,"column":63}},"64":{"start":{"line":287,"column":8},"end":{"line":287,"column":10572}},"65":{"start":{"line":292,"column":8},"end":{"line":292,"column":67}},"66":{"start":{"line":307,"column":8},"end":{"line":307,"column":56}},"67":{"start":{"line":328,"column":8},"end":{"line":328,"column":63}},"68":{"start":{"line":330,"column":8},"end":{"line":330,"column":11922}},"69":{"start":{"line":336,"column":8},"end":{"line":336,"column":66}},"70":{"start":{"line":341,"column":8},"end":{"line":341,"column":12293}},"71":{"start":{"line":342,"column":12},"end":{"line":342,"column":33}},"72":{"start":{"line":351,"column":8},"end":{"line":351,"column":62}},"73":{"start":{"line":365,"column":8},"end":{"line":365,"column":72}},"74":{"start":{"line":366,"column":8},"end":{"line":366,"column":29}},"75":{"start":{"line":374,"column":8},"end":{"line":374,"column":63}},"76":{"start":{"line":376,"column":8},"end":{"line":376,"column":13355}},"77":{"start":{"line":386,"column":8},"end":{"line":386,"column":83}},"78":{"start":{"line":388,"column":8},"end":{"line":388,"column":72}},"79":{"start":{"line":405,"column":8},"end":{"line":405,"column":50}},"80":{"start":{"line":420,"column":8},"end":{"line":420,"column":62}},"81":{"start":{"line":422,"column":8},"end":{"line":422,"column":14869}},"82":{"start":{"line":441,"column":8},"end":{"line":441,"column":32}},"83":{"start":{"line":456,"column":8},"end":{"line":456,"column":38}},"84":{"start":{"line":464,"column":8},"end":{"line":464,"column":28}},"85":{"start":{"line":481,"column":8},"end":{"line":481,"column":55}},"86":{"start":{"line":489,"column":8},"end":{"line":489,"column":15}},"87":{"start":{"line":496,"column":8},"end":{"line":496,"column":17}},"88":{"start":{"line":508,"column":8},"end":{"line":508,"column":53}}},"branchMap":{"1":{"line":42,"type":"if","locations":[{"start":{"line":42,"column":8},"end":{"line":42,"column":8}},{"start":{"line":42,"column":8},"end":{"line":42,"column":8}}]},"2":{"line":43,"type":"cond-expr","locations":[{"start":{"line":43,"column":12},"end":{"line":43,"column":37}},{"start":{"line":44,"column":12},"end":{"line":44,"column":38}}]},"3":{"line":43,"type":"cond-expr","locations":[{"start":{"line":43,"column":12},"end":{"line":44,"column":38}},{"start":{"line":45,"column":12},"end":{"line":45,"column":37}}]},"4":{"line":43,"type":"cond-expr","locations":[{"start":{"line":43,"column":12},"end":{"line":45,"column":37}},{"start":{"line":46,"column":12},"end":{"line":46,"column":39}}]},"5":{"line":43,"type":"cond-expr","locations":[{"start":{"line":43,"column":12},"end":{"line":46,"column":39}},{"start":{"line":47,"column":12},"end":{"line":47,"column":42}}]},"6":{"line":54,"type":"if","locations":[{"start":{"line":54,"column":8},"end":{"line":54,"column":8}},{"start":{"line":54,"column":8},"end":{"line":54,"column":8}}]},"7":{"line":59,"type":"if","locations":[{"start":{"line":59,"column":8},"end":{"line":59,"column":8}},{"start":{"line":59,"column":8},"end":{"line":59,"column":8}}]},"8":{"line":64,"type":"if","locations":[{"start":{"line":64,"column":8},"end":{"line":64,"column":8}},{"start":{"line":64,"column":8},"end":{"line":64,"column":8}}]},"9":{"line":65,"type":"if","locations":[{"start":{"line":65,"column":8},"end":{"line":65,"column":8}},{"start":{"line":65,"column":8},"end":{"line":65,"column":8}}]},"10":{"line":81,"type":"if","locations":[{"start":{"line":81,"column":24},"end":{"line":81,"column":24}},{"start":{"line":81,"column":24},"end":{"line":81,"column":24}}]},"11":{"line":81,"type":"if","locations":[{"start":{"line":81,"column":37},"end":{"line":81,"column":37}},{"start":{"line":81,"column":37},"end":{"line":81,"column":37}}]},"12":{"line":83,"type":"if","locations":[{"start":{"line":83,"column":8},"end":{"line":83,"column":8}},{"start":{"line":83,"column":8},"end":{"line":83,"column":8}}]},"13":{"line":84,"type":"if","locations":[{"start":{"line":84,"column":8},"end":{"line":84,"column":8}},{"start":{"line":84,"column":8},"end":{"line":84,"column":8}}]},"14":{"line":85,"type":"if","locations":[{"start":{"line":85,"column":8},"end":{"line":85,"column":8}},{"start":{"line":85,"column":8},"end":{"line":85,"column":8}}]},"15":{"line":86,"type":"if","locations":[{"start":{"line":86,"column":8},"end":{"line":86,"column":8}},{"start":{"line":86,"column":8},"end":{"line":86,"column":8}}]},"16":{"line":87,"type":"if","locations":[{"start":{"line":87,"column":8},"end":{"line":87,"column":8}},{"start":{"line":87,"column":8},"end":{"line":87,"column":8}}]},"17":{"line":88,"type":"if","locations":[{"start":{"line":88,"column":8},"end":{"line":88,"column":8}},{"start":{"line":88,"column":8},"end":{"line":88,"column":8}}]},"18":{"line":89,"type":"if","locations":[{"start":{"line":89,"column":8},"end":{"line":89,"column":8}},{"start":{"line":89,"column":8},"end":{"line":89,"column":8}}]},"19":{"line":90,"type":"if","locations":[{"start":{"line":90,"column":8},"end":{"line":90,"column":8}},{"start":{"line":90,"column":8},"end":{"line":90,"column":8}}]},"20":{"line":91,"type":"if","locations":[{"start":{"line":91,"column":8},"end":{"line":91,"column":8}},{"start":{"line":91,"column":8},"end":{"line":91,"column":8}}]},"21":{"line":124,"type":"if","locations":[{"start":{"line":124,"column":8},"end":{"line":124,"column":8}},{"start":{"line":124,"column":8},"end":{"line":124,"column":8}}]},"22":{"line":125,"type":"if","locations":[{"start":{"line":125,"column":8},"end":{"line":125,"column":8}},{"start":{"line":125,"column":8},"end":{"line":125,"column":8}}]},"23":{"line":126,"type":"if","locations":[{"start":{"line":126,"column":8},"end":{"line":126,"column":8}},{"start":{"line":126,"column":8},"end":{"line":126,"column":8}}]},"24":{"line":127,"type":"if","locations":[{"start":{"line":127,"column":8},"end":{"line":127,"column":8}},{"start":{"line":127,"column":8},"end":{"line":127,"column":8}}]},"25":{"line":131,"type":"if","locations":[{"start":{"line":131,"column":8},"end":{"line":131,"column":8}},{"start":{"line":131,"column":8},"end":{"line":131,"column":8}}]},"26":{"line":132,"type":"if","locations":[{"start":{"line":132,"column":8},"end":{"line":132,"column":8}},{"start":{"line":132,"column":8},"end":{"line":132,"column":8}}]},"27":{"line":153,"type":"if","locations":[{"start":{"line":153,"column":8},"end":{"line":153,"column":8}},{"start":{"line":153,"column":8},"end":{"line":153,"column":8}}]},"28":{"line":154,"type":"if","locations":[{"start":{"line":154,"column":8},"end":{"line":154,"column":8}},{"start":{"line":154,"column":8},"end":{"line":154,"column":8}}]},"29":{"line":155,"type":"if","locations":[{"start":{"line":155,"column":8},"end":{"line":155,"column":8}},{"start":{"line":155,"column":8},"end":{"line":155,"column":8}}]},"30":{"line":156,"type":"if","locations":[{"start":{"line":156,"column":8},"end":{"line":156,"column":8}},{"start":{"line":156,"column":8},"end":{"line":156,"column":8}}]},"31":{"line":160,"type":"if","locations":[{"start":{"line":160,"column":8},"end":{"line":160,"column":8}},{"start":{"line":160,"column":8},"end":{"line":160,"column":8}}]},"32":{"line":161,"type":"cond-expr","locations":[{"start":{"line":161,"column":12},"end":{"line":161,"column":37}},{"start":{"line":161,"column":42},"end":{"line":161,"column":72}}]},"33":{"line":164,"type":"if","locations":[{"start":{"line":164,"column":8},"end":{"line":164,"column":8}},{"start":{"line":164,"column":8},"end":{"line":164,"column":8}}]},"34":{"line":179,"type":"if","locations":[{"start":{"line":179,"column":8},"end":{"line":179,"column":8}},{"start":{"line":179,"column":8},"end":{"line":179,"column":8}}]},"35":{"line":180,"type":"if","locations":[{"start":{"line":180,"column":8},"end":{"line":180,"column":8}},{"start":{"line":180,"column":8},"end":{"line":180,"column":8}}]},"36":{"line":181,"type":"if","locations":[{"start":{"line":181,"column":8},"end":{"line":181,"column":8}},{"start":{"line":181,"column":8},"end":{"line":181,"column":8}}]},"37":{"line":182,"type":"if","locations":[{"start":{"line":182,"column":8},"end":{"line":182,"column":8}},{"start":{"line":182,"column":8},"end":{"line":182,"column":8}}]},"38":{"line":187,"type":"if","locations":[{"start":{"line":187,"column":8},"end":{"line":187,"column":8}},{"start":{"line":187,"column":8},"end":{"line":187,"column":8}}]},"39":{"line":188,"type":"if","locations":[{"start":{"line":188,"column":12},"end":{"line":188,"column":12}},{"start":{"line":188,"column":12},"end":{"line":188,"column":12}}]},"40":{"line":191,"type":"if","locations":[{"start":{"line":191,"column":15},"end":{"line":191,"column":15}},{"start":{"line":191,"column":15},"end":{"line":191,"column":15}}]},"41":{"line":192,"type":"if","locations":[{"start":{"line":192,"column":12},"end":{"line":192,"column":12}},{"start":{"line":192,"column":12},"end":{"line":192,"column":12}}]},"42":{"line":195,"type":"if","locations":[{"start":{"line":195,"column":15},"end":{"line":195,"column":15}},{"start":{"line":195,"column":15},"end":{"line":195,"column":15}}]},"43":{"line":196,"type":"if","locations":[{"start":{"line":196,"column":12},"end":{"line":196,"column":12}},{"start":{"line":196,"column":12},"end":{"line":196,"column":12}}]},"44":{"line":214,"type":"if","locations":[{"start":{"line":214,"column":8},"end":{"line":214,"column":8}},{"start":{"line":214,"column":8},"end":{"line":214,"column":8}}]},"45":{"line":215,"type":"if","locations":[{"start":{"line":215,"column":12},"end":{"line":215,"column":12}},{"start":{"line":215,"column":12},"end":{"line":215,"column":12}}]},"46":{"line":218,"type":"if","locations":[{"start":{"line":218,"column":15},"end":{"line":218,"column":15}},{"start":{"line":218,"column":15},"end":{"line":218,"column":15}}]},"47":{"line":219,"type":"if","locations":[{"start":{"line":219,"column":12},"end":{"line":219,"column":12}},{"start":{"line":219,"column":12},"end":{"line":219,"column":12}}]},"48":{"line":222,"type":"if","locations":[{"start":{"line":222,"column":15},"end":{"line":222,"column":15}},{"start":{"line":222,"column":15},"end":{"line":222,"column":15}}]},"49":{"line":223,"type":"if","locations":[{"start":{"line":223,"column":12},"end":{"line":223,"column":12}},{"start":{"line":223,"column":12},"end":{"line":223,"column":12}}]},"50":{"line":240,"type":"if","locations":[{"start":{"line":240,"column":8},"end":{"line":240,"column":8}},{"start":{"line":240,"column":8},"end":{"line":240,"column":8}}]},"51":{"line":241,"type":"if","locations":[{"start":{"line":241,"column":8},"end":{"line":241,"column":8}},{"start":{"line":241,"column":8},"end":{"line":241,"column":8}}]},"52":{"line":242,"type":"if","locations":[{"start":{"line":242,"column":8},"end":{"line":242,"column":8}},{"start":{"line":242,"column":8},"end":{"line":242,"column":8}}]},"53":{"line":243,"type":"if","locations":[{"start":{"line":243,"column":8},"end":{"line":243,"column":8}},{"start":{"line":243,"column":8},"end":{"line":243,"column":8}}]},"54":{"line":245,"type":"if","locations":[{"start":{"line":245,"column":8},"end":{"line":245,"column":8}},{"start":{"line":245,"column":8},"end":{"line":245,"column":8}}]},"55":{"line":259,"type":"if","locations":[{"start":{"line":259,"column":8},"end":{"line":259,"column":8}},{"start":{"line":259,"column":8},"end":{"line":259,"column":8}}]},"56":{"line":263,"type":"if","locations":[{"start":{"line":263,"column":8},"end":{"line":263,"column":8}},{"start":{"line":263,"column":8},"end":{"line":263,"column":8}}]},"57":{"line":280,"type":"if","locations":[{"start":{"line":280,"column":8},"end":{"line":280,"column":8}},{"start":{"line":280,"column":8},"end":{"line":280,"column":8}}]},"58":{"line":281,"type":"if","locations":[{"start":{"line":281,"column":8},"end":{"line":281,"column":8}},{"start":{"line":281,"column":8},"end":{"line":281,"column":8}}]},"59":{"line":282,"type":"if","locations":[{"start":{"line":282,"column":8},"end":{"line":282,"column":8}},{"start":{"line":282,"column":8},"end":{"line":282,"column":8}}]},"60":{"line":283,"type":"if","locations":[{"start":{"line":283,"column":8},"end":{"line":283,"column":8}},{"start":{"line":283,"column":8},"end":{"line":283,"column":8}}]},"61":{"line":287,"type":"if","locations":[{"start":{"line":287,"column":8},"end":{"line":287,"column":8}},{"start":{"line":287,"column":8},"end":{"line":287,"column":8}}]},"62":{"line":288,"type":"cond-expr","locations":[{"start":{"line":288,"column":12},"end":{"line":288,"column":62}},{"start":{"line":289,"column":12},"end":{"line":289,"column":61}}]},"63":{"line":292,"type":"if","locations":[{"start":{"line":292,"column":8},"end":{"line":292,"column":8}},{"start":{"line":292,"column":8},"end":{"line":292,"column":8}}]},"64":{"line":323,"type":"if","locations":[{"start":{"line":323,"column":8},"end":{"line":323,"column":8}},{"start":{"line":323,"column":8},"end":{"line":323,"column":8}}]},"65":{"line":324,"type":"if","locations":[{"start":{"line":324,"column":8},"end":{"line":324,"column":8}},{"start":{"line":324,"column":8},"end":{"line":324,"column":8}}]},"66":{"line":325,"type":"if","locations":[{"start":{"line":325,"column":8},"end":{"line":325,"column":8}},{"start":{"line":325,"column":8},"end":{"line":325,"column":8}}]},"67":{"line":326,"type":"if","locations":[{"start":{"line":326,"column":8},"end":{"line":326,"column":8}},{"start":{"line":326,"column":8},"end":{"line":326,"column":8}}]},"68":{"line":330,"type":"if","locations":[{"start":{"line":330,"column":8},"end":{"line":330,"column":8}},{"start":{"line":330,"column":8},"end":{"line":330,"column":8}}]},"69":{"line":331,"type":"cond-expr","locations":[{"start":{"line":331,"column":12},"end":{"line":331,"column":39}},{"start":{"line":331,"column":44},"end":{"line":331,"column":74}}]},"70":{"line":341,"type":"if","locations":[{"start":{"line":341,"column":8},"end":{"line":341,"column":8}},{"start":{"line":341,"column":8},"end":{"line":341,"column":8}}]},"71":{"line":361,"type":"if","locations":[{"start":{"line":361,"column":8},"end":{"line":361,"column":8}},{"start":{"line":361,"column":8},"end":{"line":361,"column":8}}]},"72":{"line":362,"type":"if","locations":[{"start":{"line":362,"column":8},"end":{"line":362,"column":8}},{"start":{"line":362,"column":8},"end":{"line":362,"column":8}}]},"73":{"line":363,"type":"if","locations":[{"start":{"line":363,"column":8},"end":{"line":363,"column":8}},{"start":{"line":363,"column":8},"end":{"line":363,"column":8}}]},"74":{"line":365,"type":"if","locations":[{"start":{"line":365,"column":8},"end":{"line":365,"column":8}},{"start":{"line":365,"column":8},"end":{"line":365,"column":8}}]},"75":{"line":376,"type":"if","locations":[{"start":{"line":376,"column":8},"end":{"line":376,"column":8}},{"start":{"line":376,"column":8},"end":{"line":376,"column":8}}]},"76":{"line":377,"type":"cond-expr","locations":[{"start":{"line":377,"column":12},"end":{"line":377,"column":62}},{"start":{"line":378,"column":12},"end":{"line":378,"column":61}}]},"77":{"line":377,"type":"cond-expr","locations":[{"start":{"line":377,"column":12},"end":{"line":378,"column":61}},{"start":{"line":379,"column":12},"end":{"line":379,"column":61}}]},"78":{"line":398,"type":"if","locations":[{"start":{"line":398,"column":8},"end":{"line":398,"column":8}},{"start":{"line":398,"column":8},"end":{"line":398,"column":8}}]},"79":{"line":399,"type":"if","locations":[{"start":{"line":399,"column":8},"end":{"line":399,"column":8}},{"start":{"line":399,"column":8},"end":{"line":399,"column":8}}]},"80":{"line":400,"type":"if","locations":[{"start":{"line":400,"column":8},"end":{"line":400,"column":8}},{"start":{"line":400,"column":8},"end":{"line":400,"column":8}}]},"81":{"line":401,"type":"if","locations":[{"start":{"line":401,"column":8},"end":{"line":401,"column":8}},{"start":{"line":401,"column":8},"end":{"line":401,"column":8}}]},"82":{"line":402,"type":"if","locations":[{"start":{"line":402,"column":8},"end":{"line":402,"column":8}},{"start":{"line":402,"column":8},"end":{"line":402,"column":8}}]},"83":{"line":417,"type":"if","locations":[{"start":{"line":417,"column":8},"end":{"line":417,"column":8}},{"start":{"line":417,"column":8},"end":{"line":417,"column":8}}]},"84":{"line":426,"type":"cond-expr","locations":[{"start":{"line":426,"column":16},"end":{"line":426,"column":41}},{"start":{"line":426,"column":46},"end":{"line":426,"column":65}}]},"85":{"line":438,"type":"if","locations":[{"start":{"line":438,"column":8},"end":{"line":438,"column":8}},{"start":{"line":438,"column":8},"end":{"line":438,"column":8}}]},"86":{"line":453,"type":"if","locations":[{"start":{"line":453,"column":8},"end":{"line":453,"column":8}},{"start":{"line":453,"column":8},"end":{"line":453,"column":8}}]},"87":{"line":472,"type":"if","locations":[{"start":{"line":472,"column":70},"end":{"line":472,"column":70}},{"start":{"line":472,"column":70},"end":{"line":472,"column":70}}]},"88":{"line":480,"type":"if","locations":[{"start":{"line":480,"column":50},"end":{"line":480,"column":50}},{"start":{"line":480,"column":50},"end":{"line":480,"column":50}}]},"89":{"line":481,"type":"if","locations":[{"start":{"line":481,"column":8},"end":{"line":481,"column":8}},{"start":{"line":481,"column":8},"end":{"line":481,"column":8}}]},"90":{"line":488,"type":"if","locations":[{"start":{"line":488,"column":30},"end":{"line":488,"column":30}},{"start":{"line":488,"column":30},"end":{"line":488,"column":30}}]},"91":{"line":495,"type":"if","locations":[{"start":{"line":495,"column":32},"end":{"line":495,"column":32}},{"start":{"line":495,"column":32},"end":{"line":495,"column":32}}]},"92":{"line":506,"type":"if","locations":[{"start":{"line":506,"column":8},"end":{"line":506,"column":8}},{"start":{"line":506,"column":8},"end":{"line":506,"column":8}}]}}},
"contracts/interfaces/IEscrowFactory.sol":{"l":{},"path":"/home/runner/workspace/contracts/interfaces/IEscrowFactory.sol","s":{},"b":{},"f":{},"fnMap":{},"statementMap":{},"branchMap":{}},
"contracts/interfaces/IPropertyEscrow.sol":{"l":{},"path":"/home/runner/workspace/contracts/interfaces/IPropertyEscrow.sol","s":{},"b":{},"f":{},"fnMap":{},"statementMap":{},"branchMap":{}},
"contracts/libraries/EscrowStructs.sol":{"l":{},"path":"/home/runner/workspace/contracts/libraries/EscrowStructs.sol","s":{},"b":{},"f":{},"fnMap":{},"statementMap":{},"branchMap":{}},
"contracts/mocks/MockERC20.sol":{"l":{"19":8,"20":8,"27":0,"34":0,"41":0,"48":0,"49":0},"path":"/home/runner/workspace/contracts/mocks/MockERC20.sol","s":{"1":8,"2":0,"3":0,"4":0,"5":0,"6":0},"b":{"1":[0,0]},"f":{"1":8,"2":0,"3":0,"4":0,"5":0},"fnMap":{"1":{"name":"constructor","line":18,"loc":{"start":{"line":14,"column":4},"end":{"line":21,"column":4}}},"2":{"name":"decimals","line":26,"loc":{"start":{"line":26,"column":4},"end":{"line":28,"column":4}}},"3":{"name":"mint","line":33,"loc":{"start":{"line":33,"column":4},"end":{"line":35,"column":4}}},"4":{"name":"burn","line":40,"loc":{"start":{"line":40,"column":4},"end":{"line":42,"column":4}}},"5":{"name":"burnFrom","line":47,"loc":{"start":{"line":47,"column":4},"end":{"line":50,"column":4}}}},"statementMap":{"1":{"start":{"line":20,"column":8},"end":{"line":20,"column":39}},"2":{"start":{"line":27,"column":8},"end":{"line":27,"column":24}},"3":{"start":{"line":34,"column":8},"end":{"line":34,"column":24}},"4":{"start":{"line":41,"column":8},"end":{"line":41,"column":32}},"5":{"start":{"line":48,"column":8},"end":{"line":48,"column":51}},"6":{"start":{"line":49,"column":8},"end":{"line":49,"column":29}}},"branchMap":{"1":{"line":33,"type":"if","locations":[{"start":{"line":33,"column":53},"end":{"line":33,"column":53}},{"start":{"line":33,"column":53},"end":{"line":33,"column":53}}]}}},
"contracts/upgradeable/EscrowFactoryUpgradeable.sol":{"l":{"58":0,"71":0,"72":0,"73":0,"74":0,"76":0,"77":0,"78":0,"79":0,"81":0,"82":0,"83":0,"84":0,"86":0,"87":0,"88":0,"89":0,"100":0,"101":0,"102":0,"103":0,"104":0,"105":0,"106":0,"109":0,"110":0,"113":0,"116":0,"119":0,"124":0,"128":0,"129":0,"132":0,"135":0,"136":0,"138":0,"147":0,"148":0,"158":0,"159":0,"160":0,"167":0,"168":0,"169":0,"176":0,"177":0,"178":0,"185":0,"186":0,"187":0,"194":0,"195":0,"196":0,"203":0,"204":0,"211":0,"218":0,"225":0,"232":0,"239":0,"247":0,"254":0},"path":"/home/runner/workspace/contracts/upgradeable/EscrowFactoryUpgradeable.sol","s":{"1":0,"2":0,"3":0,"4":0,"5":0,"6":0,"7":0,"8":0,"9":0,"10":0,"11":0,"12":0,"13":0,"14":0,"15":0,"16":0,"17":0,"18":0,"19":0,"20":0,"21":0,"22":0,"23":0,"24":0,"25":0,"26":0,"27":0,"28":0,"29":0,"30":0,"31":0,"32":0,"33":0,"34":0,"35":0,"36":0,"37":0,"38":0,"39":0,"40":0,"41":0,"42":0,"43":0,"44":0},"b":{"1":[0,0],"2":[0,0],"3":[0,0],"4":[0,0],"5":[0,0],"6":[0,0],"7":[0,0],"8":[0,0],"9":[0,0],"10":[0,0],"11":[0,0],"12":[0,0],"13":[0,0],"14":[0,0],"15":[0,0],"16":[0,0],"17":[0,0],"18":[0,0],"19":[0,0],"20":[0,0],"21":[0,0],"22":[0,0],"23":[0,0],"24":[0,0],"25":[0,0],"26":[0,0],"27":[0,0],"28":[0,0],"29":[0,0],"30":[0,0],"31":[0,0],"32":[0,0],"33":[0,0],"34":[0,0],"35":[0,0]},"f":{"1":0,"2":0,"3":0,"4":0,"5":0,"6":0,"7":0,"8":0,"9":0,"10":0,"11":0,"12":0,"13":0,"14":0,"15":0,"16":0,"17":0},"fnMap":{"1":{"name":"constructor","line":57,"loc":{"start":{"line":57,"column":4},"end":{"line":59,"column":4}}},"2":{"name":"initialize","line":70,"loc":{"start":{"line":64,"column":4},"end":{"line":91,"column":4}}},"3":{"name":"createEscrow","line":98,"loc":{"start":{"line":96,"column":4},"end":{"line":139,"column":4}}},"4":{"name":"setComplianceManager","line":146,"loc":{"start":{"line":144,"column":4},"end":{"line":149,"column":4}}},"5":{"name":"updateComplianceSettings","line":157,"loc":{"start":{"line":154,"column":4},"end":{"line":161,"column":4}}},"6":{"name":"whitelistToken","line":166,"loc":{"start":{"line":166,"column":4},"end":{"line":170,"column":4}}},"7":{"name":"setPlatformFee","line":175,"loc":{"start":{"line":175,"column":4},"end":{"line":179,"column":4}}},"8":{"name":"setDefaultAgent","line":184,"loc":{"start":{"line":184,"column":4},"end":{"line":188,"column":4}}},"9":{"name":"setDefaultArbiter","line":193,"loc":{"start":{"line":193,"column":4},"end":{"line":197,"column":4}}},"10":{"name":"getEscrowContract","line":202,"loc":{"start":{"line":202,"column":4},"end":{"line":205,"column":4}}},"11":{"name":"isTokenWhitelisted","line":210,"loc":{"start":{"line":210,"column":4},"end":{"line":212,"column":4}}},"12":{"name":"getDefaultAgent","line":217,"loc":{"start":{"line":217,"column":4},"end":{"line":219,"column":4}}},"13":{"name":"getDefaultArbiter","line":224,"loc":{"start":{"line":224,"column":4},"end":{"line":226,"column":4}}},"14":{"name":"pause","line":231,"loc":{"start":{"line":231,"column":4},"end":{"line":233,"column":4}}},"15":{"name":"unpause","line":238,"loc":{"start":{"line":238,"column":4},"end":{"line":240,"column":4}}},"16":{"name":"_authorizeUpgrade","line":245,"loc":{"start":{"line":245,"column":4},"end":{"line":248,"column":4}}},"17":{"name":"getVersion","line":253,"loc":{"start":{"line":253,"column":4},"end":{"line":255,"column":4}}}},"statementMap":{"1":{"start":{"line":58,"column":8},"end":{"line":58,"column":29}},"2":{"start":{"line":71,"column":8},"end":{"line":71,"column":23}},"3":{"start":{"line":72,"column":8},"end":{"line":72,"column":24}},"4":{"start":{"line":73,"column":8},"end":{"line":73,"column":31}},"5":{"start":{"line":74,"column":8},"end":{"line":74,"column":31}},"6":{"start":{"line":76,"column":8},"end":{"line":76,"column":72}},"7":{"start":{"line":77,"column":8},"end":{"line":77,"column":68}},"8":{"start":{"line":78,"column":8},"end":{"line":78,"column":72}},"9":{"start":{"line":79,"column":8},"end":{"line":79,"column":61}},"10":{"start":{"line":86,"column":8},"end":{"line":86,"column":2958}},"11":{"start":{"line":100,"column":8},"end":{"line":100,"column":67}},"12":{"start":{"line":101,"column":8},"end":{"line":101,"column":69}},"13":{"start":{"line":102,"column":8},"end":{"line":102,"column":74}},"14":{"start":{"line":103,"column":8},"end":{"line":103,"column":66}},"15":{"start":{"line":104,"column":8},"end":{"line":104,"column":79}},"16":{"start":{"line":105,"column":8},"end":{"line":105,"column":84}},"17":{"start":{"line":106,"column":8},"end":{"line":106,"column":101}},"18":{"start":{"line":109,"column":8},"end":{"line":109,"column":4080}},"19":{"start":{"line":110,"column":12},"end":{"line":110,"column":90}},"20":{"start":{"line":113,"column":12},"end":{"line":113,"column":86}},"21":{"start":{"line":116,"column":12},"end":{"line":116,"column":88}},"22":{"start":{"line":119,"column":12},"end":{"line":119,"column":4614}},"23":{"start":{"line":124,"column":12},"end":{"line":124,"column":33}},"24":{"start":{"line":132,"column":8},"end":{"line":132,"column":58}},"25":{"start":{"line":138,"column":8},"end":{"line":138,"column":81}},"26":{"start":{"line":148,"column":8},"end":{"line":148,"column":57}},"27":{"start":{"line":160,"column":8},"end":{"line":160,"column":60}},"28":{"start":{"line":167,"column":8},"end":{"line":167,"column":60}},"29":{"start":{"line":169,"column":8},"end":{"line":169,"column":49}},"30":{"start":{"line":176,"column":8},"end":{"line":176,"column":43}},"31":{"start":{"line":178,"column":8},"end":{"line":178,"column":36}},"32":{"start":{"line":185,"column":8},"end":{"line":185,"column":60}},"33":{"start":{"line":187,"column":8},"end":{"line":187,"column":35}},"34":{"start":{"line":194,"column":8},"end":{"line":194,"column":64}},"35":{"start":{"line":196,"column":8},"end":{"line":196,"column":39}},"36":{"start":{"line":203,"column":8},"end":{"line":203,"column":61}},"37":{"start":{"line":204,"column":8},"end":{"line":204,"column":40}},"38":{"start":{"line":211,"column":8},"end":{"line":211,"column":39}},"39":{"start":{"line":218,"column":8},"end":{"line":218,"column":27}},"40":{"start":{"line":225,"column":8},"end":{"line":225,"column":29}},"41":{"start":{"line":232,"column":8},"end":{"line":232,"column":15}},"42":{"start":{"line":239,"column":8},"end":{"line":239,"column":17}},"43":{"start":{"line":247,"column":8},"end":{"line":247,"column":81}},"44":{"start":{"line":254,"column":8},"end":{"line":254,"column":22}}},"branchMap":{"1":{"line":70,"type":"if","locations":[{"start":{"line":70,"column":13},"end":{"line":70,"column":13}},{"start":{"line":70,"column":13},"end":{"line":70,"column":13}}]},"2":{"line":76,"type":"if","locations":[{"start":{"line":76,"column":8},"end":{"line":76,"column":8}},{"start":{"line":76,"column":8},"end":{"line":76,"column":8}}]},"3":{"line":77,"type":"if","locations":[{"start":{"line":77,"column":8},"end":{"line":77,"column":8}},{"start":{"line":77,"column":8},"end":{"line":77,"column":8}}]},"4":{"line":78,"type":"if","locations":[{"start":{"line":78,"column":8},"end":{"line":78,"column":8}},{"start":{"line":78,"column":8},"end":{"line":78,"column":8}}]},"5":{"line":79,"type":"if","locations":[{"start":{"line":79,"column":8},"end":{"line":79,"column":8}},{"start":{"line":79,"column":8},"end":{"line":79,"column":8}}]},"6":{"line":86,"type":"if","locations":[{"start":{"line":86,"column":8},"end":{"line":86,"column":8}},{"start":{"line":86,"column":8},"end":{"line":86,"column":8}}]},"7":{"line":98,"type":"if","locations":[{"start":{"line":98,"column":15},"end":{"line":98,"column":15}},{"start":{"line":98,"column":15},"end":{"line":98,"column":15}}]},"8":{"line":98,"type":"if","locations":[{"start":{"line":98,"column":28},"end":{"line":98,"column":28}},{"start":{"line":98,"column":28},"end":{"line":98,"column":28}}]},"9":{"line":100,"type":"if","locations":[{"start":{"line":100,"column":8},"end":{"line":100,"column":8}},{"start":{"line":100,"column":8},"end":{"line":100,"column":8}}]},"10":{"line":101,"type":"if","locations":[{"start":{"line":101,"column":8},"end":{"line":101,"column":8}},{"start":{"line":101,"column":8},"end":{"line":101,"column":8}}]},"11":{"line":102,"type":"if","locations":[{"start":{"line":102,"column":8},"end":{"line":102,"column":8}},{"start":{"line":102,"column":8},"end":{"line":102,"column":8}}]},"12":{"line":103,"type":"if","locations":[{"start":{"line":103,"column":8},"end":{"line":103,"column":8}},{"start":{"line":103,"column":8},"end":{"line":103,"column":8}}]},"13":{"line":104,"type":"if","locations":[{"start":{"line":104,"column":8},"end":{"line":104,"column":8}},{"start":{"line":104,"column":8},"end":{"line":104,"column":8}}]},"14":{"line":105,"type":"if","locations":[{"start":{"line":105,"column":8},"end":{"line":105,"column":8}},{"start":{"line":105,"column":8},"end":{"line":105,"column":8}}]},"15":{"line":106,"type":"if","locations":[{"start":{"line":106,"column":8},"end":{"line":106,"column":8}},{"start":{"line":106,"column":8},"end":{"line":106,"column":8}}]},"16":{"line":109,"type":"if","locations":[{"start":{"line":109,"column":8},"end":{"line":109,"column":8}},{"start":{"line":109,"column":8},"end":{"line":109,"column":8}}]},"17":{"line":110,"type":"if","locations":[{"start":{"line":110,"column":12},"end":{"line":110,"column":12}},{"start":{"line":110,"column":12},"end":{"line":110,"column":12}}]},"18":{"line":113,"type":"if","locations":[{"start":{"line":113,"column":12},"end":{"line":113,"column":12}},{"start":{"line":113,"column":12},"end":{"line":113,"column":12}}]},"19":{"line":116,"type":"if","locations":[{"start":{"line":116,"column":12},"end":{"line":116,"column":12}},{"start":{"line":116,"column":12},"end":{"line":116,"column":12}}]},"20":{"line":124,"type":"if","locations":[{"start":{"line":124,"column":12},"end":{"line":124,"column":12}},{"start":{"line":124,"column":12},"end":{"line":124,"column":12}}]},"21":{"line":146,"type":"if","locations":[{"start":{"line":146,"column":15},"end":{"line":146,"column":15}},{"start":{"line":146,"column":15},"end":{"line":146,"column":15}}]},"22":{"line":157,"type":"if","locations":[{"start":{"line":157,"column":15},"end":{"line":157,"column":15}},{"start":{"line":157,"column":15},"end":{"line":157,"column":15}}]},"23":{"line":166,"type":"if","locations":[{"start":{"line":166,"column":70},"end":{"line":166,"column":70}},{"start":{"line":166,"column":70},"end":{"line":166,"column":70}}]},"24":{"line":167,"type":"if","locations":[{"start":{"line":167,"column":8},"end":{"line":167,"column":8}},{"start":{"line":167,"column":8},"end":{"line":167,"column":8}}]},"25":{"line":175,"type":"if","locations":[{"start":{"line":175,"column":50},"end":{"line":175,"column":50}},{"start":{"line":175,"column":50},"end":{"line":175,"column":50}}]},"26":{"line":176,"type":"if","locations":[{"start":{"line":176,"column":8},"end":{"line":176,"column":8}},{"start":{"line":176,"column":8},"end":{"line":176,"column":8}}]},"27":{"line":184,"type":"if","locations":[{"start":{"line":184,"column":53},"end":{"line":184,"column":53}},{"start":{"line":184,"column":53},"end":{"line":184,"column":53}}]},"28":{"line":185,"type":"if","locations":[{"start":{"line":185,"column":8},"end":{"line":185,"column":8}},{"start":{"line":185,"column":8},"end":{"line":185,"column":8}}]},"29":{"line":193,"type":"if","locations":[{"start":{"line":193,"column":57},"end":{"line":193,"column":57}},{"start":{"line":193,"column":57},"end":{"line":193,"column":57}}]},"30":{"line":194,"type":"if","locations":[{"start":{"line":194,"column":8},"end":{"line":194,"column":8}},{"start":{"line":194,"column":8},"end":{"line":194,"column":8}}]},"31":{"line":203,"type":"if","locations":[{"start":{"line":203,"column":8},"end":{"line":203,"column":8}},{"start":{"line":203,"column":8},"end":{"line":203,"column":8}}]},"32":{"line":231,"type":"if","locations":[{"start":{"line":231,"column":30},"end":{"line":231,"column":30}},{"start":{"line":231,"column":30},"end":{"line":231,"column":30}}]},"33":{"line":238,"type":"if","locations":[{"start":{"line":238,"column":32},"end":{"line":238,"column":32}},{"start":{"line":238,"column":32},"end":{"line":238,"column":32}}]},"34":{"line":245,"type":"if","locations":[{"start":{"line":245,"column":76},"end":{"line":245,"column":76}},{"start":{"line":245,"column":76},"end":{"line":245,"column":76}}]},"35":{"line":247,"type":"if","locations":[{"start":{"line":247,"column":8},"end":{"line":247,"column":8}},{"start":{"line":247,"column":8},"end":{"line":247,"column":8}}]}}}}
