TN:
SF:/home/runner/workspace/contracts/compliance/ComplianceManager.sol
FN:99,constructor
FN:122,createComplianceRecord
FN:153,isCompliant
FN:191,validateTransaction
FN:229,updateComplianceStatus
FN:246,_determineComplianceStatus
FN:273,_getExpiryPeriod
FNF:7
FNH:6
FNDA:8,constructor
FNDA:4,createComplianceRecord
FNDA:4,isCompliant
FNDA:1,validateTransaction
FNDA:0,updateComplianceStatus
FNDA:4,_determineComplianceStatus
FNDA:4,_getExpiryPeriod
DA:100,8
DA:101,8
DA:104,8
DA:105,8
DA:106,8
DA:107,8
DA:108,8
DA:123,4
DA:124,4
DA:125,4
DA:127,4
DA:129,4
DA:130,4
DA:132,4
DA:133,4
DA:134,4
DA:135,4
DA:136,4
DA:137,4
DA:138,4
DA:139,4
DA:140,4
DA:141,4
DA:143,4
DA:145,4
DA:146,4
DA:154,4
DA:155,0
DA:158,4
DA:161,4
DA:162,0
DA:166,4
DA:167,1
DA:171,3
DA:172,0
DA:176,3
DA:177,0
DA:181,3
DA:182,0
DA:185,3
DA:197,1
DA:198,0
DA:202,1
DA:203,0
DA:210,1
DA:211,0
DA:215,1
DA:216,0
DA:219,1
DA:230,0
DA:231,0
DA:233,0
DA:234,0
DA:236,0
DA:238,0
DA:239,0
DA:253,4
DA:254,1
DA:258,3
DA:259,0
DA:263,3
DA:264,3
DA:267,0
DA:278,4
DA:279,0
DA:283,4
DA:284,0
DA:288,4
LF:68
LH:48
BRDA:122,1,0,4
BRDA:122,1,1,0
BRDA:123,2,0,4
BRDA:123,2,1,0
BRDA:124,3,0,4
BRDA:124,3,1,0
BRDA:125,4,0,4
BRDA:125,4,1,0
BRDA:145,5,0,4
BRDA:145,5,1,0
BRDA:154,6,0,0
BRDA:154,6,1,4
BRDA:161,7,0,0
BRDA:161,7,1,4
BRDA:166,8,0,1
BRDA:166,8,1,3
BRDA:171,9,0,0
BRDA:171,9,1,3
BRDA:176,10,0,0
BRDA:176,10,1,3
BRDA:181,11,0,0
BRDA:181,11,1,3
BRDA:197,12,0,0
BRDA:197,12,1,1
BRDA:202,13,0,0
BRDA:202,13,1,1
BRDA:210,14,0,0
BRDA:210,14,1,1
BRDA:215,15,0,0
BRDA:215,15,1,1
BRDA:229,16,0,0
BRDA:229,16,1,0
BRDA:231,17,0,0
BRDA:231,17,1,0
BRDA:238,18,0,0
BRDA:238,18,1,0
BRDA:238,19,0,0
BRDA:238,19,1,0
BRDA:253,20,0,1
BRDA:253,20,1,3
BRDA:253,21,0,1
BRDA:253,21,1,0
BRDA:258,22,0,0
BRDA:258,22,1,3
BRDA:258,23,0,0
BRDA:258,23,1,0
BRDA:263,24,0,3
BRDA:263,24,1,0
BRDA:278,25,0,0
BRDA:278,25,1,4
BRDA:283,26,0,0
BRDA:283,26,1,4
BRDA:283,27,0,0
BRDA:283,27,1,0
BRF:54
BRH:23
end_of_record
TN:
SF:/home/runner/workspace/contracts/compliance/IComplianceManager.sol
FNF:0
FNH:0
LF:0
LH:0
BRF:0
BRH:0
end_of_record
TN:
SF:/home/runner/workspace/contracts/core/EscrowFactory.sol
FN:37,constructor
FN:55,createEscrow
FN:104,setDefaultAgent
FN:113,setDefaultArbiter
FN:122,setPlatformFee
FN:133,whitelistToken
FN:144,getEscrowContract
FN:154,isTokenWhitelisted
FN:162,getDefaultAgent
FN:170,getDefaultArbiter
FN:178,getPlatformFee
FN:186,getTotalEscrowContracts
FNF:12
FNH:8
FNDA:8,constructor
FNDA:5,createEscrow
FNDA:0,setDefaultAgent
FNDA:0,setDefaultArbiter
FNDA:0,setPlatformFee
FNDA:8,whitelistToken
FNDA:5,getEscrowContract
FNDA:1,isTokenWhitelisted
FNDA:1,getDefaultAgent
FNDA:1,getDefaultArbiter
FNDA:1,getPlatformFee
FNDA:0,getTotalEscrowContracts
DA:38,8
DA:39,8
DA:41,8
DA:42,8
DA:43,8
DA:44,8
DA:57,5
DA:60,5
DA:61,5
DA:62,0
DA:64,5
DA:65,0
DA:67,5
DA:68,0
DA:72,5
DA:73,5
DA:76,5
DA:79,5
DA:80,5
DA:82,5
DA:83,5
DA:87,5
DA:90,5
DA:91,5
DA:95,5
DA:97,5
DA:105,0
DA:106,0
DA:114,0
DA:115,0
DA:123,0
DA:124,0
DA:125,0
DA:134,8
DA:135,8
DA:136,8
DA:145,5
DA:146,5
DA:155,1
DA:163,1
DA:171,1
DA:179,1
DA:187,0
LF:43
LH:32
BRDA:38,1,0,8
BRDA:38,1,1,0
BRDA:39,2,0,8
BRDA:39,2,1,0
BRDA:55,3,0,5
BRDA:55,3,1,0
BRDA:57,4,0,5
BRDA:57,4,1,0
BRDA:61,5,0,0
BRDA:61,5,1,5
BRDA:64,6,0,0
BRDA:64,6,1,5
BRDA:67,7,0,0
BRDA:67,7,1,5
BRDA:79,8,0,5
BRDA:79,8,1,0
BRDA:82,9,0,5
BRDA:82,9,1,0
BRDA:104,10,0,0
BRDA:104,10,1,0
BRDA:113,11,0,0
BRDA:113,11,1,0
BRDA:122,12,0,0
BRDA:122,12,1,0
BRDA:123,13,0,0
BRDA:123,13,1,0
BRDA:133,14,0,8
BRDA:133,14,1,1
BRDA:134,15,0,8
BRDA:134,15,1,0
BRDA:145,16,0,5
BRDA:145,16,1,0
BRF:32
BRH:13
end_of_record
TN:
SF:/home/runner/workspace/contracts/core/PropertyEscrow.sol
FN:40,onlyEscrowParticipant
FN:53,onlyValidEscrow
FN:58,onlyInState
FN:63,constructor
FN:81,createEscrow
FN:127,depositFunds
FN:156,completeVerification
FN:182,giveApproval
FN:209,approveRelease
FN:243,releaseFunds
FN:283,raiseDispute
FN:326,resolveDispute
FN:363,refundBuyer
FN:373,_refundBuyer
FN:402,cancelEscrow
FN:417,canReleaseFunds
FN:438,getEscrow
FN:453,getEscrowState
FN:463,getTotalEscrows
FN:472,whitelistToken
FN:480,setPlatformFee
FN:488,pause
FN:495,unpause
FN:506,emergencyTokenRecovery
FNF:24
FNH:14
FNDA:1,onlyEscrowParticipant
FNDA:7,onlyValidEscrow
FNDA:5,onlyInState
FNDA:6,constructor
FNDA:5,createEscrow
FNDA:2,depositFunds
FNDA:1,completeVerification
FNDA:0,giveApproval
FNDA:4,approveRelease
FNDA:1,releaseFunds
FNDA:1,raiseDispute
FNDA:1,resolveDispute
FNDA:0,refundBuyer
FNDA:1,_refundBuyer
FNDA:0,cancelEscrow
FNDA:1,canReleaseFunds
FNDA:0,getEscrow
FNDA:0,getEscrowState
FNDA:0,getTotalEscrows
FNDA:5,whitelistToken
FNDA:0,setPlatformFee
FNDA:0,pause
FNDA:0,unpause
FNDA:0,emergencyTokenRecovery
DA:41,1
DA:42,1
DA:50,1
DA:54,7
DA:55,7
DA:59,5
DA:60,5
DA:64,6
DA:65,6
DA:67,6
DA:68,6
DA:70,6
DA:71,6
DA:83,5
DA:84,5
DA:85,5
DA:86,5
DA:87,5
DA:88,5
DA:89,5
DA:90,5
DA:91,5
DA:93,5
DA:96,5
DA:97,5
DA:98,5
DA:99,5
DA:100,5
DA:101,5
DA:102,5
DA:103,5
DA:104,5
DA:105,5
DA:106,5
DA:107,5
DA:108,5
DA:109,5
DA:110,5
DA:112,5
DA:114,5
DA:129,2
DA:131,2
DA:132,2
DA:135,2
DA:141,2
DA:143,2
DA:158,1
DA:160,1
DA:164,1
DA:166,1
DA:167,1
DA:169,1
DA:184,0
DA:185,0
DA:187,0
DA:188,0
DA:189,0
DA:190,0
DA:192,0
DA:193,0
DA:194,0
DA:196,0
DA:197,0
DA:198,0
DA:200,0
DA:203,0
DA:211,4
DA:212,4
DA:214,4
DA:215,1
DA:216,1
DA:217,1
DA:219,2
DA:220,2
DA:221,2
DA:223,1
DA:224,1
DA:225,1
DA:227,0
DA:230,4
DA:245,1
DA:247,1
DA:250,1
DA:251,1
DA:252,1
DA:254,1
DA:257,1
DA:259,1
DA:260,1
DA:263,1
DA:264,1
DA:267,1
DA:269,1
DA:285,1
DA:287,1
DA:292,1
DA:294,1
DA:295,1
DA:298,1
DA:307,1
DA:328,1
DA:330,1
DA:336,1
DA:337,1
DA:338,1
DA:339,1
DA:341,1
DA:342,1
DA:345,0
DA:346,0
DA:347,0
DA:348,0
DA:351,1
DA:365,0
DA:366,0
DA:374,1
DA:376,1
DA:383,1
DA:386,1
DA:388,1
DA:404,0
DA:405,0
DA:420,1
DA:422,1
DA:441,0
DA:456,0
DA:464,0
DA:473,5
DA:481,0
DA:482,0
DA:489,0
DA:496,0
DA:508,0
LF:133
LH:102
BRDA:42,1,0,1
BRDA:42,1,1,0
BRDA:43,2,0,1
BRDA:43,2,1,0
BRDA:43,3,0,0
BRDA:43,3,1,0
BRDA:43,4,0,0
BRDA:43,4,1,0
BRDA:43,5,0,0
BRDA:43,5,1,0
BRDA:54,6,0,7
BRDA:54,6,1,0
BRDA:59,7,0,5
BRDA:59,7,1,0
BRDA:64,8,0,6
BRDA:64,8,1,0
BRDA:65,9,0,6
BRDA:65,9,1,0
BRDA:81,10,0,5
BRDA:81,10,1,0
BRDA:81,11,0,5
BRDA:81,11,1,0
BRDA:83,12,0,5
BRDA:83,12,1,0
BRDA:84,13,0,5
BRDA:84,13,1,0
BRDA:85,14,0,5
BRDA:85,14,1,0
BRDA:86,15,0,5
BRDA:86,15,1,0
BRDA:87,16,0,5
BRDA:87,16,1,0
BRDA:88,17,0,5
BRDA:88,17,1,0
BRDA:89,18,0,5
BRDA:89,18,1,0
BRDA:90,19,0,5
BRDA:90,19,1,0
BRDA:91,20,0,5
BRDA:91,20,1,0
BRDA:124,21,0,2
BRDA:124,21,1,0
BRDA:125,22,0,2
BRDA:125,22,1,0
BRDA:126,23,0,2
BRDA:126,23,1,0
BRDA:127,24,0,2
BRDA:127,24,1,0
BRDA:131,25,0,2
BRDA:131,25,1,0
BRDA:132,26,0,2
BRDA:132,26,1,0
BRDA:153,27,0,1
BRDA:153,27,1,0
BRDA:154,28,0,1
BRDA:154,28,1,0
BRDA:155,29,0,1
BRDA:155,29,1,0
BRDA:156,30,0,1
BRDA:156,30,1,0
BRDA:160,31,0,1
BRDA:160,31,1,0
BRDA:161,32,0,1
BRDA:161,32,1,0
BRDA:164,33,0,1
BRDA:164,33,1,0
BRDA:179,34,0,0
BRDA:179,34,1,0
BRDA:180,35,0,0
BRDA:180,35,1,0
BRDA:181,36,0,0
BRDA:181,36,1,0
BRDA:182,37,0,0
BRDA:182,37,1,0
BRDA:187,38,0,0
BRDA:187,38,1,0
BRDA:188,39,0,0
BRDA:188,39,1,0
BRDA:191,40,0,0
BRDA:191,40,1,0
BRDA:192,41,0,0
BRDA:192,41,1,0
BRDA:195,42,0,0
BRDA:195,42,1,0
BRDA:196,43,0,0
BRDA:196,43,1,0
BRDA:214,44,0,1
BRDA:214,44,1,3
BRDA:215,45,0,1
BRDA:215,45,1,0
BRDA:218,46,0,2
BRDA:218,46,1,1
BRDA:219,47,0,2
BRDA:219,47,1,0
BRDA:222,48,0,1
BRDA:222,48,1,0
BRDA:223,49,0,1
BRDA:223,49,1,0
BRDA:240,50,0,1
BRDA:240,50,1,0
BRDA:241,51,0,1
BRDA:241,51,1,0
BRDA:242,52,0,1
BRDA:242,52,1,0
BRDA:243,53,0,1
BRDA:243,53,1,0
BRDA:245,54,0,1
BRDA:245,54,1,0
BRDA:259,55,0,1
BRDA:259,55,1,0
BRDA:263,56,0,1
BRDA:263,56,1,0
BRDA:280,57,0,1
BRDA:280,57,1,0
BRDA:281,58,0,1
BRDA:281,58,1,0
BRDA:282,59,0,1
BRDA:282,59,1,0
BRDA:283,60,0,1
BRDA:283,60,1,0
BRDA:287,61,0,1
BRDA:287,61,1,0
BRDA:288,62,0,1
BRDA:288,62,1,0
BRDA:292,63,0,1
BRDA:292,63,1,0
BRDA:323,64,0,1
BRDA:323,64,1,0
BRDA:324,65,0,1
BRDA:324,65,1,0
BRDA:325,66,0,1
BRDA:325,66,1,0
BRDA:326,67,0,1
BRDA:326,67,1,0
BRDA:330,68,0,1
BRDA:330,68,1,0
BRDA:331,69,0,1
BRDA:331,69,1,0
BRDA:341,70,0,1
BRDA:341,70,1,0
BRDA:361,71,0,0
BRDA:361,71,1,0
BRDA:362,72,0,0
BRDA:362,72,1,0
BRDA:363,73,0,0
BRDA:363,73,1,0
BRDA:365,74,0,0
BRDA:365,74,1,0
BRDA:376,75,0,1
BRDA:376,75,1,0
BRDA:377,76,0,0
BRDA:377,76,1,1
BRDA:377,77,0,1
BRDA:377,77,1,0
BRDA:398,78,0,0
BRDA:398,78,1,0
BRDA:399,79,0,0
BRDA:399,79,1,0
BRDA:400,80,0,0
BRDA:400,80,1,0
BRDA:401,81,0,0
BRDA:401,81,1,0
BRDA:402,82,0,0
BRDA:402,82,1,0
BRDA:417,83,0,1
BRDA:417,83,1,0
BRDA:426,84,0,0
BRDA:426,84,1,1
BRDA:438,85,0,0
BRDA:438,85,1,0
BRDA:453,86,0,0
BRDA:453,86,1,0
BRDA:472,87,0,5
BRDA:472,87,1,0
BRDA:480,88,0,0
BRDA:480,88,1,0
BRDA:481,89,0,0
BRDA:481,89,1,0
BRDA:488,90,0,0
BRDA:488,90,1,0
BRDA:495,91,0,0
BRDA:495,91,1,0
BRDA:506,92,0,0
BRDA:506,92,1,0
BRF:184
BRH:65
end_of_record
TN:
SF:/home/runner/workspace/contracts/interfaces/IEscrowFactory.sol
FNF:0
FNH:0
LF:0
LH:0
BRF:0
BRH:0
end_of_record
TN:
SF:/home/runner/workspace/contracts/interfaces/IPropertyEscrow.sol
FNF:0
FNH:0
LF:0
LH:0
BRF:0
BRH:0
end_of_record
TN:
SF:/home/runner/workspace/contracts/libraries/EscrowStructs.sol
FNF:0
FNH:0
LF:0
LH:0
BRF:0
BRH:0
end_of_record
TN:
SF:/home/runner/workspace/contracts/mocks/MockERC20.sol
FN:18,constructor
FN:26,decimals
FN:33,mint
FN:40,burn
FN:47,burnFrom
FNF:5
FNH:1
FNDA:8,constructor
FNDA:0,decimals
FNDA:0,mint
FNDA:0,burn
FNDA:0,burnFrom
DA:19,8
DA:20,8
DA:27,0
DA:34,0
DA:41,0
DA:48,0
DA:49,0
LF:7
LH:2
BRDA:33,1,0,0
BRDA:33,1,1,0
BRF:2
BRH:0
end_of_record
TN:
SF:/home/runner/workspace/contracts/upgradeable/EscrowFactoryUpgradeable.sol
FN:57,constructor
FN:70,initialize
FN:98,createEscrow
FN:146,setComplianceManager
FN:157,updateComplianceSettings
FN:166,whitelistToken
FN:175,setPlatformFee
FN:184,setDefaultAgent
FN:193,setDefaultArbiter
FN:202,getEscrowContract
FN:210,isTokenWhitelisted
FN:217,getDefaultAgent
FN:224,getDefaultArbiter
FN:231,pause
FN:238,unpause
FN:245,_authorizeUpgrade
FN:253,getVersion
FNF:17
FNH:0
FNDA:0,constructor
FNDA:0,initialize
FNDA:0,createEscrow
FNDA:0,setComplianceManager
FNDA:0,updateComplianceSettings
FNDA:0,whitelistToken
FNDA:0,setPlatformFee
FNDA:0,setDefaultAgent
FNDA:0,setDefaultArbiter
FNDA:0,getEscrowContract
FNDA:0,isTokenWhitelisted
FNDA:0,getDefaultAgent
FNDA:0,getDefaultArbiter
FNDA:0,pause
FNDA:0,unpause
FNDA:0,_authorizeUpgrade
FNDA:0,getVersion
DA:58,0
DA:71,0
DA:72,0
DA:73,0
DA:74,0
DA:76,0
DA:77,0
DA:78,0
DA:79,0
DA:81,0
DA:82,0
DA:83,0
DA:84,0
DA:86,0
DA:87,0
DA:88,0
DA:89,0
DA:100,0
DA:101,0
DA:102,0
DA:103,0
DA:104,0
DA:105,0
DA:106,0
DA:109,0
DA:110,0
DA:113,0
DA:116,0
DA:119,0
DA:124,0
DA:128,0
DA:129,0
DA:132,0
DA:135,0
DA:136,0
DA:138,0
DA:147,0
DA:148,0
DA:158,0
DA:159,0
DA:160,0
DA:167,0
DA:168,0
DA:169,0
DA:176,0
DA:177,0
DA:178,0
DA:185,0
DA:186,0
DA:187,0
DA:194,0
DA:195,0
DA:196,0
DA:203,0
DA:204,0
DA:211,0
DA:218,0
DA:225,0
DA:232,0
DA:239,0
DA:247,0
DA:254,0
LF:62
LH:0
BRDA:70,1,0,0
BRDA:70,1,1,0
BRDA:76,2,0,0
BRDA:76,2,1,0
BRDA:77,3,0,0
BRDA:77,3,1,0
BRDA:78,4,0,0
BRDA:78,4,1,0
BRDA:79,5,0,0
BRDA:79,5,1,0
BRDA:86,6,0,0
BRDA:86,6,1,0
BRDA:98,7,0,0
BRDA:98,7,1,0
BRDA:98,8,0,0
BRDA:98,8,1,0
BRDA:100,9,0,0
BRDA:100,9,1,0
BRDA:101,10,0,0
BRDA:101,10,1,0
BRDA:102,11,0,0
BRDA:102,11,1,0
BRDA:103,12,0,0
BRDA:103,12,1,0
BRDA:104,13,0,0
BRDA:104,13,1,0
BRDA:105,14,0,0
BRDA:105,14,1,0
BRDA:106,15,0,0
BRDA:106,15,1,0
BRDA:109,16,0,0
BRDA:109,16,1,0
BRDA:110,17,0,0
BRDA:110,17,1,0
BRDA:113,18,0,0
BRDA:113,18,1,0
BRDA:116,19,0,0
BRDA:116,19,1,0
BRDA:124,20,0,0
BRDA:124,20,1,0
BRDA:146,21,0,0
BRDA:146,21,1,0
BRDA:157,22,0,0
BRDA:157,22,1,0
BRDA:166,23,0,0
BRDA:166,23,1,0
BRDA:167,24,0,0
BRDA:167,24,1,0
BRDA:175,25,0,0
BRDA:175,25,1,0
BRDA:176,26,0,0
BRDA:176,26,1,0
BRDA:184,27,0,0
BRDA:184,27,1,0
BRDA:185,28,0,0
BRDA:185,28,1,0
BRDA:193,29,0,0
BRDA:193,29,1,0
BRDA:194,30,0,0
BRDA:194,30,1,0
BRDA:203,31,0,0
BRDA:203,31,1,0
BRDA:231,32,0,0
BRDA:231,32,1,0
BRDA:238,33,0,0
BRDA:238,33,1,0
BRDA:245,34,0,0
BRDA:245,34,1,0
BRDA:247,35,0,0
BRDA:247,35,1,0
BRF:70
BRH:0
end_of_record
